載入模型與處理器: google/gemma-3-4b-it ...
HTTP Request: HEAD https://huggingface.co/google/gemma-3-4b-it/resolve/main/processor_config.json "HTTP/1.1 200 OK"
HTTP Request: GET https://huggingface.co/api/models/google/gemma-3-4b-it/tree/main/additional_chat_templates?recursive=false&expand=false "HTTP/1.1 404 Not Found"
HTTP Request: HEAD https://huggingface.co/google/gemma-3-4b-it/resolve/main/processor_config.json "HTTP/1.1 200 OK"
HTTP Request: HEAD https://huggingface.co/google/gemma-3-4b-it/resolve/main/chat_template.json "HTTP/1.1 200 OK"
HTTP Request: HEAD https://huggingface.co/google/gemma-3-4b-it/resolve/main/chat_template.jinja "HTTP/1.1 404 Not Found"
HTTP Request: HEAD https://huggingface.co/google/gemma-3-4b-it/resolve/main/audio_tokenizer_config.json "HTTP/1.1 404 Not Found"
HTTP Request: GET https://huggingface.co/api/models/google/gemma-3-4b-it/tree/main/additional_chat_templates?recursive=false&expand=false "HTTP/1.1 404 Not Found"
HTTP Request: HEAD https://huggingface.co/google/gemma-3-4b-it/resolve/main/processor_config.json "HTTP/1.1 200 OK"
HTTP Request: HEAD https://huggingface.co/google/gemma-3-4b-it/resolve/main/chat_template.json "HTTP/1.1 200 OK"
HTTP Request: HEAD https://huggingface.co/google/gemma-3-4b-it/resolve/main/chat_template.jinja "HTTP/1.1 404 Not Found"
HTTP Request: HEAD https://huggingface.co/google/gemma-3-4b-it/resolve/main/audio_tokenizer_config.json "HTTP/1.1 404 Not Found"
HTTP Request: HEAD https://huggingface.co/google/gemma-3-4b-it/resolve/main/processor_config.json "HTTP/1.1 200 OK"
HTTP Request: HEAD https://huggingface.co/google/gemma-3-4b-it/resolve/main/preprocessor_config.json "HTTP/1.1 200 OK"
HTTP Request: HEAD https://huggingface.co/google/gemma-3-4b-it/resolve/main/processor_config.json "HTTP/1.1 200 OK"
HTTP Request: HEAD https://huggingface.co/google/gemma-3-4b-it/resolve/main/preprocessor_config.json "HTTP/1.1 200 OK"
HTTP Request: HEAD https://huggingface.co/google/gemma-3-4b-it/resolve/main/config.json "HTTP/1.1 200 OK"
HTTP Request: HEAD https://huggingface.co/google/gemma-3-4b-it/resolve/main/tokenizer_config.json "HTTP/1.1 200 OK"
HTTP Request: GET https://huggingface.co/api/models/google/gemma-3-4b-it/tree/main/additional_chat_templates?recursive=false&expand=false "HTTP/1.1 404 Not Found"
HTTP Request: GET https://huggingface.co/api/models/google/gemma-3-4b-it/tree/main?recursive=true&expand=false "HTTP/1.1 200 OK"
HTTP Request: GET https://huggingface.co/api/models/google/gemma-3-4b-it "HTTP/1.1 200 OK"
HTTP Request: HEAD https://huggingface.co/google/gemma-3-4b-it/resolve/main/config.json "HTTP/1.1 200 OK"
HTTP Request: HEAD https://huggingface.co/google/gemma-3-4b-it/resolve/main/generation_config.json "HTTP/1.1 200 OK"
從 falling_off_bike 尋找，共找到 45 支影片。
開始測試，隨機抽取 45 支影片進行推論...
==================================================
[1/45] 處理影片: falling_off_bike/falling_off_bike_u386WjrxTuM.mp4
開始生成回答...
⏱️ 耗時: 1.04 秒
⚡ 速度: 9.61 tokens/sec (10 tokens)
🤖 模型回答:
Boy jumps into a pool on a bicycle.
------------------------------
==================================================
[2/45] 處理影片: falling_off_bike/falling_off_bike_-c0s5FYBWTQ.mp4
開始生成回答...
⏱️ 耗時: 0.71 秒
⚡ 速度: 15.55 tokens/sec (11 tokens)
🤖 模型回答:
A child falls off a bicycle on a street.
------------------------------
==================================================
[3/45] 處理影片: falling_off_bike/falling_off_bike_AVLCPu4UaPE.mp4
開始生成回答...
⏱️ 耗時: 0.69 秒
⚡ 速度: 14.59 tokens/sec (10 tokens)
🤖 模型回答:
Child falls off bike while attempting a stunt.
------------------------------
==================================================
[4/45] 處理影片: falling_off_bike/falling_off_bike_4kU-hbhQ9is.mp4
開始生成回答...
⏱️ 耗時: 0.66 秒
⚡ 速度: 13.68 tokens/sec (9 tokens)
🤖 模型回答:
Person riding a bike down a street.
------------------------------
==================================================
[5/45] 處理影片: falling_off_bike/falling_off_bike_QXlLnjld17U.mp4
開始生成回答...
⏱️ 耗時: 0.69 秒
⚡ 速度: 14.53 tokens/sec (10 tokens)
🤖 模型回答:
Boy falls off bike while learning to ride.
------------------------------
==================================================
[6/45] 處理影片: falling_off_bike/falling_off_bike_WWjDVZAIxrA.mp4
開始生成回答...
⏱️ 耗時: 0.70 秒
⚡ 速度: 15.61 tokens/sec (11 tokens)
🤖 模型回答:
Bicycle riders attempting stunts in a wooded area.
------------------------------
==================================================
[7/45] 處理影片: falling_off_bike/falling_off_bike_RluniDxJ-io.mp4
開始生成回答...
⏱️ 耗時: 0.68 秒
⚡ 速度: 14.63 tokens/sec (10 tokens)
🤖 模型回答:
Person falls down a muddy, sandy slope.
------------------------------
==================================================
[8/45] 處理影片: falling_off_bike/falling_off_bike_9EqDdRaHEZE.mp4
開始生成回答...
⏱️ 耗時: 0.71 秒
⚡ 速度: 15.52 tokens/sec (11 tokens)
🤖 模型回答:
Teenager crashes bike on flooded, submerged street.
------------------------------
==================================================
[9/45] 處理影片: falling_off_bike/falling_off_bike_vg4T4Ts3KdU.mp4
開始生成回答...
⏱️ 耗時: 0.73 秒
⚡ 速度: 16.37 tokens/sec (12 tokens)
🤖 模型回答:
Man riding a bike through a dusty, muddy terrain.
------------------------------
==================================================
[10/45] 處理影片: falling_off_bike/falling_off_bike_wWEnYiHzorg.mp4
開始生成回答...
⏱️ 耗時: 0.68 秒
⚡ 速度: 14.65 tokens/sec (10 tokens)
🤖 模型回答:
Child falls off bike in a muddy alley.
------------------------------
==================================================
[11/45] 處理影片: falling_off_bike/falling_off_bike_GcWGUxG-qYo.mp4
開始生成回答...
⏱️ 耗時: 0.73 秒
⚡ 速度: 16.46 tokens/sec (12 tokens)
🤖 模型回答:
ATV crash on a dirt trail, rider injured.
------------------------------
==================================================
[12/45] 處理影片: falling_off_bike/falling_off_bike_Tl1a49pTtak.mp4
開始生成回答...
⏱️ 耗時: 0.74 秒
⚡ 速度: 16.24 tokens/sec (12 tokens)
🤖 模型回答:
Cyclist falls, injured, near a cracked pavement.
------------------------------
==================================================
[13/45] 處理影片: falling_off_bike/falling_off_bike_SocGMDzqthw.mp4
開始生成回答...
⏱️ 耗時: 0.71 秒
⚡ 速度: 15.58 tokens/sec (11 tokens)
🤖 模型回答:
Cyclist is struck by a vehicle in traffic.
------------------------------
==================================================
[14/45] 處理影片: falling_off_bike/falling_off_bike_p8Jt6ROutMo.mp4
開始生成回答...
⏱️ 耗時: 0.68 秒
⚡ 速度: 14.65 tokens/sec (10 tokens)
🤖 模型回答:
Person jumps over a large mound in woods.
------------------------------
==================================================
[15/45] 處理影片: falling_off_bike/falling_off_bike_WGHj7LBp2t8.mp4
開始生成回答...
⏱️ 耗時: 0.70 秒
⚡ 速度: 15.65 tokens/sec (11 tokens)
🤖 模型回答:
Person falls off a wooden bridge in a park.
------------------------------
==================================================
[16/45] 處理影片: falling_off_bike/falling_off_bike_4VpUtUGcJzE.mp4
開始生成回答...
⏱️ 耗時: 0.66 秒
⚡ 速度: 13.67 tokens/sec (9 tokens)
🤖 模型回答:
Teenagers performing tricks on BMX bikes.
------------------------------
==================================================
[17/45] 處理影片: falling_off_bike/falling_off_bike_QcutxgXwENE.mp4
開始生成回答...
⏱️ 耗時: 0.74 秒
⚡ 速度: 16.32 tokens/sec (12 tokens)
🤖 模型回答:
Mountain biker crashes, flips over bike in grassy terrain.
------------------------------
==================================================
[18/45] 處理影片: falling_off_bike/falling_off_bike_vz8oSbQi_mM.mp4
開始生成回答...
⏱️ 耗時: 0.73 秒
⚡ 速度: 16.39 tokens/sec (12 tokens)
🤖 模型回答:
Skater riding and performing tricks at a skate park.
------------------------------
==================================================
[19/45] 處理影片: falling_off_bike/falling_off_bike_AxMf6X5_A3A.mp4
開始生成回答...
⏱️ 耗時: 0.69 秒
⚡ 速度: 14.53 tokens/sec (10 tokens)
🤖 模型回答:
Person riding a bicycle on a paved path.
------------------------------
==================================================
[20/45] 處理影片: falling_off_bike/falling_off_bike_I10wpW-lYPM.mp4
開始生成回答...
⏱️ 耗時: 0.68 秒
⚡ 速度: 14.68 tokens/sec (10 tokens)
🤖 模型回答:
Child falls off bike in a grassy park.
------------------------------
==================================================
[21/45] 處理影片: falling_off_bike/falling_off_bike_GduBJtZHDGM.mp4
開始生成回答...
⏱️ 耗時: 0.68 秒
⚡ 速度: 14.63 tokens/sec (10 tokens)
🤖 模型回答:
People on bicycles colliding in a flooded area.
------------------------------
==================================================
[22/45] 處理影片: falling_off_bike/falling_off_bike_6bIMrpU6ils.mp4
開始生成回答...
⏱️ 耗時: 0.76 秒
⚡ 速度: 17.21 tokens/sec (13 tokens)
🤖 模型回答:
Child riding a three-wheeled vehicle down a rough road.
------------------------------
==================================================
[23/45] 處理影片: falling_off_bike/falling_off_bike_W8fpOGSD_7M.mp4
開始生成回答...
⏱️ 耗時: 0.68 秒
⚡ 速度: 14.62 tokens/sec (10 tokens)
🤖 模型回答:
Person falls off bicycle in a messy tumble.
------------------------------
==================================================
[24/45] 處理影片: falling_off_bike/falling_off_bike_GNjsTEp_J8E.mp4
開始生成回答...
⏱️ 耗時: 0.68 秒
⚡ 速度: 14.71 tokens/sec (10 tokens)
🤖 模型回答:
Person riding a bike on various wooden structures.
------------------------------
==================================================
[25/45] 處理影片: falling_off_bike/falling_off_bike_0uf2P7BX1vs.mp4
開始生成回答...
⏱️ 耗時: 0.68 秒
⚡ 速度: 14.65 tokens/sec (10 tokens)
🤖 模型回答:
Man attempts a bike jump on a trampoline.
------------------------------
==================================================
[26/45] 處理影片: falling_off_bike/falling_off_bike_ggi3XwH4vPo.mp4
開始生成回答...
⏱️ 耗時: 0.69 秒
⚡ 速度: 14.53 tokens/sec (10 tokens)
🤖 模型回答:
Man struggling to ride a bike through mud.
------------------------------
==================================================
[27/45] 處理影片: falling_off_bike/falling_off_bike_k73Go_-hE-I.mp4
開始生成回答...
⏱️ 耗時: 0.66 秒
⚡ 速度: 13.55 tokens/sec (9 tokens)
🤖 模型回答:
Person falls after attempting a ramp jump.
------------------------------
==================================================
[28/45] 處理影片: falling_off_bike/falling_off_bike_rhCVjp71CRU.mp4
開始生成回答...
⏱️ 耗時: 0.69 秒
⚡ 速度: 14.54 tokens/sec (10 tokens)
🤖 模型回答:
Person falls off a dirt trail into water.
------------------------------
==================================================
[29/45] 處理影片: falling_off_bike/falling_off_bike_7qZvo1A3MRQ.mp4
開始生成回答...
⏱️ 耗時: 0.68 秒
⚡ 速度: 14.69 tokens/sec (10 tokens)
🤖 模型回答:
Person riding a bike through a muddy yard.
------------------------------
==================================================
[30/45] 處理影片: falling_off_bike/falling_off_bike_puUZXLmpJKI.mp4
開始生成回答...
⏱️ 耗時: 0.74 秒
⚡ 速度: 16.25 tokens/sec (12 tokens)
🤖 模型回答:
Person sliding down a grassy slope, wearing a helmet.
------------------------------
==================================================
[31/45] 處理影片: falling_off_bike/falling_off_bike_USCaphYBPOg.mp4
開始生成回答...
⏱️ 耗時: 0.68 秒
⚡ 速度: 14.62 tokens/sec (10 tokens)
🤖 模型回答:
Person falls off bicycle on a paved road.
------------------------------
==================================================
[32/45] 處理影片: falling_off_bike/falling_off_bike_W6M1Y_RYQIY.mp4
開始生成回答...
⏱️ 耗時: 0.67 秒
⚡ 速度: 13.53 tokens/sec (9 tokens)
🤖 模型回答:
Child falls off bike on a street.
------------------------------
==================================================
[33/45] 處理影片: falling_off_bike/falling_off_bike__9wbSErLcT4.mp4
開始生成回答...
⏱️ 耗時: 0.68 秒
⚡ 速度: 14.68 tokens/sec (10 tokens)
🤖 模型回答:
Child riding a bike down a narrow path.
------------------------------
==================================================
[34/45] 處理影片: falling_off_bike/falling_off_bike_Zt4pZsUXLwU.mp4
開始生成回答...
⏱️ 耗時: 0.70 秒
⚡ 速度: 15.62 tokens/sec (11 tokens)
🤖 模型回答:
Person riding a bike down a set of stairs.
------------------------------
==================================================
[35/45] 處理影片: falling_off_bike/falling_off_bike_G_w2dLWeQfY.mp4
開始生成回答...
⏱️ 耗時: 0.67 秒
⚡ 速度: 13.50 tokens/sec (9 tokens)
🤖 模型回答:
Person falls off bicycle on grassy area.
------------------------------
==================================================
[36/45] 處理影片: falling_off_bike/falling_off_bike_F5rWXJiw4Z4.mp4
開始生成回答...
⏱️ 耗時: 0.68 秒
⚡ 速度: 14.69 tokens/sec (10 tokens)
🤖 模型回答:
Mountain biker descends a muddy, forested trail.
------------------------------
==================================================
[37/45] 處理影片: falling_off_bike/falling_off_bike_4y0ujkNbul8.mp4
開始生成回答...
⏱️ 耗時: 0.71 秒
⚡ 速度: 15.59 tokens/sec (11 tokens)
🤖 模型回答:
Child falls off a ramp while riding a bike.
------------------------------
==================================================
[38/45] 處理影片: falling_off_bike/falling_off_bike_7PcdoivSB3w.mp4
開始生成回答...
⏱️ 耗時: 0.74 秒
⚡ 速度: 16.19 tokens/sec (12 tokens)
🤖 模型回答:
Teenager falls off a bike in a parking lot.
------------------------------
==================================================
[39/45] 處理影片: falling_off_bike/falling_off_bike_YawF29t8FRY.mp4
開始生成回答...
⏱️ 耗時: 0.68 秒
⚡ 速度: 14.63 tokens/sec (10 tokens)
🤖 模型回答:
Person falls off bicycle in a forest setting.
------------------------------
==================================================
[40/45] 處理影片: falling_off_bike/falling_off_bike_KZZ2ySZ2oC8.mp4
開始生成回答...
⏱️ 耗時: 0.68 秒
⚡ 速度: 14.67 tokens/sec (10 tokens)
🤖 模型回答:
Man falls off bike on a busy street.
------------------------------
==================================================
[41/45] 處理影片: falling_off_bike/falling_off_bike_qKScacoGAwE.mp4
開始生成回答...
⏱️ 耗時: 0.71 秒
⚡ 速度: 15.60 tokens/sec (11 tokens)
🤖 模型回答:
A man and child are falling off a bike.
------------------------------
==================================================
[42/45] 處理影片: falling_off_bike/falling_off_bike_Hrt2-YSJaBM.mp4
開始生成回答...
⏱️ 耗時: 0.69 秒
⚡ 速度: 14.47 tokens/sec (10 tokens)
🤖 模型回答:
Person falls off bicycle in flooded outdoor area.
------------------------------
==================================================
[43/45] 處理影片: falling_off_bike/falling_off_bike_ENfmLM2-ZDQ.mp4
開始生成回答...
⏱️ 耗時: 0.71 秒
⚡ 速度: 15.55 tokens/sec (11 tokens)
🤖 模型回答:
Cyclist struggles to cross flooded, rocky waterway.
------------------------------
==================================================
[44/45] 處理影片: falling_off_bike/falling_off_bike_0US_tIy2xAg.mp4
開始生成回答...
⏱️ 耗時: 0.66 秒
⚡ 速度: 13.59 tokens/sec (9 tokens)
🤖 模型回答:
Boy riding a bike over a ramp.
------------------------------
==================================================
[45/45] 處理影片: falling_off_bike/falling_off_bike_X5QyTM7XAjo.mp4
開始生成回答...
⏱️ 耗時: 0.68 秒
⚡ 速度: 14.63 tokens/sec (10 tokens)
🤖 模型回答:
Woman falls off bicycle in a comical way.
------------------------------

==================== 測試總結 ====================
成功處理影片數  : 45 / 45
總耗費時間      : 31.63 秒
總生成 Tokens 數: 470
平均每支影片耗時: 0.70 秒
整體生成速度    : 14.86 tokens/sec
詳細測試結果已隨時記錄於 gemma-3-4b-it/falling_off_bike.log
