載入模型與處理器: google/gemma-3-12b-it ...
HTTP Request: HEAD https://huggingface.co/google/gemma-3-12b-it/resolve/main/processor_config.json "HTTP/1.1 200 OK"
HTTP Request: GET https://huggingface.co/api/models/google/gemma-3-12b-it/tree/main/additional_chat_templates?recursive=false&expand=false "HTTP/1.1 404 Not Found"
HTTP Request: HEAD https://huggingface.co/google/gemma-3-12b-it/resolve/main/processor_config.json "HTTP/1.1 200 OK"
HTTP Request: HEAD https://huggingface.co/google/gemma-3-12b-it/resolve/main/chat_template.json "HTTP/1.1 200 OK"
HTTP Request: HEAD https://huggingface.co/google/gemma-3-12b-it/resolve/main/chat_template.jinja "HTTP/1.1 404 Not Found"
HTTP Request: HEAD https://huggingface.co/google/gemma-3-12b-it/resolve/main/audio_tokenizer_config.json "HTTP/1.1 404 Not Found"
HTTP Request: GET https://huggingface.co/api/models/google/gemma-3-12b-it/tree/main/additional_chat_templates?recursive=false&expand=false "HTTP/1.1 404 Not Found"
HTTP Request: HEAD https://huggingface.co/google/gemma-3-12b-it/resolve/main/processor_config.json "HTTP/1.1 200 OK"
HTTP Request: HEAD https://huggingface.co/google/gemma-3-12b-it/resolve/main/chat_template.json "HTTP/1.1 200 OK"
HTTP Request: HEAD https://huggingface.co/google/gemma-3-12b-it/resolve/main/chat_template.jinja "HTTP/1.1 404 Not Found"
HTTP Request: HEAD https://huggingface.co/google/gemma-3-12b-it/resolve/main/audio_tokenizer_config.json "HTTP/1.1 404 Not Found"
HTTP Request: HEAD https://huggingface.co/google/gemma-3-12b-it/resolve/main/processor_config.json "HTTP/1.1 200 OK"
HTTP Request: HEAD https://huggingface.co/google/gemma-3-12b-it/resolve/main/preprocessor_config.json "HTTP/1.1 200 OK"
HTTP Request: HEAD https://huggingface.co/google/gemma-3-12b-it/resolve/main/processor_config.json "HTTP/1.1 200 OK"
HTTP Request: HEAD https://huggingface.co/google/gemma-3-12b-it/resolve/main/preprocessor_config.json "HTTP/1.1 200 OK"
HTTP Request: HEAD https://huggingface.co/google/gemma-3-12b-it/resolve/main/config.json "HTTP/1.1 200 OK"
HTTP Request: HEAD https://huggingface.co/google/gemma-3-12b-it/resolve/main/tokenizer_config.json "HTTP/1.1 200 OK"
HTTP Request: GET https://huggingface.co/api/models/google/gemma-3-12b-it/tree/main/additional_chat_templates?recursive=false&expand=false "HTTP/1.1 404 Not Found"
HTTP Request: GET https://huggingface.co/api/models/google/gemma-3-12b-it/tree/main?recursive=true&expand=false "HTTP/1.1 200 OK"
HTTP Request: GET https://huggingface.co/api/models/google/gemma-3-12b-it "HTTP/1.1 200 OK"
HTTP Request: HEAD https://huggingface.co/google/gemma-3-12b-it/resolve/main/config.json "HTTP/1.1 200 OK"
HTTP Request: HEAD https://huggingface.co/google/gemma-3-12b-it/resolve/main/generation_config.json "HTTP/1.1 200 OK"
從 face_planting 尋找，共找到 46 支影片。
開始測試，隨機抽取 46 支影片進行推論...
==================================================
[1/46] 處理影片: face_planting/faceplanting_RhL1gAwe9K4.mp4
開始生成回答...
⏱️ 耗時: 3.93 秒
⚡ 速度: 3.82 tokens/sec (15 tokens)
🤖 模型回答:
A man performs a daring, upside-down hang on a trampoline.
------------------------------
==================================================
[2/46] 處理影片: face_planting/faceplanting_XmpAlvVJyfQ.mp4
開始生成回答...
⏱️ 耗時: 3.48 秒
⚡ 速度: 3.73 tokens/sec (13 tokens)
🤖 模型回答:
A snowboarder attempts a trick and falls in the snow.
------------------------------
==================================================
[3/46] 處理影片: face_planting/faceplanting__3Sd76OyNxo.mp4
開始生成回答...
⏱️ 耗時: 3.45 秒
⚡ 速度: 3.48 tokens/sec (12 tokens)
🤖 模型回答:
A person falls while sledding down a snowy hill.
------------------------------
==================================================
[4/46] 處理影片: face_planting/faceplanting_MaYeShN2k8I.mp4
開始生成回答...
⏱️ 耗時: 3.40 秒
⚡ 速度: 3.23 tokens/sec (11 tokens)
🤖 模型回答:
A boy falls while attempting a jump or trick.
------------------------------
==================================================
[5/46] 處理影片: face_planting/faceplanting_Kj725DEceik.mp4
開始生成回答...
⏱️ 耗時: 3.41 秒
⚡ 速度: 3.23 tokens/sec (11 tokens)
🤖 模型回答:
A person playfully throws a blanket over a bed.
------------------------------
==================================================
[6/46] 處理影片: face_planting/faceplanting_m84Zlf4UxK0.mp4
開始生成回答...
⏱️ 耗時: 3.53 秒
⚡ 速度: 3.97 tokens/sec (14 tokens)
🤖 模型回答:
Two boys navigate an obstacle course, one falling off a beam.
------------------------------
==================================================
[7/46] 處理影片: face_planting/faceplanting_Z-beIVl_wPs.mp4
開始生成回答...
⏱️ 耗時: 3.56 秒
⚡ 速度: 4.22 tokens/sec (15 tokens)
🤖 模型回答:
A person attempts a jump and falls face-first into the sand.
------------------------------
==================================================
[8/46] 處理影片: face_planting/faceplanting_M7fnZthnKv0.mp4
開始生成回答...
⏱️ 耗時: 3.48 秒
⚡ 速度: 3.73 tokens/sec (13 tokens)
🤖 模型回答:
A person on a skateboard falls and slides on the pavement.
------------------------------
==================================================
[9/46] 處理影片: face_planting/faceplanting_Q3LkU_qIANE.mp4
開始生成回答...
⏱️ 耗時: 3.34 秒
⚡ 速度: 2.70 tokens/sec (9 tokens)
🤖 模型回答:
Person falls while snowboarding in the snow.
------------------------------
==================================================
[10/46] 處理影片: face_planting/faceplanting_4FgYoZSabV0.mp4
開始生成回答...
⏱️ 耗時: 3.45 秒
⚡ 速度: 3.48 tokens/sec (12 tokens)
🤖 模型回答:
Mountain biker attempts a trick and crashes into the dirt.
------------------------------
==================================================
[11/46] 處理影片: face_planting/faceplanting_o5FiLY-wObk.mp4
開始生成回答...
⏱️ 耗時: 3.42 秒
⚡ 速度: 3.22 tokens/sec (11 tokens)
🤖 模型回答:
A man falls while running from a caiman.
------------------------------
==================================================
[12/46] 處理影片: face_planting/faceplanting_ZLFkNSl-XPw.mp4
開始生成回答...
⏱️ 耗時: 3.38 秒
⚡ 速度: 2.96 tokens/sec (10 tokens)
🤖 模型回答:
A student falls after a tire swing accident.
------------------------------
==================================================
[13/46] 處理影片: face_planting/faceplanting_wF-7CEJZ4w8.mp4
開始生成回答...
⏱️ 耗時: 3.45 秒
⚡ 速度: 3.48 tokens/sec (12 tokens)
🤖 模型回答:
A person performs a backflip in a large gym.
------------------------------
==================================================
[14/46] 處理影片: face_planting/faceplanting_X7ztDnayQAo.mp4
開始生成回答...
⏱️ 耗時: 4.04 秒
⚡ 速度: 6.92 tokens/sec (28 tokens)
🤖 模型回答:
Here's a description of the main action in under 10 words:

A man playfully throws a child off a trampoline.
------------------------------
==================================================
[15/46] 處理影片: face_planting/faceplanting_mk9eyW1bzAU.mp4
開始生成回答...
⏱️ 耗時: 3.53 秒
⚡ 速度: 3.97 tokens/sec (14 tokens)
🤖 模型回答:
Group of young men playfully wrestle in the surf on a beach.
------------------------------
==================================================
[16/46] 處理影片: face_planting/faceplanting_VO37FL6Qo7c.mp4
開始生成回答...
⏱️ 耗時: 3.52 秒
⚡ 速度: 3.97 tokens/sec (14 tokens)
🤖 模型回答:
A child on a ride-on toy crashes into a ramp.
------------------------------
==================================================
[17/46] 處理影片: face_planting/faceplanting_nsjqgD_St9w.mp4
開始生成回答...
⏱️ 耗時: 3.45 秒
⚡ 速度: 3.48 tokens/sec (12 tokens)
🤖 模型回答:
A young child playfully dances and crawls around a room.
------------------------------
==================================================
[18/46] 處理影片: face_planting/faceplanting_Us1OJs0UxE0.mp4
開始生成回答...
⏱️ 耗時: 4.07 秒
⚡ 速度: 7.12 tokens/sec (29 tokens)
🤖 模型回答:
Here's a description of the main action in under 10 words:

A child is struggling on a bed near a door.
------------------------------
==================================================
[19/46] 處理影片: face_planting/faceplanting_piCD8qYAMVI.mp4
開始生成回答...
⏱️ 耗時: 3.42 秒
⚡ 速度: 3.21 tokens/sec (11 tokens)
🤖 模型回答:
A person slips and falls on a snowy field.
------------------------------
==================================================
[20/46] 處理影片: face_planting/faceplanting_TAG04GA-p_Q.mp4
開始生成回答...
⏱️ 耗時: 3.53 秒
⚡ 速度: 3.96 tokens/sec (14 tokens)
🤖 模型回答:
A child crawls away from a slide, assisted by an adult.
------------------------------
==================================================
[21/46] 處理影片: face_planting/faceplanting_QbyBACtRcz8.mp4
開始生成回答...
⏱️ 耗時: 3.60 秒
⚡ 速度: 4.44 tokens/sec (16 tokens)
🤖 模型回答:
Two babies play on a bed, one pretending to talk on a phone.
------------------------------
==================================================
[22/46] 處理影片: face_planting/faceplanting_DnxygkTssDc.mp4
開始生成回答...
⏱️ 耗時: 3.42 秒
⚡ 速度: 3.21 tokens/sec (11 tokens)
🤖 模型回答:
A baby is moving around in a playpen.
------------------------------
==================================================
[23/46] 處理影片: face_planting/faceplanting_11YmgupLXYE.mp4
開始生成回答...
⏱️ 耗時: 3.43 秒
⚡ 速度: 3.21 tokens/sec (11 tokens)
🤖 模型回答:
A person performs a handstand and falls over.
------------------------------
==================================================
[24/46] 處理影片: face_planting/faceplanting_SBWpjWPvFho.mp4
開始生成回答...
⏱️ 耗時: 3.38 秒
⚡ 速度: 2.96 tokens/sec (10 tokens)
🤖 模型回答:
Students restrain a classmate in a classroom setting.
------------------------------
==================================================
[25/46] 處理影片: face_planting/faceplanting_2zHDlGlWTG8.mp4
開始生成回答...
⏱️ 耗時: 3.43 秒
⚡ 速度: 3.21 tokens/sec (11 tokens)
🤖 模型回答:
Man on scooter attempts jump, crashes into wall.
------------------------------
==================================================
[26/46] 處理影片: face_planting/faceplanting_wjmyNaK6TRc.mp4
開始生成回答...
⏱️ 耗時: 3.50 秒
⚡ 速度: 3.71 tokens/sec (13 tokens)
🤖 模型回答:
A boat is towing a wakeboarder across a lake.
------------------------------
==================================================
[27/46] 處理影片: face_planting/faceplanting_D9x20LIhb9Y.mp4
開始生成回答...
⏱️ 耗時: 3.42 秒
⚡ 速度: 3.22 tokens/sec (11 tokens)
🤖 模型回答:
A child on a bike falls down a hill.
------------------------------
==================================================
[28/46] 處理影片: face_planting/faceplanting_koMIvXhfe9c.mp4
開始生成回答...
⏱️ 耗時: 3.45 秒
⚡ 速度: 3.48 tokens/sec (12 tokens)
🤖 模型回答:
A person attempts a flip and falls in the sand.
------------------------------
==================================================
[29/46] 處理影片: face_planting/faceplanting_DAeLsJBXaAA.mp4
開始生成回答...
⏱️ 耗時: 4.07 秒
⚡ 速度: 7.13 tokens/sec (29 tokens)
🤖 模型回答:
Here's a description of the main action in under 10 words:

A cyclist performs a complex bike stunt over a ramp.
------------------------------
==================================================
[30/46] 處理影片: face_planting/faceplanting_phVppFzTgkA.mp4
開始生成回答...
⏱️ 耗時: 3.49 秒
⚡ 速度: 3.73 tokens/sec (13 tokens)
🤖 模型回答:
A person jumps from a height and appears to be injured.
------------------------------
==================================================
[31/46] 處理影片: face_planting/faceplanting_JR9LTG9F4j0.mp4
開始生成回答...
⏱️ 耗時: 3.52 秒
⚡ 速度: 3.97 tokens/sec (14 tokens)
🤖 模型回答:
A snowboarder speeds down an icy slope with a scenic view.
------------------------------
==================================================
[32/46] 處理影片: face_planting/faceplanting_gfO5b9MkeYw.mp4
開始生成回答...
⏱️ 耗時: 3.50 秒
⚡ 速度: 3.72 tokens/sec (13 tokens)
🤖 模型回答:
Cheerleader falls during a tumbling routine in a competition.
------------------------------
==================================================
[33/46] 處理影片: face_planting/faceplanting__wJfPEwJn_s.mp4
開始生成回答...
⏱️ 耗時: 3.42 秒
⚡ 速度: 3.21 tokens/sec (11 tokens)
🤖 模型回答:
A toddler playfully runs towards a door, smiling.
------------------------------
==================================================
[34/46] 處理影片: face_planting/faceplanting_kr4B88Ldgso.mp4
開始生成回答...
⏱️ 耗時: 3.46 秒
⚡ 速度: 3.47 tokens/sec (12 tokens)
🤖 模型回答:
A toddler sits on a slide, then falls off.
------------------------------
==================================================
[35/46] 處理影片: face_planting/faceplanting_ZObLHal3oPg.mp4
開始生成回答...
⏱️ 耗時: 3.50 秒
⚡ 速度: 3.71 tokens/sec (13 tokens)
🤖 模型回答:
A person trips and falls while attempting to jump over barrels.
------------------------------
==================================================
[36/46] 處理影片: face_planting/faceplanting_e7AnmQTKegM.mp4
開始生成回答...
⏱️ 耗時: 3.46 秒
⚡ 速度: 3.47 tokens/sec (12 tokens)
🤖 模型回答:
Person snowboarding down a snowy slope, creating a shadow.
------------------------------
==================================================
[37/46] 處理影片: face_planting/faceplanting_-dLXIIjWS-c.mp4
開始生成回答...
⏱️ 耗時: 3.57 秒
⚡ 速度: 4.21 tokens/sec (15 tokens)
🤖 模型回答:
A child kneels in the snow, throwing snow with a sled.
------------------------------
==================================================
[38/46] 處理影片: face_planting/faceplanting_kIhT0fUUPK0.mp4
開始生成回答...
⏱️ 耗時: 3.46 秒
⚡ 速度: 3.47 tokens/sec (12 tokens)
🤖 模型回答:
A woman falls off a wakeboard into the water.
------------------------------
==================================================
[39/46] 處理影片: face_planting/faceplanting_ng_6Awo2Luo.mp4
開始生成回答...
⏱️ 耗時: 3.46 秒
⚡ 速度: 3.46 tokens/sec (12 tokens)
🤖 模型回答:
A toddler crawls on a blue blanket on the floor.
------------------------------
==================================================
[40/46] 處理影片: face_planting/faceplanting_7IWBLXPrxoQ.mp4
開始生成回答...
⏱️ 耗時: 3.46 秒
⚡ 速度: 3.46 tokens/sec (12 tokens)
🤖 模型回答:
A dog and a person slide down a snowy hill.
------------------------------
==================================================
[41/46] 處理影片: face_planting/faceplanting_oxPAGFHhE5s.mp4
開始生成回答...
⏱️ 耗時: 3.43 秒
⚡ 速度: 3.21 tokens/sec (11 tokens)
🤖 模型回答:
A cyclist rides through a dirt bike jump track.
------------------------------
==================================================
[42/46] 處理影片: face_planting/faceplanting_wEW0geZNjF4.mp4
開始生成回答...
⏱️ 耗時: 3.38 秒
⚡ 速度: 2.96 tokens/sec (10 tokens)
🤖 模型回答:
A cyclist crashes while attempting a ramp trick.
------------------------------
==================================================
[43/46] 處理影片: face_planting/faceplanting_Te8kzu0-N7I.mp4
開始生成回答...
⏱️ 耗時: 3.42 秒
⚡ 速度: 3.22 tokens/sec (11 tokens)
🤖 模型回答:
A child on a tricycle crashes into a bush.
------------------------------
==================================================
[44/46] 處理影片: face_planting/faceplanting_neeVaqbf7wI.mp4
開始生成回答...
⏱️ 耗時: 3.40 秒
⚡ 速度: 2.95 tokens/sec (10 tokens)
🤖 模型回答:
A person throws disposable cups off a table.
------------------------------
==================================================
[45/46] 處理影片: face_planting/faceplanting_Oinr3wRnArM.mp4
開始生成回答...
⏱️ 耗時: 3.39 秒
⚡ 速度: 2.95 tokens/sec (10 tokens)
🤖 模型回答:
A child playfully falls into a muddy puddle.
------------------------------
==================================================
[46/46] 處理影片: face_planting/faceplanting_T4wf6w_HqUs.mp4
開始生成回答...
⏱️ 耗時: 3.50 秒
⚡ 速度: 3.71 tokens/sec (13 tokens)
🤖 模型回答:
Person falls while sledding on a snowy, icy surface.
------------------------------

==================== 測試總結 ====================
成功處理影片數  : 46 / 46
總耗費時間      : 161.37 秒
總生成 Tokens 數: 608
平均每支影片耗時: 3.51 秒
整體生成速度    : 3.77 tokens/sec
GPU 最高記憶體佔用: 27.05 GB
詳細測試結果已隨時記錄於 gemma-3-12b-it/face_planting.log
