載入模型與處理器: google/gemma-3-12b-it ...
HTTP Request: HEAD https://huggingface.co/google/gemma-3-12b-it/resolve/main/processor_config.json "HTTP/1.1 200 OK"
HTTP Request: GET https://huggingface.co/api/models/google/gemma-3-12b-it/tree/main/additional_chat_templates?recursive=false&expand=false "HTTP/1.1 404 Not Found"
HTTP Request: HEAD https://huggingface.co/google/gemma-3-12b-it/resolve/main/processor_config.json "HTTP/1.1 200 OK"
HTTP Request: HEAD https://huggingface.co/google/gemma-3-12b-it/resolve/main/chat_template.json "HTTP/1.1 200 OK"
HTTP Request: HEAD https://huggingface.co/google/gemma-3-12b-it/resolve/main/chat_template.jinja "HTTP/1.1 404 Not Found"
HTTP Request: HEAD https://huggingface.co/google/gemma-3-12b-it/resolve/main/audio_tokenizer_config.json "HTTP/1.1 404 Not Found"
HTTP Request: GET https://huggingface.co/api/models/google/gemma-3-12b-it/tree/main/additional_chat_templates?recursive=false&expand=false "HTTP/1.1 404 Not Found"
HTTP Request: HEAD https://huggingface.co/google/gemma-3-12b-it/resolve/main/processor_config.json "HTTP/1.1 200 OK"
HTTP Request: HEAD https://huggingface.co/google/gemma-3-12b-it/resolve/main/chat_template.json "HTTP/1.1 200 OK"
HTTP Request: HEAD https://huggingface.co/google/gemma-3-12b-it/resolve/main/chat_template.jinja "HTTP/1.1 404 Not Found"
HTTP Request: HEAD https://huggingface.co/google/gemma-3-12b-it/resolve/main/audio_tokenizer_config.json "HTTP/1.1 404 Not Found"
HTTP Request: HEAD https://huggingface.co/google/gemma-3-12b-it/resolve/main/processor_config.json "HTTP/1.1 200 OK"
HTTP Request: HEAD https://huggingface.co/google/gemma-3-12b-it/resolve/main/preprocessor_config.json "HTTP/1.1 200 OK"
HTTP Request: HEAD https://huggingface.co/google/gemma-3-12b-it/resolve/main/processor_config.json "HTTP/1.1 200 OK"
HTTP Request: HEAD https://huggingface.co/google/gemma-3-12b-it/resolve/main/preprocessor_config.json "HTTP/1.1 200 OK"
HTTP Request: HEAD https://huggingface.co/google/gemma-3-12b-it/resolve/main/config.json "HTTP/1.1 200 OK"
HTTP Request: HEAD https://huggingface.co/google/gemma-3-12b-it/resolve/main/tokenizer_config.json "HTTP/1.1 200 OK"
HTTP Request: GET https://huggingface.co/api/models/google/gemma-3-12b-it/tree/main/additional_chat_templates?recursive=false&expand=false "HTTP/1.1 404 Not Found"
HTTP Request: GET https://huggingface.co/api/models/google/gemma-3-12b-it/tree/main?recursive=true&expand=false "HTTP/1.1 200 OK"
HTTP Request: GET https://huggingface.co/api/models/google/gemma-3-12b-it "HTTP/1.1 200 OK"
HTTP Request: HEAD https://huggingface.co/google/gemma-3-12b-it/resolve/main/config.json "HTTP/1.1 200 OK"
HTTP Request: HEAD https://huggingface.co/google/gemma-3-12b-it/resolve/main/generation_config.json "HTTP/1.1 200 OK"
從 falling_off_bike 尋找，共找到 45 支影片。
開始測試，隨機抽取 45 支影片進行推論...
==================================================
[1/45] 處理影片: falling_off_bike/falling_off_bike_WWjDVZAIxrA.mp4
開始生成回答...
⏱️ 耗時: 3.82 秒
⚡ 速度: 3.14 tokens/sec (12 tokens)
🤖 模型回答:
A cyclist attempts a trick and falls off their bike.
------------------------------
==================================================
[2/45] 處理影片: falling_off_bike/falling_off_bike_u386WjrxTuM.mp4
開始生成回答...
⏱️ 耗時: 3.45 秒
⚡ 速度: 3.47 tokens/sec (12 tokens)
🤖 模型回答:
A shirtless boy on a bike falls into a pond.
------------------------------
==================================================
[3/45] 處理影片: falling_off_bike/falling_off_bike_k73Go_-hE-I.mp4
開始生成回答...
⏱️ 耗時: 3.44 秒
⚡ 速度: 3.49 tokens/sec (12 tokens)
🤖 模型回答:
A person falls off a ramp while riding a bike.
------------------------------
==================================================
[4/45] 處理影片: falling_off_bike/falling_off_bike__9wbSErLcT4.mp4
開始生成回答...
⏱️ 耗時: 3.44 秒
⚡ 速度: 3.49 tokens/sec (12 tokens)
🤖 模型回答:
A person on a bicycle rides through a narrow passage.
------------------------------
==================================================
[5/45] 處理影片: falling_off_bike/falling_off_bike_rhCVjp71CRU.mp4
開始生成回答...
⏱️ 耗時: 3.41 秒
⚡ 速度: 3.22 tokens/sec (11 tokens)
🤖 模型回答:
A cyclist crashes on a dirt path while riding.
------------------------------
==================================================
[6/45] 處理影片: falling_off_bike/falling_off_bike_GNjsTEp_J8E.mp4
開始生成回答...
⏱️ 耗時: 3.48 秒
⚡ 速度: 3.74 tokens/sec (13 tokens)
🤖 模型回答:
A person on a bicycle performs a stunt over a log.
------------------------------
==================================================
[7/45] 處理影片: falling_off_bike/falling_off_bike_vg4T4Ts3KdU.mp4
開始生成回答...
⏱️ 耗時: 3.48 秒
⚡ 速度: 3.73 tokens/sec (13 tokens)
🤖 模型回答:
A cyclist attempts a backflip and crashes into the dirt.
------------------------------
==================================================
[8/45] 處理影片: falling_off_bike/falling_off_bike_9EqDdRaHEZE.mp4
開始生成回答...
⏱️ 耗時: 3.45 秒
⚡ 速度: 3.48 tokens/sec (12 tokens)
🤖 模型回答:
A cyclist attempts a trick and crashes onto a board.
------------------------------
==================================================
[9/45] 處理影片: falling_off_bike/falling_off_bike_4y0ujkNbul8.mp4
開始生成回答...
⏱️ 耗時: 3.46 秒
⚡ 速度: 3.47 tokens/sec (12 tokens)
🤖 模型回答:
A child falls off a bike while attempting a ramp.
------------------------------
==================================================
[10/45] 處理影片: falling_off_bike/falling_off_bike_Zt4pZsUXLwU.mp4
開始生成回答...
⏱️ 耗時: 3.37 秒
⚡ 速度: 2.96 tokens/sec (10 tokens)
🤖 模型回答:
A child on a bike crashes and falls.
------------------------------
==================================================
[11/45] 處理影片: falling_off_bike/falling_off_bike_qKScacoGAwE.mp4
開始生成回答...
⏱️ 耗時: 3.46 秒
⚡ 速度: 3.47 tokens/sec (12 tokens)
🤖 模型回答:
A man on a bicycle crashes while carrying a passenger.
------------------------------
==================================================
[12/45] 處理影片: falling_off_bike/falling_off_bike_p8Jt6ROutMo.mp4
開始生成回答...
⏱️ 耗時: 3.49 秒
⚡ 速度: 3.73 tokens/sec (13 tokens)
🤖 模型回答:
A biker crashes while attempting a jump over a dirt mound.
------------------------------
==================================================
[13/45] 處理影片: falling_off_bike/falling_off_bike_I10wpW-lYPM.mp4
開始生成回答...
⏱️ 耗時: 3.45 秒
⚡ 速度: 3.48 tokens/sec (12 tokens)
🤖 模型回答:
A boy falls off his bike in a grassy park.
------------------------------
==================================================
[14/45] 處理影片: falling_off_bike/falling_off_bike_Hrt2-YSJaBM.mp4
開始生成回答...
⏱️ 耗時: 3.39 秒
⚡ 速度: 2.95 tokens/sec (10 tokens)
🤖 模型回答:
A cyclist crashes into a pole and falls.
------------------------------
==================================================
[15/45] 處理影片: falling_off_bike/falling_off_bike_4kU-hbhQ9is.mp4
開始生成回答...
⏱️ 耗時: 3.38 秒
⚡ 速度: 2.96 tokens/sec (10 tokens)
🤖 模型回答:
A dog chases a cyclist down a street.
------------------------------
==================================================
[16/45] 處理影片: falling_off_bike/falling_off_bike_7PcdoivSB3w.mp4
開始生成回答...
⏱️ 耗時: 3.39 秒
⚡ 速度: 2.95 tokens/sec (10 tokens)
🤖 模型回答:
A boy attempts a bike trick and falls.
------------------------------
==================================================
[17/45] 處理影片: falling_off_bike/falling_off_bike_USCaphYBPOg.mp4
開始生成回答...
⏱️ 耗時: 3.38 秒
⚡ 速度: 2.96 tokens/sec (10 tokens)
🤖 模型回答:
A person attempts a bike stunt and falls.
------------------------------
==================================================
[18/45] 處理影片: falling_off_bike/falling_off_bike_W6M1Y_RYQIY.mp4
開始生成回答...
⏱️ 耗時: 3.49 秒
⚡ 速度: 3.72 tokens/sec (13 tokens)
🤖 模型回答:
A child falls off a bike while attempting a ramp trick.
------------------------------
==================================================
[19/45] 處理影片: falling_off_bike/falling_off_bike_F5rWXJiw4Z4.mp4
開始生成回答...
⏱️ 耗時: 3.46 秒
⚡ 速度: 3.47 tokens/sec (12 tokens)
🤖 模型回答:
A mountain biker descends a winding trail through a forest.
------------------------------
==================================================
[20/45] 處理影片: falling_off_bike/falling_off_bike_AVLCPu4UaPE.mp4
開始生成回答...
⏱️ 耗時: 3.53 秒
⚡ 速度: 3.97 tokens/sec (14 tokens)
🤖 模型回答:
A young boy falls off his bike while attempting a wheelie.
------------------------------
==================================================
[21/45] 處理影片: falling_off_bike/falling_off_bike_6bIMrpU6ils.mp4
開始生成回答...
⏱️ 耗時: 3.45 秒
⚡ 速度: 3.47 tokens/sec (12 tokens)
🤖 模型回答:
A person rides a unicycle down a dirt road.
------------------------------
==================================================
[22/45] 處理影片: falling_off_bike/falling_off_bike_vz8oSbQi_mM.mp4
開始生成回答...
⏱️ 耗時: 3.39 秒
⚡ 速度: 2.95 tokens/sec (10 tokens)
🤖 模型回答:
A cyclist attempts a ramp jump and crashes.
------------------------------
==================================================
[23/45] 處理影片: falling_off_bike/falling_off_bike_X5QyTM7XAjo.mp4
開始生成回答...
⏱️ 耗時: 3.43 秒
⚡ 速度: 3.21 tokens/sec (11 tokens)
🤖 模型回答:
A cyclist falls off their bike in a park.
------------------------------
==================================================
[24/45] 處理影片: falling_off_bike/falling_off_bike_GcWGUxG-qYo.mp4
開始生成回答...
⏱️ 耗時: 3.59 秒
⚡ 速度: 4.45 tokens/sec (16 tokens)
🤖 模型回答:
Motorcyclist crashes on a dirt road, resulting in a dust cloud.
------------------------------
==================================================
[25/45] 處理影片: falling_off_bike/falling_off_bike_4VpUtUGcJzE.mp4
開始生成回答...
⏱️ 耗時: 3.50 秒
⚡ 速度: 3.72 tokens/sec (13 tokens)
🤖 模型回答:
Group of bikers perform stunts, one crashes, bikes scattered.
------------------------------
==================================================
[26/45] 處理影片: falling_off_bike/falling_off_bike_7qZvo1A3MRQ.mp4
開始生成回答...
⏱️ 耗時: 3.49 秒
⚡ 速度: 3.72 tokens/sec (13 tokens)
🤖 模型回答:
A man on a bicycle pushes a car into a container.
------------------------------
==================================================
[27/45] 處理影片: falling_off_bike/falling_off_bike_wWEnYiHzorg.mp4
開始生成回答...
⏱️ 耗時: 3.49 秒
⚡ 速度: 3.72 tokens/sec (13 tokens)
🤖 模型回答:
A young boy falls off his bike in a narrow alley.
------------------------------
==================================================
[28/45] 處理影片: falling_off_bike/falling_off_bike_KZZ2ySZ2oC8.mp4
開始生成回答...
⏱️ 耗時: 3.42 秒
⚡ 速度: 3.22 tokens/sec (11 tokens)
🤖 模型回答:
Man riding a small bike crashes into a curb.
------------------------------
==================================================
[29/45] 處理影片: falling_off_bike/falling_off_bike_SocGMDzqthw.mp4
開始生成回答...
⏱️ 耗時: 3.42 秒
⚡ 速度: 3.21 tokens/sec (11 tokens)
🤖 模型回答:
A cyclist crashes after being bumped by another cyclist.
------------------------------
==================================================
[30/45] 處理影片: falling_off_bike/falling_off_bike_G_w2dLWeQfY.mp4
開始生成回答...
⏱️ 耗時: 4.03 秒
⚡ 速度: 6.95 tokens/sec (28 tokens)
🤖 模型回答:
Here's a description of the main action in under 10 words:

Two people on bikes crash, resulting in injuries.
------------------------------
==================================================
[31/45] 處理影片: falling_off_bike/falling_off_bike_puUZXLmpJKI.mp4
開始生成回答...
⏱️ 耗時: 3.39 秒
⚡ 速度: 2.95 tokens/sec (10 tokens)
🤖 模型回答:
Person fell off a bike in a park.
------------------------------
==================================================
[32/45] 處理影片: falling_off_bike/falling_off_bike_0US_tIy2xAg.mp4
開始生成回答...
⏱️ 耗時: 3.50 秒
⚡ 速度: 3.72 tokens/sec (13 tokens)
🤖 模型回答:
A person on a BMX bike attempts a trick and falls.
------------------------------
==================================================
[33/45] 處理影片: falling_off_bike/falling_off_bike_W8fpOGSD_7M.mp4
開始生成回答...
⏱️ 耗時: 3.43 秒
⚡ 速度: 3.21 tokens/sec (11 tokens)
🤖 模型回答:
A person falls off a bicycle onto the pavement.
------------------------------
==================================================
[34/45] 處理影片: falling_off_bike/falling_off_bike_WGHj7LBp2t8.mp4
開始生成回答...
⏱️ 耗時: 3.42 秒
⚡ 速度: 3.21 tokens/sec (11 tokens)
🤖 模型回答:
A person falls while attempting to cross a bridge.
------------------------------
==================================================
[35/45] 處理影片: falling_off_bike/falling_off_bike_QXlLnjld17U.mp4
開始生成回答...
⏱️ 耗時: 3.43 秒
⚡ 速度: 3.21 tokens/sec (11 tokens)
🤖 模型回答:
A boy falls off his bike while another watches.
------------------------------
==================================================
[36/45] 處理影片: falling_off_bike/falling_off_bike_QcutxgXwENE.mp4
開始生成回答...
⏱️ 耗時: 3.47 秒
⚡ 速度: 3.46 tokens/sec (12 tokens)
🤖 模型回答:
A cyclist crashes on a dirt path in the woods.
------------------------------
==================================================
[37/45] 處理影片: falling_off_bike/falling_off_bike_YawF29t8FRY.mp4
開始生成回答...
⏱️ 耗時: 3.42 秒
⚡ 速度: 3.21 tokens/sec (11 tokens)
🤖 模型回答:
A person falls off a bicycle in a forest.
------------------------------
==================================================
[38/45] 處理影片: falling_off_bike/falling_off_bike_ggi3XwH4vPo.mp4
開始生成回答...
⏱️ 耗時: 3.49 秒
⚡ 速度: 3.72 tokens/sec (13 tokens)
🤖 模型回答:
A person on a bike rides across a makeshift muddy bridge.
------------------------------
==================================================
[39/45] 處理影片: falling_off_bike/falling_off_bike_0uf2P7BX1vs.mp4
開始生成回答...
⏱️ 耗時: 3.42 秒
⚡ 速度: 3.22 tokens/sec (11 tokens)
🤖 模型回答:
Man attempts bike trick on a trampoline and falls.
------------------------------
==================================================
[40/45] 處理影片: falling_off_bike/falling_off_bike_Tl1a49pTtak.mp4
開始生成回答...
⏱️ 耗時: 3.36 秒
⚡ 速度: 2.68 tokens/sec (9 tokens)
🤖 模型回答:
A cyclist crashes on a concrete surface.
------------------------------
==================================================
[41/45] 處理影片: falling_off_bike/falling_off_bike_ENfmLM2-ZDQ.mp4
開始生成回答...
⏱️ 耗時: 3.45 秒
⚡ 速度: 3.47 tokens/sec (12 tokens)
🤖 模型回答:
Mountain biker crashes into a stream while crossing a bridge.
------------------------------
==================================================
[42/45] 處理影片: falling_off_bike/falling_off_bike_GduBJtZHDGM.mp4
開始生成回答...
⏱️ 耗時: 3.49 秒
⚡ 速度: 3.72 tokens/sec (13 tokens)
🤖 模型回答:
A person performs a wheelie on a bicycle at night.
------------------------------
==================================================
[43/45] 處理影片: falling_off_bike/falling_off_bike_-c0s5FYBWTQ.mp4
開始生成回答...
⏱️ 耗時: 3.46 秒
⚡ 速度: 3.47 tokens/sec (12 tokens)
🤖 模型回答:
A child on a bicycle is riding down a sidewalk.
------------------------------
==================================================
[44/45] 處理影片: falling_off_bike/falling_off_bike_AxMf6X5_A3A.mp4
開始生成回答...
⏱️ 耗時: 3.49 秒
⚡ 速度: 3.72 tokens/sec (13 tokens)
🤖 模型回答:
A person on a bike performs a wheelie and jumps.
------------------------------
==================================================
[45/45] 處理影片: falling_off_bike/falling_off_bike_RluniDxJ-io.mp4
開始生成回答...
⏱️ 耗時: 3.49 秒
⚡ 速度: 3.72 tokens/sec (13 tokens)
🤖 模型回答:
A person on a motorbike kicks up a large dust cloud.
------------------------------

==================== 測試總結 ====================
成功處理影片數  : 45 / 45
總耗費時間      : 156.17 秒
總生成 Tokens 數: 548
平均每支影片耗時: 3.47 秒
整體生成速度    : 3.51 tokens/sec
GPU 最高記憶體佔用: 27.05 GB
詳細測試結果已隨時記錄於 gemma-3-12b-it/falling_off_bike.log
