載入模型與處理器: google/gemma-3-12b-it ...
HTTP Request: HEAD https://huggingface.co/google/gemma-3-12b-it/resolve/main/processor_config.json "HTTP/1.1 200 OK"
HTTP Request: GET https://huggingface.co/api/models/google/gemma-3-12b-it/tree/main/additional_chat_templates?recursive=false&expand=false "HTTP/1.1 404 Not Found"
HTTP Request: HEAD https://huggingface.co/google/gemma-3-12b-it/resolve/main/processor_config.json "HTTP/1.1 200 OK"
HTTP Request: HEAD https://huggingface.co/google/gemma-3-12b-it/resolve/main/chat_template.json "HTTP/1.1 200 OK"
HTTP Request: HEAD https://huggingface.co/google/gemma-3-12b-it/resolve/main/chat_template.jinja "HTTP/1.1 404 Not Found"
HTTP Request: HEAD https://huggingface.co/google/gemma-3-12b-it/resolve/main/audio_tokenizer_config.json "HTTP/1.1 404 Not Found"
HTTP Request: GET https://huggingface.co/api/models/google/gemma-3-12b-it/tree/main/additional_chat_templates?recursive=false&expand=false "HTTP/1.1 404 Not Found"
HTTP Request: HEAD https://huggingface.co/google/gemma-3-12b-it/resolve/main/processor_config.json "HTTP/1.1 200 OK"
HTTP Request: HEAD https://huggingface.co/google/gemma-3-12b-it/resolve/main/chat_template.json "HTTP/1.1 200 OK"
HTTP Request: HEAD https://huggingface.co/google/gemma-3-12b-it/resolve/main/chat_template.jinja "HTTP/1.1 404 Not Found"
HTTP Request: HEAD https://huggingface.co/google/gemma-3-12b-it/resolve/main/audio_tokenizer_config.json "HTTP/1.1 404 Not Found"
HTTP Request: HEAD https://huggingface.co/google/gemma-3-12b-it/resolve/main/processor_config.json "HTTP/1.1 200 OK"
HTTP Request: HEAD https://huggingface.co/google/gemma-3-12b-it/resolve/main/preprocessor_config.json "HTTP/1.1 200 OK"
HTTP Request: HEAD https://huggingface.co/google/gemma-3-12b-it/resolve/main/processor_config.json "HTTP/1.1 200 OK"
HTTP Request: HEAD https://huggingface.co/google/gemma-3-12b-it/resolve/main/preprocessor_config.json "HTTP/1.1 200 OK"
HTTP Request: HEAD https://huggingface.co/google/gemma-3-12b-it/resolve/main/config.json "HTTP/1.1 200 OK"
HTTP Request: HEAD https://huggingface.co/google/gemma-3-12b-it/resolve/main/tokenizer_config.json "HTTP/1.1 200 OK"
HTTP Request: GET https://huggingface.co/api/models/google/gemma-3-12b-it/tree/main/additional_chat_templates?recursive=false&expand=false "HTTP/1.1 404 Not Found"
HTTP Request: GET https://huggingface.co/api/models/google/gemma-3-12b-it/tree/main?recursive=true&expand=false "HTTP/1.1 200 OK"
HTTP Request: GET https://huggingface.co/api/models/google/gemma-3-12b-it "HTTP/1.1 200 OK"
HTTP Request: HEAD https://huggingface.co/google/gemma-3-12b-it/resolve/main/config.json "HTTP/1.1 200 OK"
HTTP Request: HEAD https://huggingface.co/google/gemma-3-12b-it/resolve/main/generation_config.json "HTTP/1.1 200 OK"
從 falling_off_chair 尋找，共找到 43 支影片。
開始測試，隨機抽取 43 支影片進行推論...
==================================================
[1/43] 處理影片: falling_off_chair/falling_off_chair_6Bkk_IljKP4.mp4
開始生成回答...
⏱️ 耗時: 3.88 秒
⚡ 速度: 3.61 tokens/sec (14 tokens)
🤖 模型回答:
A man violently attacks another man, knocking him to the ground.
------------------------------
==================================================
[2/43] 處理影片: falling_off_chair/falling_off_chair_uG1ZPoaMync.mp4
開始生成回答...
⏱️ 耗時: 3.44 秒
⚡ 速度: 3.49 tokens/sec (12 tokens)
🤖 模型回答:
A man in a Viking helmet falls down a staircase.
------------------------------
==================================================
[3/43] 處理影片: falling_off_chair/falling_off_chair_GotjwB_SgI0.mp4
開始生成回答...
⏱️ 耗時: 3.41 秒
⚡ 速度: 3.23 tokens/sec (11 tokens)
🤖 模型回答:
Two people are interacting in a dimly lit room.
------------------------------
==================================================
[4/43] 處理影片: falling_off_chair/falling_off_chair_cGbA0ZsJ-tU.mp4
開始生成回答...
⏱️ 耗時: 3.41 秒
⚡ 速度: 3.23 tokens/sec (11 tokens)
🤖 模型回答:
A couple falls while playfully interacting with a chair.
------------------------------
==================================================
[5/43] 處理影片: falling_off_chair/falling_off_chair_f2nOuIPchP8.mp4
開始生成回答...
⏱️ 耗時: 3.41 秒
⚡ 速度: 3.23 tokens/sec (11 tokens)
🤖 模型回答:
A girl playfully moves the camera around a room.
------------------------------
==================================================
[6/43] 處理影片: falling_off_chair/falling_off_chair_3Jd_MXqwIKc.mp4
開始生成回答...
⏱️ 耗時: 3.44 秒
⚡ 速度: 3.48 tokens/sec (12 tokens)
🤖 模型回答:
A person playfully knocks over a chair in an office.
------------------------------
==================================================
[7/43] 處理影片: falling_off_chair/falling_off_chair_y1OlPGzMbNA.mp4
開始生成回答...
⏱️ 耗時: 3.41 秒
⚡ 速度: 3.23 tokens/sec (11 tokens)
🤖 模型回答:
A girl playfully knocks over a chair and laughs.
------------------------------
==================================================
[8/43] 處理影片: falling_off_chair/falling_off_chair_gCqTxLReCus.mp4
開始生成回答...
⏱️ 耗時: 3.42 秒
⚡ 速度: 3.22 tokens/sec (11 tokens)
🤖 模型回答:
A person is playfully raising their arm and legs.
------------------------------
==================================================
[9/43] 處理影片: falling_off_chair/falling_off_chair_fDNX6WW_6jc.mp4
開始生成回答...
⏱️ 耗時: 3.42 秒
⚡ 速度: 3.22 tokens/sec (11 tokens)
🤖 模型回答:
A person playfully wrestles with a large armchair.
------------------------------
==================================================
[10/43] 處理影片: falling_off_chair/falling_off_chair_f6ZwvW_FD7U.mp4
開始生成回答...
⏱️ 耗時: 3.46 秒
⚡ 速度: 3.47 tokens/sec (12 tokens)
🤖 模型回答:
A person is playfully hitting another person with a pillow.
------------------------------
==================================================
[11/43] 處理影片: falling_off_chair/falling_off_chair_vSyIph8s85U.mp4
開始生成回答...
⏱️ 耗時: 3.41 秒
⚡ 速度: 3.22 tokens/sec (11 tokens)
🤖 模型回答:
A person playfully throws a pillow at a curtain.
------------------------------
==================================================
[12/43] 處理影片: falling_off_chair/falling_off_chair_06u5p4FNohA.mp4
開始生成回答...
⏱️ 耗時: 3.42 秒
⚡ 速度: 3.21 tokens/sec (11 tokens)
🤖 模型回答:
A person is playfully wrestling on a messy floor.
------------------------------
==================================================
[13/43] 處理影片: falling_off_chair/falling_off_chair_kKhCkAkz1vk.mp4
開始生成回答...
⏱️ 耗時: 3.41 秒
⚡ 速度: 3.22 tokens/sec (11 tokens)
🤖 模型回答:
A girl playfully dances and interacts with a child.
------------------------------
==================================================
[14/43] 處理影片: falling_off_chair/falling_off_chair_W2237TK0wcI.mp4
開始生成回答...
⏱️ 耗時: 3.42 秒
⚡ 速度: 3.22 tokens/sec (11 tokens)
🤖 模型回答:
A child is playfully wrestling with a beach chair.
------------------------------
==================================================
[15/43] 處理影片: falling_off_chair/falling_off_chair_wNk1F7W5LIQ.mp4
開始生成回答...
⏱️ 耗時: 3.46 秒
⚡ 速度: 3.47 tokens/sec (12 tokens)
🤖 模型回答:
Man in dental chair throws a towel out the window.
------------------------------
==================================================
[16/43] 處理影片: falling_off_chair/falling_off_chair_0xJzTTPKfXo.mp4
開始生成回答...
⏱️ 耗時: 3.50 秒
⚡ 速度: 3.72 tokens/sec (13 tokens)
🤖 模型回答:
A person playfully wrestles with a child on the floor.
------------------------------
==================================================
[17/43] 處理影片: falling_off_chair/falling_off_chair_1RZYhr6hly4.mp4
開始生成回答...
⏱️ 耗時: 3.35 秒
⚡ 速度: 2.69 tokens/sec (9 tokens)
🤖 模型回答:
A toddler is playfully climbing on furniture.
------------------------------
==================================================
[18/43] 處理影片: falling_off_chair/falling_off_chair_IuWPZJHWVYA.mp4
開始生成回答...
⏱️ 耗時: 3.46 秒
⚡ 速度: 3.47 tokens/sec (12 tokens)
🤖 模型回答:
A woman appears to be falling or climbing a wall.
------------------------------
==================================================
[19/43] 處理影片: falling_off_chair/falling_off_chair_zNx9s_XbkUQ.mp4
開始生成回答...
⏱️ 耗時: 3.46 秒
⚡ 速度: 3.47 tokens/sec (12 tokens)
🤖 模型回答:
A man falls off a chair while holding a newspaper.
------------------------------
==================================================
[20/43] 處理影片: falling_off_chair/falling_off_chair_sl_oBU2ukJ8.mp4
開始生成回答...
⏱️ 耗時: 3.42 秒
⚡ 速度: 3.21 tokens/sec (11 tokens)
🤖 模型回答:
Two men appear to be fighting in a room.
------------------------------
==================================================
[21/43] 處理影片: falling_off_chair/falling_off_chair_twnAqdZkDZ8.mp4
開始生成回答...
⏱️ 耗時: 3.42 秒
⚡ 速度: 3.21 tokens/sec (11 tokens)
🤖 模型回答:
One person playfully tackles the other to the ground.
------------------------------
==================================================
[22/43] 處理影片: falling_off_chair/falling_off_chair_N516jor-Y5I.mp4
開始生成回答...
⏱️ 耗時: 3.49 秒
⚡ 速度: 3.73 tokens/sec (13 tokens)
🤖 模型回答:
A person sits on a chair in front of a laptop.
------------------------------
==================================================
[23/43] 處理影片: falling_off_chair/falling_off_chair_-5hw88bD4mE.mp4
開始生成回答...
⏱️ 耗時: 3.46 秒
⚡ 速度: 3.47 tokens/sec (12 tokens)
🤖 模型回答:
A person is throwing a white object across a table.
------------------------------
==================================================
[24/43] 處理影片: falling_off_chair/falling_off_chair_tCZvKt-dKdY.mp4
開始生成回答...
⏱️ 耗時: 3.42 秒
⚡ 速度: 3.22 tokens/sec (11 tokens)
🤖 模型回答:
A child crawls under a table in a classroom.
------------------------------
==================================================
[25/43] 處理影片: falling_off_chair/falling_off_chair_Zi0fm17UBZE.mp4
開始生成回答...
⏱️ 耗時: 4.25 秒
⚡ 速度: 8.00 tokens/sec (34 tokens)
🤖 模型回答:
Here's a description of the main action in under 10 words:

**Individuals appear to be restraining or subduing a person on the floor.**
------------------------------
==================================================
[26/43] 處理影片: falling_off_chair/falling_off_chair_XXN3CgCyEx4.mp4
開始生成回答...
⏱️ 耗時: 3.42 秒
⚡ 速度: 3.21 tokens/sec (11 tokens)
🤖 模型回答:
A person throws a cone into a trash can.
------------------------------
==================================================
[27/43] 處理影片: falling_off_chair/falling_off_chair_fxKsubHkXMc.mp4
開始生成回答...
⏱️ 耗時: 3.38 秒
⚡ 速度: 2.96 tokens/sec (10 tokens)
🤖 模型回答:
A person jumps over a chair and table.
------------------------------
==================================================
[28/43] 處理影片: falling_off_chair/falling_off_chair_t3N44ZENWIQ.mp4
開始生成回答...
⏱️ 耗時: 3.42 秒
⚡ 速度: 3.22 tokens/sec (11 tokens)
🤖 模型回答:
A person collapses onto the floor in an office.
------------------------------
==================================================
[29/43] 處理影片: falling_off_chair/falling_off_chair_p8o6EkXONhc.mp4
開始生成回答...
⏱️ 耗時: 3.41 秒
⚡ 速度: 3.22 tokens/sec (11 tokens)
🤖 模型回答:
A person is tackling another person to the ground.
------------------------------
==================================================
[30/43] 處理影片: falling_off_chair/falling_off_chair_5xlTi_-c7NY.mp4
開始生成回答...
⏱️ 耗時: 3.46 秒
⚡ 速度: 3.47 tokens/sec (12 tokens)
🤖 模型回答:
A person is being restrained and falls to the floor.
------------------------------
==================================================
[31/43] 處理影片: falling_off_chair/falling_off_chair_l3U5BF9jUa4.mp4
開始生成回答...
⏱️ 耗時: 3.42 秒
⚡ 速度: 3.21 tokens/sec (11 tokens)
🤖 模型回答:
A person performs a backbend near camera equipment.
------------------------------
==================================================
[32/43] 處理影片: falling_off_chair/falling_off_chair_xFFQRtKizJk.mp4
開始生成回答...
⏱️ 耗時: 3.42 秒
⚡ 速度: 3.22 tokens/sec (11 tokens)
🤖 模型回答:
A man falls to the floor and appears distressed.
------------------------------
==================================================
[33/43] 處理影片: falling_off_chair/falling_off_chair_3Ctreec2zrQ.mp4
開始生成回答...
⏱️ 耗時: 3.42 秒
⚡ 速度: 3.22 tokens/sec (11 tokens)
🤖 模型回答:
Two men playfully knock over chairs and each other.
------------------------------
==================================================
[34/43] 處理影片: falling_off_chair/falling_off_chair_-tTBQvmKfEs.mp4
開始生成回答...
⏱️ 耗時: 3.35 秒
⚡ 速度: 2.69 tokens/sec (9 tokens)
🤖 模型回答:
Man playfully knocks over a yellow chair.
------------------------------
==================================================
[35/43] 處理影片: falling_off_chair/falling_off_chair_8LsomoWHlK0.mp4
開始生成回答...
⏱️ 耗時: 3.42 秒
⚡ 速度: 3.22 tokens/sec (11 tokens)
🤖 模型回答:
A person falls from a chair onto the floor.
------------------------------
==================================================
[36/43] 處理影片: falling_off_chair/falling_off_chair_q6b9VXig4e0.mp4
開始生成回答...
⏱️ 耗時: 3.45 秒
⚡ 速度: 3.48 tokens/sec (12 tokens)
🤖 模型回答:
Three men playfully interact with a white stool on stage.
------------------------------
==================================================
[37/43] 處理影片: falling_off_chair/falling_off_chair_y7GOcGQqVYM.mp4
開始生成回答...
⏱️ 耗時: 3.46 秒
⚡ 速度: 3.47 tokens/sec (12 tokens)
🤖 模型回答:
A person playfully pushes a small table with their foot.
------------------------------
==================================================
[38/43] 處理影片: falling_off_chair/falling_off_chair_kwh65tVZyik.mp4
開始生成回答...
⏱️ 耗時: 3.39 秒
⚡ 速度: 2.95 tokens/sec (10 tokens)
🤖 模型回答:
A person playfully falls backward onto a rug.
------------------------------
==================================================
[39/43] 處理影片: falling_off_chair/falling_off_chair_QQmQnfEXdOE.mp4
開始生成回答...
⏱️ 耗時: 3.46 秒
⚡ 速度: 3.47 tokens/sec (12 tokens)
🤖 模型回答:
A person playfully knocks over a chair on a bed.
------------------------------
==================================================
[40/43] 處理影片: falling_off_chair/falling_off_chair_qkCEuMm9vnY.mp4
開始生成回答...
⏱️ 耗時: 3.47 秒
⚡ 速度: 3.46 tokens/sec (12 tokens)
🤖 模型回答:
A person is vandalizing a vehicle with a hammer.
------------------------------
==================================================
[41/43] 處理影片: falling_off_chair/falling_off_chair_YqW9B4aedKE.mp4
開始生成回答...
⏱️ 耗時: 3.41 秒
⚡ 速度: 3.22 tokens/sec (11 tokens)
🤖 模型回答:
A person falls off a chair onto a table.
------------------------------
==================================================
[42/43] 處理影片: falling_off_chair/falling_off_chair_WD87x58wRsE.mp4
開始生成回答...
⏱️ 耗時: 3.49 秒
⚡ 速度: 3.72 tokens/sec (13 tokens)
🤖 模型回答:
A person is playfully pulling down another person's pants.
------------------------------
==================================================
[43/43] 處理影片: falling_off_chair/falling_off_chair_XMKm4hjLFXk.mp4
開始生成回答...
⏱️ 耗時: 4.04 秒
⚡ 速度: 6.94 tokens/sec (28 tokens)
🤖 模型回答:
Here's a description of the main action in under 10 words:

A person appears to be physically assaulting another person.
------------------------------

==================== 測試總結 ====================
成功處理影片數  : 43 / 43
總耗費時間      : 149.32 秒
總生成 Tokens 數: 528
平均每支影片耗時: 3.47 秒
整體生成速度    : 3.54 tokens/sec
GPU 最高記憶體佔用: 27.05 GB
詳細測試結果已隨時記錄於 gemma-3-12b-it/falling_off_chair.log
