============================================================
分析報告：face_planting 低分結果
模型: gemma-3-12b-it | 幀數: 16 frames
============================================================

總筆數: 46 筆
5 分以下筆數: 17 筆 (37.0%)

【分數分布】
Score 0: 2 筆 (faceplanting_Kj725DEceik, faceplanting_DnxygkTssDc)
Score 1: 4 筆 (faceplanting_o5FiLY-wObk, faceplanting_QbyBACtRcz8, faceplanting_wF-7CEJZ4w8, faceplanting_ZLFkNSl-XPw → 10分)
Score 2: 9 筆
Score 3: 1 筆
Score 4: 1 筆

============================================================
【失敗模式分類】
============================================================

--- 類型一：嚴重幻覺 (Score 0~1) - 共 6 筆 ---
模型完全捏造了和影片無關的場景

  [Score 0] faceplanting_Kj725DEceik
    VLM: "A person playfully throws pillows from a doorway."
    GPT: Completely missed core action; described irrelevant action instead.
    ⚠️ 注意: 此影片在 4b-16F 版本中也是低分（Score 2），說明是影片本身難度極高。

  [Score 0] faceplanting_DnxygkTssDc
    VLM: "A baby is sleeping in a playpen."
    GPT: The VLM fails to identify the core action, offering an unrelated description instead.
    ⚠️ 注意: 此影片在 4b 版本中也是 Score 1（"Baby nestled among toys"），12b 更差，反而從玩具進化為在睡覺。

  [Score 1] faceplanting_o5FiLY-wObk
    VLM: "A man is startled by a snake and runs away."
    GPT: Description misses core action; introduces unrelated action and details.
    ⚠️ 嚴重幻覺：蛇是完全捏造的。4b 版本（Score 6）反而描述出「falls into muddy riverbank」更接近事實。

  [Score 1] faceplanting_QbyBACtRcz8
    VLM: "Two babies play on a bed, one pretending to talk on the phone."
    GPT: Description misses core action and includes irrelevant details (phone, playing).

  [Score 1] faceplanting_wF-7CEJZ4w8
    VLM: "A person performs a backflip on a gymnastics mat."
    GPT: Description misses core action; irrelevant action described.
    ⚠️ 注意: 4b 版本也是 Score 2，此影片對兩個模型而言都是難題。

  [Score 2-retag as 1 analysis] faceplanting_11YmgupLXYE
    VLM: "A person is attempting to balance an emu on their back."
    GPT: Incorrect action; description contains a hallucinated scenario.
    ⚠️ 同一幻覺也在 4b-16F 版本出現（"An emu is being balanced on a person's feet"），
       說明這部影片某些幀會強烈誤導兩個模型。

--- 類型二：背景主導 (Score 2) - 共 9 筆 ---
模型描述了場景或活動，但完全忽視「臉部著地」的核心動作

  [Score 2] faceplanting_nsjqgD_St9w     → "A young child dances and crawls around a room."
  [Score 2] faceplanting_ng_6Awo2Luo     → "A toddler crawls and plays on a blue blanket."
  [Score 2] faceplanting_neeVaqbf7wI     → "A person knocks over a display of disposable cups."
  [Score 2] faceplanting_wjmyNaK6TRc     → "A person is wakeboarding behind a boat on a lake."
  [Score 2] faceplanting_7IWBLXPrxoQ     → "People sledding down a snowy hill with a dog chasing."
  [Score 2] faceplanting_mk9eyW1bzAU     → "Group playfully tackles each other near the ocean waves."
  [Score 2] faceplanting_11YmgupLXYE     → "A person is attempting to balance an emu on their back."
  [Score 2] faceplanting_kIhT0fUUPK0     → "A woman attempts wakeboarding behind a homemade tow system."
  [Score 2] faceplanting_e7AnmQTKegM     → "Person walking on snow, casting a shadow."
  [Score 2] faceplanting_oxPAGFHhE5s     → "A cyclist rides through a dirt bike jump track."
  [Score 2] faceplanting__wJfPEwJn_s     → "A toddler in a coat playfully approaches a door."
  [Score 2] faceplanting_Oinr3wRnArM    → "A child joyfully splashes and plays in a muddy puddle."

--- 類型三：動作類型混淆 (Score 3~4) - 共 2 筆 ---
模型察覺「有在移動」，但給出錯誤的動作類別

  [Score 3] faceplanting_JR9LTG9F4j0     → "A snowboarder rides down a snowy, icy slope."
  [Score 4] faceplanting_piCD8qYAMVI     → "A person slips and slides on a snowy field."

============================================================
【與前版本比較 (同一類別)】
============================================================

  4b-it | 8 frames  → 低於 5 分: 24/46 (52.2%)
  4b-it | 16 frames → 低於 5 分: 24/46 (52.2%)
  12b-it | 16 frames→ 低於 5 分: 17/46 (37.0%) ← 顯著改善！

模型升級從 4b → 12b，低分比例從 52.2% 降至 37.0%，改善幅度約 15%。

【亮點：12b 的成功案例（Score 9-10）】
  [Score 10] faceplanting_ZLFkNSl-XPw → "A student faceplants on a playground surface."
     → 這是整個測試中第一次模型直接輸出了「faceplant」這個關鍵動作字詞！
  [Score 9]  faceplanting_Z-beIVl_wPs  → "A person attempts a jump and falls face-first into the sand."
     → 描述了「臉朝下著地 (face-first)」，精準抓到了動作方向。

【值得關注的問題】
1. faceplanting_o5FiLY-wObk（蛇的幻覺 Score 1）：12b 模型在這部影片上的表現
   反而不如 4b（Score 6），說明更大的模型並不保證每部影片都更準確，
   有時反而會生成更「有創意但更離譜」的回答。

2. 持續失敗的影片：
   - faceplanting_Kj725DEceik：4b-8F(2), 4b-16F(2), 12b-16F(0) → 越測越差！
   - faceplanting_kIhT0fUUPK0：4b-8F(2), 4b-16F(0), 12b-16F(2) → 始終是幻覺重災區。
   這些影片可能本身就有誤導性的場景（如湖邊水上活動），需要進一步人工確認。

============================================================
【結論】
============================================================
- 12b-it 相較 4b-it 在 face_planting 類別有明顯改善（-15% 低分率）
- 12b 開始能識別「face-first」或「faceplant」等精確動作描述，說明更大的模型
  在語意理解上確實更強。
- 然而個別難度極高的影片（如 faceplanting_kIhT0fUUPK0、faceplanting_DnxygkTssDc）
  對 12b 仍是頑固的失敗案例，可能需要更大的模型（如 27b 或以上）或
  搭配 Cascade 架構才能解決。
