影片: mp4/-1IqhhJEfTI_000015_000025.mp4
耗時: 1.64 秒
速度: 10.98 tokens/sec
回答: The video shows someone ice climbing on a frozen beach with a specialized ice climbing tool.
------------------------------
影片: mp4/-0HSpenSJGs_000000_000010.mp4
耗時: 1.20 秒
速度: 12.49 tokens/sec
回答: A man is juggling two oranges outdoors, surrounded by trees and sunlight.
------------------------------
影片: mp4/-0lqH3xAz6M_000014_000024.mp4
耗時: 1.24 秒
速度: 12.93 tokens/sec
回答: A person on skis is launching a kite while standing on a frozen lake.
------------------------------
影片: mp4/-0WL_HWewTE_000025_000035.mp4
耗時: 1.88 秒
速度: 18.10 tokens/sec
回答: Here's a concise description of what's happening in the video:

Someone is being playfully cut or trimmed with scissors while shirtless, surrounded by laughing friends.
------------------------------
影片: mp4/-1jQapks1hI_000053_000063.mp4
耗時: 1.80 秒
速度: 17.74 tokens/sec
回答: Here's a description of what's happening in the video:

Someone is preparing a sauce, mashing ingredients like garlic and tomatoes by hand.
------------------------------
影片: mp4/-0oMsq-9b6c_000095_000105.mp4
耗時: 1.20 秒
速度: 12.50 tokens/sec
回答: A worker is sanding wooden floors while using a vacuum to collect dust.
------------------------------
影片: mp4/-0WBheGENmk_000009_000019.mp4
耗時: 1.27 秒
速度: 13.36 tokens/sec
回答: Evander Holyfield is playfully juggling limes while wearing a headset and Adidas tracksuit.
------------------------------
影片: mp4/-1Kv095GbV8_000000_000010.mp4
耗時: 1.45 秒
速度: 15.18 tokens/sec
回答: A group of dancers perform a choreographed routine, possibly martial arts-inspired, in a dimly lit space.
------------------------------
影片: mp4/-0kVxoFuMGQ_000622_000632.mp4
耗時: 1.16 秒
速度: 12.03 tokens/sec
回答: A marching band performs a synchronized routine with flags and brass instruments.
------------------------------
影片: mp4/-0EXMXaj77A_000062_000072.mp4
耗時: 1.17 秒
速度: 12.00 tokens/sec
回答: A woman is feeding seagulls on a wooden boardwalk near the beach.
------------------------------
影片: mp4/-0MLLn0Zg1M_000015_000025.mp4
耗時: 1.73 秒
速度: 17.31 tokens/sec
回答: Here's a concise description of what's happening in the video:

A catamaran sailboat is sailing through the ocean under bright blue skies.
------------------------------
影片: mp4/-1IlTIWPNs4_000027_000037.mp4
耗時: 1.41 秒
速度: 14.85 tokens/sec
回答: A young boy is shoveling snow in a snowy yard with houses and a van in the background.
------------------------------
影片: mp4/-1HT31BzADs_000118_000128.mp4
耗時: 1.91 秒
速度: 18.33 tokens/sec
回答: Here's a concise description of what's happening in the video:

A high school pole vault competition is taking place, with athletes attempting to clear the bar.
------------------------------
影片: mp4/-1GRj5UvVBA_000025_000035.mp4
耗時: 1.77 秒
速度: 17.54 tokens/sec
回答: Here's a description of what's happening in the video:

John Malkovich is accepting an award, wearing sunglasses and a black suit.
------------------------------
影片: mp4/-0H3T2B9PH4_000005_000015.mp4
耗時: 1.38 秒
速度: 14.51 tokens/sec
回答: A man in a wheelchair is maneuvering and flipping his chair to right himself after it tipped over.
------------------------------
影片: mp4/-1KMJ1BZ2mU_000017_000027.mp4
耗時: 1.45 秒
速度: 15.16 tokens/sec
回答: A child is falling from a wooden structure, likely a play area, and being caught by someone below.
------------------------------
影片: mp4/-0S06ntmN_I_000019_000029.mp4
耗時: 1.38 秒
速度: 14.50 tokens/sec
回答: A person is performing a dynamic stretching exercise, likely a straddle stretch, on a mat.
------------------------------
影片: mp4/-1B_EOupmCE_000076_000086.mp4
耗時: 1.81 秒
速度: 17.71 tokens/sec
回答: Here's a description of what's happening in the video:

A group of women are playing cards and celebrating, likely during a holiday gathering.
------------------------------
影片: mp4/-01PKgtzCxc_000034_000044.mp4
耗時: 1.31 秒
速度: 13.78 tokens/sec
回答: A man throws a ball towards a person jumping off a rock into a waterfall pool.
------------------------------
影片: mp4/-0MVWb7nJLY_000008_000018.mp4
耗時: 1.81 秒
速度: 17.73 tokens/sec
回答: Here's a description of what's happening in the video:

A woman performs a dynamic aerial silks routine, being assisted by a spotter.
------------------------------
影片: mp4/-0Yb1tD3HUo_000004_000014.mp4
耗時: 1.42 秒
速度: 14.79 tokens/sec
回答: A person is practicing putting on an indoor putting green, aiming to sink the ball into the hole.
------------------------------
影片: mp4/-0SoxHZp0SM_000091_000101.mp4
耗時: 1.70 秒
速度: 17.08 tokens/sec
回答: Here's a description of what's happening in the video:

People are snowboarding down a snowy mountain slope on a sunny day.
------------------------------
影片: mp4/-0aDlftNdyw_000280_000290.mp4
耗時: 1.31 秒
速度: 13.75 tokens/sec
回答: People are eating watermelon slices on paper plates, with some juice and seeds scattered around.
------------------------------
影片: mp4/-0-ukHRelxA_000015_000025.mp4
耗時: 1.31 秒
速度: 13.77 tokens/sec
回答: A person is gently petting and interacting with a fluffy chinchilla in its cage.
------------------------------
影片: mp4/-1Fa5I5O_40_000009_000019.mp4
耗時: 1.35 秒
速度: 14.10 tokens/sec
回答: A woman is climbing a thick rope hanging from a tree in a grassy, wooded area.
------------------------------
影片: mp4/-0mnCHRQ-Zc_000092_000102.mp4
耗時: 1.24 秒
速度: 12.95 tokens/sec
回答: A healthcare worker is adjusting a patient's blanket in a hospital bed.
------------------------------
影片: mp4/-157wqwwtAo_000026_000036.mp4
耗時: 1.31 秒
速度: 13.78 tokens/sec
回答: A person is using a vacuum pump to clean dust and debris from an electrical panel.
------------------------------
影片: mp4/-0cOo0cRVZU_000008_000018.mp4
耗時: 1.28 秒
速度: 13.32 tokens/sec
回答: A basketball player is practicing shooting with a Shot Tracker device attached to the hoop.
------------------------------
影片: mp4/-02uQdK46rE_000014_000024.mp4
耗時: 1.28 秒
速度: 13.27 tokens/sec
回答: A person is shaving their leg in a bathtub with shaving cream and a razor.
------------------------------
影片: mp4/-07Ke73N4zI_000612_000622.mp4
耗時: 1.27 秒
速度: 13.35 tokens/sec
回答: Someone is seasoning a stew with herbs and spices in a pot on a stove.
------------------------------
影片: mp4/-00nar1nEPc_000033_000043.mp4
耗時: 1.31 秒
速度: 13.78 tokens/sec
回答: Two men are playing music together: one on guitar and the other on a harmonica.
------------------------------
影片: mp4/-0R6wpipD-c_000035_000045.mp4
耗時: 1.45 秒
速度: 15.14 tokens/sec
回答: A baby is exploring food (likely carrots) in a high chair, making a mess with their hands.
------------------------------
影片: mp4/-0yuyrbruYM_000079_000089.mp4
耗時: 1.84 秒
速度: 17.91 tokens/sec
回答: Here's a description of what's happening in the video:

A drone is flying in a clear blue sky, leaving a visible trail behind it.
------------------------------
影片: mp4/-08KE5FkRUU_000001_000011.mp4
耗時: 1.27 秒
速度: 13.36 tokens/sec
回答: A group is practicing hurling, a Gaelic sport, indoors on a turf field.
------------------------------
影片: mp4/-0LoCy0-F9A_000018_000028.mp4
耗時: 1.35 秒
速度: 14.10 tokens/sec
回答: Two people are hula hooping indoors, with bright sunlight streaming in from a window.
------------------------------
影片: mp4/-05APhKiIXc_000070_000080.mp4
耗時: 1.27 秒
速度: 13.36 tokens/sec
回答: A golfer is practicing his swing on a driving range, hitting several golf balls.
------------------------------
影片: mp4/-0gO3FmnKD8_000135_000145.mp4
耗時: 1.74 秒
速度: 17.24 tokens/sec
回答: Here's a concise description of what's happening in the video:

Someone is opening a boxed iPad, removing the protective foam insert.
------------------------------
影片: mp4/-1dWGnhjB2A_000049_000059.mp4
耗時: 1.38 秒
速度: 14.49 tokens/sec
回答: Two people are playfully battling with toy guns, laughing and reacting to each other's actions.
------------------------------
影片: mp4/-1brKJdL-iM_000093_000103.mp4
耗時: 1.88 秒
速度: 18.10 tokens/sec
回答: Here's a concise description of what's happening in the video:

A golfer demonstrates a putting technique, showing stance, swing, and follow-through.
------------------------------
影片: mp4/-01cbva4erQ_000007_000017.mp4
耗時: 1.17 秒
速度: 12.01 tokens/sec
回答: A potter is shaping a clay bowl on a spinning pottery wheel.
------------------------------
影片: mp4/-0HRnFhCDdc_000026_000036.mp4
耗時: 1.31 秒
速度: 13.76 tokens/sec
回答: A fluffy dog eagerly offers its paw to someone, likely anticipating a treat or affection.
------------------------------
影片: mp4/-1GUNrYsD4Y_000018_000028.mp4
耗時: 1.91 秒
速度: 18.31 tokens/sec
回答: Here's a description of what's happening in the video:

A person kayaks across a lake with ducks and lily pads, while a large alligator swims nearby.
------------------------------
影片: mp4/-00fzD4K6aw_000007_000017.mp4
耗時: 1.27 秒
速度: 13.38 tokens/sec
回答: A toddler is running, falling, crawling, and playing on a grassy lawn.
------------------------------
影片: mp4/-1lbeA9Jogw_000000_000010.mp4
耗時: 1.21 秒
速度: 12.44 tokens/sec
回答: The video shows a person smoking a hookah in a dimly lit room.
------------------------------
影片: mp4/-0MsYnGUrfE_000022_000032.mp4
耗時: 1.81 秒
速度: 17.71 tokens/sec
回答: Here's a description of what's happening in the video:

A paintball player is being heavily splattered with green paint during a paintball game.
------------------------------
影片: mp4/-0JU38ZQOlY_000000_000010.mp4
耗時: 1.41 秒
速度: 14.84 tokens/sec
回答: A person kayaks down a narrow, dark waterway with a fishing rod, likely at dawn or dusk.
------------------------------
影片: mp4/-0M6S1qBn8s_000243_000253.mp4
耗時: 1.38 秒
速度: 14.49 tokens/sec
回答: Someone is changing a tire on a race car's engine, likely during a pit stop.
------------------------------
影片: mp4/-0HKFF7F_BY_000003_000013.mp4
耗時: 1.21 秒
速度: 12.43 tokens/sec
回答: A baby is exploring and playing on a pile of blankets and clothes.
------------------------------
影片: mp4/-0_5tJuIrJA_000004_000014.mp4
耗時: 1.31 秒
速度: 13.78 tokens/sec
回答: A Zumba demonstration or event is taking place with instructors leading a class for an audience.
------------------------------
影片: mp4/-0Y3H5y75t8_000020_000030.mp4
耗時: 1.35 秒
速度: 14.11 tokens/sec
回答: Windsurfers are racing, with some experiencing wipeouts and crashes in the choppy water.
------------------------------
