影片: mp4/-0S06ntmN_I_000019_000029.mp4
耗時: 3.20 秒
回答: Here's a concise description of what's happening in the video:

A person is performing a dynamic stretching exercise, likely a straddle stretch, on a mat. They are moving their arms and torso in a twisting motion while maintaining a wide-legged position.
------------------------------
影片: mp4/-0kVxoFuMGQ_000622_000632.mp4
耗時: 3.61 秒
回答: Here's a concise description of what's happening in the video:

A marching band, likely from Thailand (as indicated by the website in the corner), is performing a routine. They are dressed in vibrant orange and black uniforms with gold accents, and some members are holding flags and playing brass instruments (likely tubas). The performance involves synchronized movements and formations.
------------------------------
影片: mp4/-07Ke73N4zI_000612_000622.mp4
耗時: 3.33 秒
回答: Here's a concise description of what's happening in the video:

Someone is cooking a stew in a pot on a stove. They are adding fresh herbs and spices (possibly red pepper flakes and cilantro) to the stew, stirring it with a wooden spoon. They also appear to be adding liquid from a separate pot.
------------------------------
影片: mp4/-0MsYnGUrfE_000022_000032.mp4
耗時: 2.82 秒
回答: Here's a concise description of what's happening in the video:

The video shows a person covered in paintball splatter during a paintball game. They are wearing camouflage gear, a mask, and a scarf, and appear to be laughing and enjoying the experience.
------------------------------
影片: mp4/-0SoxHZp0SM_000091_000101.mp4
耗時: 2.83 秒
回答: Here's a concise description of what's happening in the video:

The video shows a group of people snowboarding down a snowy mountain slope on a sunny day. The footage is from a first-person perspective, capturing the speed and scenery of the descent.
------------------------------
影片: mp4/-01cbva4erQ_000007_000017.mp4
耗時: 2.66 秒
回答: Here's a concise description of what's happening in the video:

A potter is using a pottery wheel to shape a clay disc into a plate. He's using his hands and a tool to smooth and even out the surface.
------------------------------
影片: mp4/-00fzD4K6aw_000007_000017.mp4
耗時: 2.16 秒
回答: Here's a concise description of what's happening in the video:

A toddler is playing outside, running, falling, crawling, and generally exploring on a grassy area.
------------------------------
影片: mp4/-0-ukHRelxA_000015_000025.mp4
耗時: 2.01 秒
回答: Here's a concise description of what's happening in the video:

A person is gently petting and interacting with a chinchilla inside its cage.
------------------------------
影片: mp4/-0HRnFhCDdc_000026_000036.mp4
耗時: 2.05 秒
回答: Here's a concise description of what's happening in the video:

A fluffy dog is eagerly offering its paw to a person, likely anticipating a treat.
------------------------------
影片: mp4/-1Kv095GbV8_000000_000010.mp4
耗時: 2.87 秒
回答: Here's a concise description of what's happening in the video:

A dance performance featuring a group of dancers in dark clothing, seemingly engaged in a choreographed sequence with dynamic movements and sword-like props. The lighting is dim, creating a dramatic and shadowy atmosphere.
------------------------------
影片: mp4/-0mnCHRQ-Zc_000092_000102.mp4
耗時: 2.49 秒
回答: Here's a concise description of what's happening in the video:

A healthcare worker is adjusting the blankets on a patient in a hospital bed. The patient is covered with a green sheet and appears to be unresponsive.
------------------------------
影片: mp4/-0HSpenSJGs_000000_000010.mp4
耗時: 1.93 秒
回答: Here's a concise description of what's happening in the video:

A man is juggling two oranges outdoors, surrounded by trees and foliage.
------------------------------
影片: mp4/-157wqwwtAo_000026_000036.mp4
耗時: 2.03 秒
回答: Here's a concise description of what's happening in the video:

A person is using a vacuum pump to clean dust and debris from an electrical panel.
------------------------------
影片: mp4/-0HKFF7F_BY_000003_000013.mp4
耗時: 2.39 秒
回答: Here's a concise description of what's happening in the video:

A baby is exploring a pile of blankets and toys on a bed, looking around with curiosity and occasionally crawling or reaching for items.
------------------------------
影片: mp4/-1GUNrYsD4Y_000018_000028.mp4
耗時: 2.31 秒
回答: Here's a concise description of what's happening in the video:

A person kayaks across a lake or river. There are ducks swimming nearby, and a bridge is visible in the background.
------------------------------
影片: mp4/-1brKJdL-iM_000093_000103.mp4
耗時: 2.90 秒
回答: Here's a concise description of what's happening in the video:

A golfer demonstrates a putting technique, focusing on a smooth, pendulum-like swing with minimal body movement. He emphasizes keeping the shoulders stable and using the arms and shoulders to control the putter.
------------------------------
影片: mp4/-0Y3H5y75t8_000020_000030.mp4
耗時: 2.70 秒
回答: Here's a concise description of what's happening in the video:

The video shows a windsurfing competition. Several windsurfers are racing, performing maneuvers, and occasionally crashing into the water. Safety boats are present to assist if needed.
------------------------------
影片: mp4/-0JU38ZQOlY_000000_000010.mp4
耗時: 3.27 秒
回答: Here's a concise description of what's happening in the video:

A person is kayaking down a narrow, tree-lined waterway at dawn or dusk. They are fishing, with a fishing rod visible in the frame. The scene is mostly dark, with the water reflecting the sky and the silhouettes of the trees.
------------------------------
影片: mp4/-1lbeA9Jogw_000000_000010.mp4
耗時: 2.96 秒
回答: Here's a concise description of what's happening in the video:

The video shows a person smoking a hookah (also known as a shisha or water pipe). The first few images focus on the hookah itself, and the subsequent images show the person inhaling from the hookah.
------------------------------
影片: mp4/-0H3T2B9PH4_000005_000015.mp4
耗時: 2.84 秒
回答: Here's a concise description of what's happening in the video:

A man in a wheelchair is demonstrating how to flip his wheelchair over. He uses his arms and body weight to rotate the chair 180 degrees, ending with the wheels facing forward.
------------------------------
影片: mp4/-1IlTIWPNs4_000027_000037.mp4
耗時: 1.83 秒
回答: Here's a concise description of what's happening in the video:

A young boy is shoveling snow in a snowy yard.
------------------------------
影片: mp4/-0M6S1qBn8s_000243_000253.mp4
耗時: 2.54 秒
回答: Here's a concise description of what's happening in the video:

Someone is changing a tire on a race car. The hood is open, and they are working on the wheel and tire assembly in the engine bay.
------------------------------
影片: mp4/-0R6wpipD-c_000035_000045.mp4
耗時: 2.70 秒
回答: Here's a concise description of what's happening in the video:

A baby is exploring food (likely carrots) in a high chair, using their hands to play with and taste it. It's a messy, exploratory eating experience!
------------------------------
影片: mp4/-0WL_HWewTE_000025_000035.mp4
耗時: 2.42 秒
回答: Here's a concise description of what's happening in the video:

A group of people are playfully cutting the hair of a shirtless man. He appears to be reacting with a mix of amusement and discomfort.
------------------------------
影片: mp4/-1IqhhJEfTI_000015_000025.mp4
耗時: 2.54 秒
回答: Here's a concise description of what's happening in the video:

The video shows a person ice climbing on a frozen beach. They are using ice axes and crampons to ascend a wall of ice near the shoreline.
------------------------------
影片: mp4/-01PKgtzCxc_000034_000044.mp4
耗時: 2.28 秒
回答: Here's a concise description of what's happening in the video:

A man throws a ball towards a person standing near a waterfall. The person jumps into the water below the falls.
------------------------------
影片: mp4/-0MVWb7nJLY_000008_000018.mp4
耗時: 2.72 秒
回答: Here's a concise description of what's happening in the video:

A woman is performing a dynamic aerial silks routine outdoors. She's being assisted by another person, and the routine involves climbing, inverting, and swinging on the silks.
------------------------------
影片: mp4/-1dWGnhjB2A_000049_000059.mp4
耗時: 2.12 秒
回答: Here's a concise description of what's happening in the video:

Two people are playfully battling with toy guns, laughing and reacting to each other's actions.
------------------------------
影片: mp4/-08KE5FkRUU_000001_000011.mp4
耗時: 2.85 秒
回答: Here's a concise description of what's happening in the video:

A group of people are practicing hurling, a Gaelic sport, indoors on a turf field. They are hitting a sliotar (small ball) against a wall while wearing helmets and protective gear.
------------------------------
影片: mp4/-0gO3FmnKD8_000135_000145.mp4
耗時: 2.24 秒
回答: Here's a concise description of what's happening in the video:

The video shows someone opening a boxed iPad. They remove the inner white foam tray to reveal the iPad inside.
------------------------------
影片: mp4/-0aDlftNdyw_000280_000290.mp4
耗時: 2.37 秒
回答: Here's a concise description of what's happening in the video:

People are eating watermelon slices on paper plates. Some seeds are scattered around, and napkins are being used to wipe up juice.
------------------------------
影片: mp4/-0cOo0cRVZU_000008_000018.mp4
耗時: 2.55 秒
回答: Here's a concise description of what's happening in the video:

A basketball player is practicing shooting with a Shot Tracker machine. The machine records and analyzes the shot's trajectory and accuracy. Other players are observing.
------------------------------
影片: mp4/-0yuyrbruYM_000079_000089.mp4
耗時: 2.73 秒
回答: Here's a concise description of what's happening in the video:

The video shows a series of aerial maneuvers, likely performed by a fighter jet. It includes a combination of loops, rolls, and other stunts against a clear blue sky.
------------------------------
影片: mp4/-05APhKiIXc_000070_000080.mp4
耗時: 2.31 秒
回答: Here's a concise description of what's happening in the video:

A man is practicing his golf swing on a driving range. He takes several swings, hitting golf balls towards a target.
------------------------------
影片: mp4/-0Yb1tD3HUo_000004_000014.mp4
耗時: 2.61 秒
回答: Here's a concise description of what's happening in the video:

A person is practicing putting on an indoor putting green. They are taking a swing at the golf ball, aiming for the hole at the end of the green.
------------------------------
影片: mp4/-0_5tJuIrJA_000004_000014.mp4
耗時: 3.29 秒
回答: Here's a concise description of what's happening in the video:

A Zumba demonstration or event is taking place. There's a stage with a large banner advertising "Zumba Fitness" and "Admission is Free." Several people, including instructors, are performing or presenting on the stage in front of an audience.
------------------------------
影片: mp4/-1GRj5UvVBA_000025_000035.mp4
耗時: 2.54 秒
回答: Here's a concise description of what's happening in the video:

**David Lynch is accepting an award (likely a Golden Globe) while wearing his signature sunglasses. He appears to be giving a brief acceptance speech.**
------------------------------
影片: mp4/-0oMsq-9b6c_000095_000105.mp4
耗時: 2.07 秒
回答: Here's a concise description of what's happening in the video:

A person is sanding a wooden floor while connected to a vacuum cleaner that collects the dust.
------------------------------
影片: mp4/-1jQapks1hI_000053_000063.mp4
耗時: 3.34 秒
回答: Here's a concise description of what's happening in the video:

The video shows someone preparing a sauce, likely a salsa or similar condiment. They are mashing ingredients like tomatoes, onions, garlic, and herbs with a mortar and pestle. There are also other ingredients like oil and a red sauce in separate containers.
------------------------------
影片: mp4/-0WBheGENmk_000009_000019.mp4
耗時: 3.04 秒
回答: Here's a concise description of what's happening in the video:

Evander Holyfield, wearing a headband and Adidas tracksuit, is playfully demonstrating how to eat a pickle. He's holding two pickles and showing the technique to someone off-camera, while a woman watches nearby.
------------------------------
影片: mp4/-1B_EOupmCE_000076_000086.mp4
耗時: 3.00 秒
回答: Here's a concise description of what's happening in the video:

A group of women are gathered around a table playing cards and drinking. They are wearing festive party hats and appear to be laughing and enjoying themselves. There are drinks, snacks, and cards scattered on the table.
------------------------------
影片: mp4/-0lqH3xAz6M_000014_000024.mp4
耗時: 2.65 秒
回答: Here's a concise description of what's happening in the video:

A person on skis is attempting to launch a kite while standing on a frozen lake. They are adjusting the kite lines and appear to be trying to get it airborne.
------------------------------
影片: mp4/-0MLLn0Zg1M_000015_000025.mp4
耗時: 2.89 秒
回答: Here's a concise description of what's happening in the video:

A white catamaran is sailing on a bright blue ocean under a clear sky. Crew members are adjusting the sails and steering the boat. The boat is creating a wake as it moves through the water.
------------------------------
影片: mp4/-00nar1nEPc_000033_000043.mp4
耗時: 2.83 秒
回答: Here's a concise description of what's happening in the video:

Two men are performing music together. One is playing an acoustic guitar while the other is playing a harmonica. They are in a living room setting with a Chinese calligraphy artwork on the wall.
------------------------------
影片: mp4/-0EXMXaj77A_000062_000072.mp4
耗時: 2.23 秒
回答: Here's a concise description of what's happening in the video:

A woman is feeding seagulls on a wooden boardwalk. Many seagulls are gathered on the boardwalk and flying around her.
------------------------------
影片: mp4/-1HT31BzADs_000118_000128.mp4
耗時: 2.81 秒
回答: Here's a concise description of what's happening in the video:

The video shows a high school pole vaulting competition. Athletes are running, vaulting over a high bar, and landing on a cushioned mat. Spectators are watching from the stands.
------------------------------
影片: mp4/-02uQdK46rE_000014_000024.mp4
耗時: 2.03 秒
回答: Here's a concise description of what's happening in the video:

A person is shaving their leg in a bathtub, using shaving cream and a razor.
------------------------------
影片: mp4/-1KMJ1BZ2mU_000017_000027.mp4
耗時: 2.66 秒
回答: Here's a concise description of what's happening in the video:

A young boy is falling from a wooden structure, possibly a play area. He appears to be tumbling downwards, and someone is reaching out to try and catch him.
------------------------------
影片: mp4/-1Fa5I5O_40_000009_000019.mp4
耗時: 2.71 秒
回答: Here's a concise description of what's happening in the video:

A woman is climbing a thick rope that's suspended from a palm tree. She's using a combination of handholds and foot placements on the rope to ascend.
------------------------------
影片: mp4/-0LoCy0-F9A_000018_000028.mp4
耗時: 2.77 秒
回答: Here's a concise description of what's happening in the video:

Two people are hula hooping indoors, near a window and a cabinet. One person is wearing a pink shirt and the other is wearing a red tank top and shorts.
------------------------------
