載入模型與處理器: google/gemma-3-4b-it ...
HTTP Request: HEAD https://huggingface.co/google/gemma-3-4b-it/resolve/main/processor_config.json "HTTP/1.1 200 OK"
HTTP Request: GET https://huggingface.co/api/models/google/gemma-3-4b-it/tree/main/additional_chat_templates?recursive=false&expand=false "HTTP/1.1 404 Not Found"
HTTP Request: HEAD https://huggingface.co/google/gemma-3-4b-it/resolve/main/processor_config.json "HTTP/1.1 200 OK"
HTTP Request: HEAD https://huggingface.co/google/gemma-3-4b-it/resolve/main/chat_template.json "HTTP/1.1 200 OK"
HTTP Request: HEAD https://huggingface.co/google/gemma-3-4b-it/resolve/main/chat_template.jinja "HTTP/1.1 404 Not Found"
HTTP Request: HEAD https://huggingface.co/google/gemma-3-4b-it/resolve/main/audio_tokenizer_config.json "HTTP/1.1 404 Not Found"
HTTP Request: GET https://huggingface.co/api/models/google/gemma-3-4b-it/tree/main/additional_chat_templates?recursive=false&expand=false "HTTP/1.1 404 Not Found"
HTTP Request: HEAD https://huggingface.co/google/gemma-3-4b-it/resolve/main/processor_config.json "HTTP/1.1 200 OK"
HTTP Request: HEAD https://huggingface.co/google/gemma-3-4b-it/resolve/main/chat_template.json "HTTP/1.1 200 OK"
HTTP Request: HEAD https://huggingface.co/google/gemma-3-4b-it/resolve/main/chat_template.jinja "HTTP/1.1 404 Not Found"
HTTP Request: HEAD https://huggingface.co/google/gemma-3-4b-it/resolve/main/audio_tokenizer_config.json "HTTP/1.1 404 Not Found"
HTTP Request: HEAD https://huggingface.co/google/gemma-3-4b-it/resolve/main/processor_config.json "HTTP/1.1 200 OK"
HTTP Request: HEAD https://huggingface.co/google/gemma-3-4b-it/resolve/main/preprocessor_config.json "HTTP/1.1 200 OK"
HTTP Request: HEAD https://huggingface.co/google/gemma-3-4b-it/resolve/main/processor_config.json "HTTP/1.1 200 OK"
HTTP Request: HEAD https://huggingface.co/google/gemma-3-4b-it/resolve/main/preprocessor_config.json "HTTP/1.1 200 OK"
HTTP Request: HEAD https://huggingface.co/google/gemma-3-4b-it/resolve/main/config.json "HTTP/1.1 200 OK"
HTTP Request: HEAD https://huggingface.co/google/gemma-3-4b-it/resolve/main/tokenizer_config.json "HTTP/1.1 200 OK"
HTTP Request: GET https://huggingface.co/api/models/google/gemma-3-4b-it/tree/main/additional_chat_templates?recursive=false&expand=false "HTTP/1.1 404 Not Found"
HTTP Request: GET https://huggingface.co/api/models/google/gemma-3-4b-it/tree/main?recursive=true&expand=false "HTTP/1.1 200 OK"
HTTP Request: GET https://huggingface.co/api/models/google/gemma-3-4b-it "HTTP/1.1 200 OK"
HTTP Request: HEAD https://huggingface.co/google/gemma-3-4b-it/resolve/main/config.json "HTTP/1.1 200 OK"
HTTP Request: HEAD https://huggingface.co/google/gemma-3-4b-it/resolve/main/generation_config.json "HTTP/1.1 200 OK"
從 falling_off_bike 尋找，共找到 45 支影片。
開始測試，隨機抽取 45 支影片進行推論...
==================================================
[1/45] 處理影片: falling_off_bike/falling_off_bike_ENfmLM2-ZDQ.mp4
開始生成回答...
⏱️ 耗時: 2.47 秒
⚡ 速度: 5.25 tokens/sec (13 tokens)
🤖 模型回答:
Mountain biker navigates a flooded, stone-lined waterway.
------------------------------
==================================================
[2/45] 處理影片: falling_off_bike/falling_off_bike_4kU-hbhQ9is.mp4
開始生成回答...
⏱️ 耗時: 2.04 秒
⚡ 速度: 4.90 tokens/sec (10 tokens)
🤖 模型回答:
Person riding a bicycle down a city street.
------------------------------
==================================================
[3/45] 處理影片: falling_off_bike/falling_off_bike_SocGMDzqthw.mp4
開始生成回答...
⏱️ 耗時: 2.09 秒
⚡ 速度: 5.74 tokens/sec (12 tokens)
🤖 模型回答:
Cyclist falls dramatically while riding on a wet street.
------------------------------
==================================================
[4/45] 處理影片: falling_off_bike/falling_off_bike_vz8oSbQi_mM.mp4
開始生成回答...
⏱️ 耗時: 2.03 秒
⚡ 速度: 4.92 tokens/sec (10 tokens)
🤖 模型回答:
Skater performing tricks at a skate park.
------------------------------
==================================================
[5/45] 處理影片: falling_off_bike/falling_off_bike_rhCVjp71CRU.mp4
開始生成回答...
⏱️ 耗時: 2.02 秒
⚡ 速度: 4.46 tokens/sec (9 tokens)
🤖 模型回答:
Mountain biker crashes on a dirt trail.
------------------------------
==================================================
[6/45] 處理影片: falling_off_bike/falling_off_bike_W8fpOGSD_7M.mp4
開始生成回答...
⏱️ 耗時: 2.08 秒
⚡ 速度: 5.78 tokens/sec (12 tokens)
🤖 模型回答:
Person falls off bicycle in a messy, chaotic way.
------------------------------
==================================================
[7/45] 處理影片: falling_off_bike/falling_off_bike__9wbSErLcT4.mp4
開始生成回答...
⏱️ 耗時: 2.07 秒
⚡ 速度: 5.31 tokens/sec (11 tokens)
🤖 模型回答:
A person riding a bicycle down a narrow path.
------------------------------
==================================================
[8/45] 處理影片: falling_off_bike/falling_off_bike_qKScacoGAwE.mp4
開始生成回答...
⏱️ 耗時: 2.05 秒
⚡ 速度: 5.36 tokens/sec (11 tokens)
🤖 模型回答:
A man and a woman fall off a bicycle.
------------------------------
==================================================
[9/45] 處理影片: falling_off_bike/falling_off_bike_GNjsTEp_J8E.mp4
開始生成回答...
⏱️ 耗時: 2.04 秒
⚡ 速度: 4.90 tokens/sec (10 tokens)
🤖 模型回答:
Person riding a bicycle on a wooden log.
------------------------------
==================================================
[10/45] 處理影片: falling_off_bike/falling_off_bike_AxMf6X5_A3A.mp4
開始生成回答...
⏱️ 耗時: 2.04 秒
⚡ 速度: 4.89 tokens/sec (10 tokens)
🤖 模型回答:
Person riding a bicycle through a suburban neighborhood.
------------------------------
==================================================
[11/45] 處理影片: falling_off_bike/falling_off_bike_W6M1Y_RYQIY.mp4
開始生成回答...
⏱️ 耗時: 2.02 秒
⚡ 速度: 4.45 tokens/sec (9 tokens)
🤖 模型回答:
Child crashes bike on a makeshift ramp.
------------------------------
==================================================
[12/45] 處理影片: falling_off_bike/falling_off_bike_k73Go_-hE-I.mp4
開始生成回答...
⏱️ 耗時: 2.02 秒
⚡ 速度: 4.46 tokens/sec (9 tokens)
🤖 模型回答:
Person falls off bicycle after ramp ride.
------------------------------
==================================================
[13/45] 處理影片: falling_off_bike/falling_off_bike_USCaphYBPOg.mp4
開始生成回答...
⏱️ 耗時: 2.43 秒
⚡ 速度: 11.54 tokens/sec (28 tokens)
🤖 模型回答:
Here’s a description of the main action in under 10 words:

**Person riding bicycle upside down on a street.**
------------------------------
==================================================
[14/45] 處理影片: falling_off_bike/falling_off_bike_wWEnYiHzorg.mp4
開始生成回答...
⏱️ 耗時: 2.05 秒
⚡ 速度: 4.88 tokens/sec (10 tokens)
🤖 模型回答:
Child falls off bike in a muddy alley.
------------------------------
==================================================
[15/45] 處理影片: falling_off_bike/falling_off_bike_WWjDVZAIxrA.mp4
開始生成回答...
⏱️ 耗時: 2.06 秒
⚡ 速度: 5.35 tokens/sec (11 tokens)
🤖 模型回答:
Bmx riders performing stunts on a dirt trail.
------------------------------
==================================================
[16/45] 處理影片: falling_off_bike/falling_off_bike_puUZXLmpJKI.mp4
開始生成回答...
⏱️ 耗時: 2.04 秒
⚡ 速度: 4.90 tokens/sec (10 tokens)
🤖 模型回答:
Person falls off bicycle in a grassy park.
------------------------------
==================================================
[17/45] 處理影片: falling_off_bike/falling_off_bike_4VpUtUGcJzE.mp4
開始生成回答...
⏱️ 耗時: 2.02 秒
⚡ 速度: 4.45 tokens/sec (9 tokens)
🤖 模型回答:
Kids riding BMX bikes in a park.
------------------------------
==================================================
[18/45] 處理影片: falling_off_bike/falling_off_bike_KZZ2ySZ2oC8.mp4
開始生成回答...
⏱️ 耗時: 2.03 秒
⚡ 速度: 4.91 tokens/sec (10 tokens)
🤖 模型回答:
Man falls off tiny bike on a street.
------------------------------
==================================================
[19/45] 處理影片: falling_off_bike/falling_off_bike_p8Jt6ROutMo.mp4
開始生成回答...
⏱️ 耗時: 2.04 秒
⚡ 速度: 4.89 tokens/sec (10 tokens)
🤖 模型回答:
People riding dirt bikes over a muddy mound.
------------------------------
==================================================
[20/45] 處理影片: falling_off_bike/falling_off_bike_WGHj7LBp2t8.mp4
開始生成回答...
⏱️ 耗時: 2.44 秒
⚡ 速度: 11.48 tokens/sec (28 tokens)
🤖 模型回答:
Here’s a description of the main action in under 10 words:

**Person falls into a muddy, shallow stream.**
------------------------------
==================================================
[21/45] 處理影片: falling_off_bike/falling_off_bike_-c0s5FYBWTQ.mp4
開始生成回答...
⏱️ 耗時: 2.05 秒
⚡ 速度: 4.88 tokens/sec (10 tokens)
🤖 模型回答:
Child riding a tricycle down a suburban street.
------------------------------
==================================================
[22/45] 處理影片: falling_off_bike/falling_off_bike_4y0ujkNbul8.mp4
開始生成回答...
⏱️ 耗時: 2.05 秒
⚡ 速度: 4.88 tokens/sec (10 tokens)
🤖 模型回答:
Child falls off bike while learning to balance.
------------------------------
==================================================
[23/45] 處理影片: falling_off_bike/falling_off_bike_9EqDdRaHEZE.mp4
開始生成回答...
⏱️ 耗時: 2.04 秒
⚡ 速度: 4.91 tokens/sec (10 tokens)
🤖 模型回答:
Person riding a bike crashes into a turtle.
------------------------------
==================================================
[24/45] 處理影片: falling_off_bike/falling_off_bike_RluniDxJ-io.mp4
開始生成回答...
⏱️ 耗時: 2.07 秒
⚡ 速度: 5.32 tokens/sec (11 tokens)
🤖 模型回答:
People riding a small vehicle down a dirt slope.
------------------------------
==================================================
[25/45] 處理影片: falling_off_bike/falling_off_bike_I10wpW-lYPM.mp4
開始生成回答...
⏱️ 耗時: 2.02 秒
⚡ 速度: 4.46 tokens/sec (9 tokens)
🤖 模型回答:
Boy falls off bike in a park.
------------------------------
==================================================
[26/45] 處理影片: falling_off_bike/falling_off_bike_F5rWXJiw4Z4.mp4
開始生成回答...
⏱️ 耗時: 2.05 秒
⚡ 速度: 4.88 tokens/sec (10 tokens)
🤖 模型回答:
Mountain biker descends a muddy, wooded trail.
------------------------------
==================================================
[27/45] 處理影片: falling_off_bike/falling_off_bike_Hrt2-YSJaBM.mp4
開始生成回答...
⏱️ 耗時: 2.45 秒
⚡ 速度: 11.84 tokens/sec (29 tokens)
🤖 模型回答:
Here’s a description of the main action in under 10 words:

**Cyclist falls into flooded area, bike entangled.**
------------------------------
==================================================
[28/45] 處理影片: falling_off_bike/falling_off_bike_AVLCPu4UaPE.mp4
開始生成回答...
⏱️ 耗時: 2.04 秒
⚡ 速度: 4.90 tokens/sec (10 tokens)
🤖 模型回答:
Child falls off bike while riding on pavement.
------------------------------
==================================================
[29/45] 處理影片: falling_off_bike/falling_off_bike_Tl1a49pTtak.mp4
開始生成回答...
⏱️ 耗時: 2.05 秒
⚡ 速度: 4.88 tokens/sec (10 tokens)
🤖 模型回答:
Cyclist falls and crashes on the pavement.
------------------------------
==================================================
[30/45] 處理影片: falling_off_bike/falling_off_bike_7PcdoivSB3w.mp4
開始生成回答...
⏱️ 耗時: 2.05 秒
⚡ 速度: 4.88 tokens/sec (10 tokens)
🤖 模型回答:
Young man falls while attempting a bike trick.
------------------------------
==================================================
[31/45] 處理影片: falling_off_bike/falling_off_bike_X5QyTM7XAjo.mp4
開始生成回答...
⏱️ 耗時: 2.05 秒
⚡ 速度: 4.87 tokens/sec (10 tokens)
🤖 模型回答:
Woman falls off bicycle in a comical way.
------------------------------
==================================================
[32/45] 處理影片: falling_off_bike/falling_off_bike_Zt4pZsUXLwU.mp4
開始生成回答...
⏱️ 耗時: 2.43 秒
⚡ 速度: 11.53 tokens/sec (28 tokens)
🤖 模型回答:
Here's a description of the main action in under 10 words:

**Person riding a bike up a long staircase.**
------------------------------
==================================================
[33/45] 處理影片: falling_off_bike/falling_off_bike_GcWGUxG-qYo.mp4
開始生成回答...
⏱️ 耗時: 2.05 秒
⚡ 速度: 4.88 tokens/sec (10 tokens)
🤖 模型回答:
Person crashes a vehicle down a dirt trail.
------------------------------
==================================================
[34/45] 處理影片: falling_off_bike/falling_off_bike_0uf2P7BX1vs.mp4
開始生成回答...
⏱️ 耗時: 2.04 秒
⚡ 速度: 4.89 tokens/sec (10 tokens)
🤖 模型回答:
Man falls off trampoline while riding a bike.
------------------------------
==================================================
[35/45] 處理影片: falling_off_bike/falling_off_bike_ggi3XwH4vPo.mp4
開始生成回答...
⏱️ 耗時: 2.09 秒
⚡ 速度: 5.74 tokens/sec (12 tokens)
🤖 模型回答:
Man riding a bike through a muddy, flooded area.
------------------------------
==================================================
[36/45] 處理影片: falling_off_bike/falling_off_bike_YawF29t8FRY.mp4
開始生成回答...
⏱️ 耗時: 2.05 秒
⚡ 速度: 4.87 tokens/sec (10 tokens)
🤖 模型回答:
People riding bicycles through a murky forest path.
------------------------------
==================================================
[37/45] 處理影片: falling_off_bike/falling_off_bike_0US_tIy2xAg.mp4
開始生成回答...
⏱️ 耗時: 2.14 秒
⚡ 速度: 6.54 tokens/sec (14 tokens)
🤖 模型回答:
Person riding a bike over a ramp in front of a house.
------------------------------
==================================================
[38/45] 處理影片: falling_off_bike/falling_off_bike_7qZvo1A3MRQ.mp4
開始生成回答...
⏱️ 耗時: 2.04 秒
⚡ 速度: 4.89 tokens/sec (10 tokens)
🤖 模型回答:
A person riding a bicycle through the yard.
------------------------------
==================================================
[39/45] 處理影片: falling_off_bike/falling_off_bike_u386WjrxTuM.mp4
開始生成回答...
⏱️ 耗時: 2.04 秒
⚡ 速度: 4.89 tokens/sec (10 tokens)
🤖 模型回答:
Boy jumps off a hill into a pond.
------------------------------
==================================================
[40/45] 處理影片: falling_off_bike/falling_off_bike_GduBJtZHDGM.mp4
開始生成回答...
⏱️ 耗時: 2.07 秒
⚡ 速度: 5.30 tokens/sec (11 tokens)
🤖 模型回答:
People riding bicycles on a flooded, outdoor track.
------------------------------
==================================================
[41/45] 處理影片: falling_off_bike/falling_off_bike_G_w2dLWeQfY.mp4
開始生成回答...
⏱️ 耗時: 2.05 秒
⚡ 速度: 4.87 tokens/sec (10 tokens)
🤖 模型回答:
Person falls off a bicycle on the ground.
------------------------------
==================================================
[42/45] 處理影片: falling_off_bike/falling_off_bike_vg4T4Ts3KdU.mp4
開始生成回答...
⏱️ 耗時: 2.08 秒
⚡ 速度: 5.76 tokens/sec (12 tokens)
🤖 模型回答:
Man riding a bike through a dusty, rural area.
------------------------------
==================================================
[43/45] 處理影片: falling_off_bike/falling_off_bike_QcutxgXwENE.mp4
開始生成回答...
⏱️ 耗時: 2.03 秒
⚡ 速度: 4.43 tokens/sec (9 tokens)
🤖 模型回答:
Person falls off bicycle in grassy terrain.
------------------------------
==================================================
[44/45] 處理影片: falling_off_bike/falling_off_bike_6bIMrpU6ils.mp4
開始生成回答...
⏱️ 耗時: 2.07 秒
⚡ 速度: 5.32 tokens/sec (11 tokens)
🤖 模型回答:
Child balances on a rolling wheel down a slope.
------------------------------
==================================================
[45/45] 處理影片: falling_off_bike/falling_off_bike_QXlLnjld17U.mp4
開始生成回答...
⏱️ 耗時: 2.03 秒
⚡ 速度: 4.43 tokens/sec (9 tokens)
🤖 模型回答:
Boy falls off bicycle after losing control.
------------------------------

==================== 測試總結 ====================
成功處理影片數  : 45 / 45
總耗費時間      : 94.24 秒
總生成 Tokens 數: 537
平均每支影片耗時: 2.09 秒
整體生成速度    : 5.70 tokens/sec
GPU 最高記憶體佔用: 11.43 GB
詳細測試結果已隨時記錄於 gemma-3-4b-it/falling_off_bike.log
