影片: mp4/-157wqwwtAo_000026_000036.mp4
耗時: 1.41 秒
速度: 21.23 tokens/sec
回答: Here's a concise description of the video's main action:

Someone is attaching a vacuum nozzle to a vacuum pump for cleaning purposes.
------------------------------
影片: mp4/-0-ukHRelxA_000015_000025.mp4
耗時: 1.20 秒
速度: 29.24 tokens/sec
回答: Here's a description of the video's main action:

A person is gently handling a chinchilla inside its cage, appearing to be interacting with it.
------------------------------
影片: mp4/-0gO3FmnKD8_000135_000145.mp4
耗時: 1.05 秒
速度: 26.79 tokens/sec
回答: Here’s a description of the video’s main action:

Someone is carefully opening an iPad box to reveal the device inside.
------------------------------
影片: mp4/-0yuyrbruYM_000079_000089.mp4
耗時: 1.20 秒
速度: 29.28 tokens/sec
回答: Here's a description of the video's main action:

A yellow kite is flying high in the blue sky, with trails of smoke or vapor behind it.
------------------------------
影片: mp4/-0LoCy0-F9A_000018_000028.mp4
耗時: 1.15 秒
速度: 28.68 tokens/sec
回答: Here's a concise description of the video's main action:

Two women are hula hooping indoors, appearing to be exercising or having fun.
------------------------------
影片: mp4/-1HT31BzADs_000118_000128.mp4
耗時: 1.17 秒
速度: 29.03 tokens/sec
回答: Here’s a description of the video’s main action:

A high school athlete is attempting to clear a pole vault bar during a track and field competition.
------------------------------
影片: mp4/-0mnCHRQ-Zc_000092_000102.mp4
耗時: 1.20 秒
速度: 29.23 tokens/sec
回答: Here's a concise description of the video's main action:

A nurse is adjusting a covered patient in a hospital bed, seemingly assisting with a medical procedure.
------------------------------
影片: mp4/-0MVWb7nJLY_000008_000018.mp4
耗時: 1.11 秒
速度: 27.87 tokens/sec
回答: Here's a description of the video's main action:

A performer is executing aerial acrobatics, hanging from a suspended pole and rope.
------------------------------
影片: mp4/-1lbeA9Jogw_000000_000010.mp4
耗時: 1.22 秒
速度: 29.53 tokens/sec
回答: Here's a concise description of what's happening in the video:

A person is smoking a hookah in a dimly lit room, appearing to be enjoying the experience.
------------------------------
影片: mp4/-0Y3H5y75t8_000020_000030.mp4
耗時: 1.13 秒
速度: 28.27 tokens/sec
回答: Here’s a description of the video’s main action:

Windsurfers are performing aerial maneuvers and wipeouts in choppy waters during a competition.
------------------------------
影片: mp4/-00nar1nEPc_000033_000043.mp4
耗時: 0.88 秒
速度: 22.85 tokens/sec
回答: Two men are playing music together: one blowing a small instrument and the other playing a guitar.
------------------------------
影片: mp4/-0HSpenSJGs_000000_000010.mp4
耗時: 1.07 秒
速度: 27.17 tokens/sec
回答: Here's a description of the video's main action:

A man is juggling oranges outdoors, amidst olive trees and golden sunlight.
------------------------------
影片: mp4/-0Yb1tD3HUo_000004_000014.mp4
耗時: 1.17 秒
速度: 28.95 tokens/sec
回答: Here's a description of the video's main action:

A person is practicing their putting stroke on a miniature golf course, focusing on accuracy and technique.
------------------------------
影片: mp4/-0S06ntmN_I_000019_000029.mp4
耗時: 1.13 秒
速度: 28.24 tokens/sec
回答: Here's a description of the video's main action:

A person is performing a twisting split stretch on a padded mat in a gym setting.
------------------------------
影片: mp4/-0aDlftNdyw_000280_000290.mp4
耗時: 0.79 秒
速度: 20.31 tokens/sec
回答: People are eating watermelon slices, resulting in juice spills and some minor cuts.
------------------------------
影片: mp4/-01cbva4erQ_000007_000017.mp4
耗時: 1.05 秒
速度: 26.69 tokens/sec
回答: Here’s a description of the video’s main action:

A man is skillfully throwing a clay pot on a pottery wheel.
------------------------------
影片: mp4/-0H3T2B9PH4_000005_000015.mp4
耗時: 1.16 秒
速度: 28.55 tokens/sec
回答: Here’s a concise description of the video’s main action:

A person in a wheelchair is struggling to flip it over, appearing to be stuck.
------------------------------
影片: mp4/-1IlTIWPNs4_000027_000037.mp4
耗時: 1.07 秒
速度: 27.13 tokens/sec
回答: Here’s a description of the video’s main action:

A young boy is diligently shoveling snow in a snowy suburban neighborhood.
------------------------------
影片: mp4/-0EXMXaj77A_000062_000072.mp4
耗時: 1.12 秒
速度: 27.72 tokens/sec
回答: Here's a description of the main action in the video:

A woman is feeding seagulls on a wooden boardwalk, with several birds circling overhead.
------------------------------
影片: mp4/-1Fa5I5O_40_000009_000019.mp4
耗時: 1.13 秒
速度: 28.30 tokens/sec
回答: Here's a concise description of the video's main action:

A woman is attempting to climb a thick rope pole in a grassy outdoor setting.
------------------------------
影片: mp4/-0HRnFhCDdc_000026_000036.mp4
耗時: 1.18 秒
速度: 28.70 tokens/sec
回答: Here's a description of the video's main action:

A cute dog eagerly reaches for a human's hand, clearly wanting a treat or affection.
------------------------------
影片: mp4/-1jQapks1hI_000053_000063.mp4
耗時: 1.22 秒
速度: 29.55 tokens/sec
回答: Here's a description of the video's main action:

A woman is preparing a dish, likely a sauce or marinade, by adding ingredients to a glass container.
------------------------------
影片: mp4/-1Kv095GbV8_000000_000010.mp4
耗時: 1.11 秒
速度: 27.92 tokens/sec
回答: Here's a description of the video's main action:

A group of dancers performs a synchronized, intense movement sequence on a dark stage.
------------------------------
影片: mp4/-0WL_HWewTE_000025_000035.mp4
耗時: 1.16 秒
速度: 28.43 tokens/sec
回答: Here's a concise description of the video's main action:

Multiple people are aggressively cutting and styling a man's hair in a bathroom setting.
------------------------------
影片: mp4/-07Ke73N4zI_000612_000622.mp4
耗時: 1.13 秒
速度: 28.28 tokens/sec
回答: Here's a description of the video's main action:

A person is stirring a stew or curry in a pot, adding ingredients and seasonings.
------------------------------
影片: mp4/-0cOo0cRVZU_000008_000018.mp4
耗時: 1.05 秒
速度: 26.57 tokens/sec
回答: Here’s a description of the video’s main action:

A player is practicing their shooting form using a shooting target system.
------------------------------
影片: mp4/-1dWGnhjB2A_000049_000059.mp4
耗時: 1.14 秒
速度: 28.06 tokens/sec
回答: Here's a description of the video's main action:

Two people are playing a game with small, yellow bottles, laughing and interacting closely.
------------------------------
影片: mp4/-0R6wpipD-c_000035_000045.mp4
耗時: 1.13 秒
速度: 28.20 tokens/sec
回答: Here’s a description of the video’s main action:

A baby is enthusiastically, but messily, eating spaghetti in a high chair.
------------------------------
影片: mp4/-1B_EOupmCE_000076_000086.mp4
耗時: 1.24 秒
速度: 29.85 tokens/sec
回答: Here’s a description of the video’s main action:

Three women are playing cards while wearing party hats and crowns, seemingly in a festive, possibly drunken, setting.
------------------------------
影片: mp4/-0_5tJuIrJA_000004_000014.mp4
耗時: 1.24 秒
速度: 29.91 tokens/sec
回答: Here’s a description of the video’s main action:

A free Zumbathon is taking place, with instructors leading a group of people in a lively dance workout.
------------------------------
影片: mp4/-0M6S1qBn8s_000243_000253.mp4
耗時: 1.01 秒
速度: 25.81 tokens/sec
回答: Here's a concise description of the video:

Someone is removing a large Frasier intake from a car engine.
------------------------------
影片: mp4/-1brKJdL-iM_000093_000103.mp4
耗時: 1.13 秒
速度: 28.23 tokens/sec
回答: Here's a description of the video's main action:

A golfer is practicing his putting stroke on a green, demonstrating proper form and stance.
------------------------------
影片: mp4/-0MLLn0Zg1M_000015_000025.mp4
耗時: 1.18 秒
速度: 28.87 tokens/sec
回答: Here’s a description of the video’s main action:

A catamaran sailboat is sailing on a bright blue ocean, propelled by wind and a small motor.
------------------------------
影片: mp4/-1GRj5UvVBA_000025_000035.mp4
耗時: 1.20 秒
速度: 29.10 tokens/sec
回答: Here’s a description of the video’s main action:

The image shows Morrissey, wearing sunglasses and a black suit, holding an award at an awards show.
------------------------------
影片: mp4/-0SoxHZp0SM_000091_000101.mp4
耗時: 1.09 秒
速度: 27.53 tokens/sec
回答: Here’s a description of the video’s main action:

Snowboarders are enjoying a thrilling downhill run on a snowy mountain slope.
------------------------------
影片: mp4/-00fzD4K6aw_000007_000017.mp4
耗時: 1.15 秒
速度: 28.61 tokens/sec
回答: Here’s a description of the video’s main action:

A young child is playfully exploring a grassy area, crawling, rolling, and running around.
------------------------------
影片: mp4/-1GUNrYsD4Y_000018_000028.mp4
耗時: 1.09 秒
速度: 27.50 tokens/sec
回答: Here’s a description of the video’s main action:

Two ducks are swimming in a pond, while a kayaker paddles nearby.
------------------------------
影片: mp4/-0kVxoFuMGQ_000622_000632.mp4
耗時: 1.22 秒
速度: 29.59 tokens/sec
回答: Here’s a description of the video’s main action:

A Thai marching band performs a synchronized routine with flags, instruments, and coordinated movements on a grassy field.
------------------------------
影片: mp4/-1IqhhJEfTI_000015_000025.mp4
耗時: 1.10 秒
速度: 27.32 tokens/sec
回答: Here’s a description of the video’s main action:

Someone is ice fishing on a frozen beach, using a specialized harness system.
------------------------------
影片: mp4/-05APhKiIXc_000070_000080.mp4
耗時: 1.18 秒
速度: 28.91 tokens/sec
回答: Here’s a description of the video’s main action:

A golfer is practicing putting on a green, adjusting their stance and attempting to sink the ball.
------------------------------
影片: mp4/-0lqH3xAz6M_000014_000024.mp4
耗時: 1.20 秒
速度: 29.10 tokens/sec
回答: Here's a description of the video's main action:

A person is skiing across a snowy field while holding a kite, seemingly attempting to control their movement.
------------------------------
影片: mp4/-01PKgtzCxc_000034_000044.mp4
耗時: 1.24 秒
速度: 29.86 tokens/sec
回答: Here's a description of the video's main action:

A man is attempting to slide down a rock face into a pool of water, with a woman assisting him.
------------------------------
影片: mp4/-1KMJ1BZ2mU_000017_000027.mp4
耗時: 1.18 秒
速度: 28.89 tokens/sec
回答: Here's a concise description of the video's main action:

A person is attempting to climb a wooden structure, appearing to lose their balance and fall.
------------------------------
影片: mp4/-0MsYnGUrfE_000022_000032.mp4
耗時: 1.18 秒
速度: 28.93 tokens/sec
回答: Here’s a description of the video’s main action:

A person in military-style gear is participating in a paintball game, covered in green paint.
------------------------------
影片: mp4/-0HKFF7F_BY_000003_000013.mp4
耗時: 1.13 秒
速度: 28.27 tokens/sec
回答: Here's a description of the video's main action:

A baby is playfully looking around, seemingly reacting to something, with an open mouth.
------------------------------
影片: mp4/-0oMsq-9b6c_000095_000105.mp4
耗時: 1.09 秒
速度: 27.48 tokens/sec
回答: Here’s a description of the video’s main action:

A worker is sanding and vacuuming a wooden floor during a renovation project.
------------------------------
影片: mp4/-0JU38ZQOlY_000000_000010.mp4
耗時: 1.12 秒
速度: 27.78 tokens/sec
回答: Here’s a description of the video’s main action:

A person kayaks at dusk, silently navigating a dark waterway with a fishing rod.
------------------------------
影片: mp4/-0WBheGENmk_000009_000019.mp4
耗時: 1.20 秒
速度: 29.21 tokens/sec
回答: Here’s a description of the video’s main action:

A man in a tracksuit is holding and manipulating small, green objects while standing in a gym setting.
------------------------------
影片: mp4/-02uQdK46rE_000014_000024.mp4
耗時: 1.05 秒
速度: 26.55 tokens/sec
回答: Here's a concise description of the video:

A person is shaving their legs in a bathtub with a razor and shaving cream.
------------------------------
影片: mp4/-08KE5FkRUU_000001_000011.mp4
耗時: 1.11 秒
速度: 27.92 tokens/sec
回答: Here’s a description of the video’s main action:

A group of people are practicing field lacrosse indoors, using cones and wearing helmets.
------------------------------
