2026-03-08 09:34:40,116 - 載入模型與處理器: google/gemma-3-4b-it ...
2026-03-08 09:34:40,355 - HTTP Request: HEAD https://huggingface.co/google/gemma-3-4b-it/resolve/main/processor_config.json "HTTP/1.1 200 OK"
2026-03-08 09:34:40,561 - HTTP Request: GET https://huggingface.co/api/models/google/gemma-3-4b-it/tree/main/additional_chat_templates?recursive=false&expand=false "HTTP/1.1 404 Not Found"
2026-03-08 09:34:40,768 - HTTP Request: HEAD https://huggingface.co/google/gemma-3-4b-it/resolve/main/processor_config.json "HTTP/1.1 200 OK"
2026-03-08 09:34:40,977 - HTTP Request: HEAD https://huggingface.co/google/gemma-3-4b-it/resolve/main/chat_template.json "HTTP/1.1 200 OK"
2026-03-08 09:34:41,185 - HTTP Request: HEAD https://huggingface.co/google/gemma-3-4b-it/resolve/main/chat_template.jinja "HTTP/1.1 404 Not Found"
2026-03-08 09:34:41,391 - HTTP Request: HEAD https://huggingface.co/google/gemma-3-4b-it/resolve/main/audio_tokenizer_config.json "HTTP/1.1 404 Not Found"
2026-03-08 09:34:41,609 - HTTP Request: GET https://huggingface.co/api/models/google/gemma-3-4b-it/tree/main/additional_chat_templates?recursive=false&expand=false "HTTP/1.1 404 Not Found"
2026-03-08 09:34:41,824 - HTTP Request: HEAD https://huggingface.co/google/gemma-3-4b-it/resolve/main/processor_config.json "HTTP/1.1 200 OK"
2026-03-08 09:34:42,030 - HTTP Request: HEAD https://huggingface.co/google/gemma-3-4b-it/resolve/main/chat_template.json "HTTP/1.1 200 OK"
2026-03-08 09:34:42,236 - HTTP Request: HEAD https://huggingface.co/google/gemma-3-4b-it/resolve/main/chat_template.jinja "HTTP/1.1 404 Not Found"
2026-03-08 09:34:42,452 - HTTP Request: HEAD https://huggingface.co/google/gemma-3-4b-it/resolve/main/audio_tokenizer_config.json "HTTP/1.1 404 Not Found"
2026-03-08 09:34:42,655 - HTTP Request: HEAD https://huggingface.co/google/gemma-3-4b-it/resolve/main/processor_config.json "HTTP/1.1 200 OK"
2026-03-08 09:34:42,860 - HTTP Request: HEAD https://huggingface.co/google/gemma-3-4b-it/resolve/main/preprocessor_config.json "HTTP/1.1 200 OK"
2026-03-08 09:34:43,067 - HTTP Request: HEAD https://huggingface.co/google/gemma-3-4b-it/resolve/main/processor_config.json "HTTP/1.1 200 OK"
2026-03-08 09:34:43,308 - HTTP Request: HEAD https://huggingface.co/google/gemma-3-4b-it/resolve/main/preprocessor_config.json "HTTP/1.1 200 OK"
2026-03-08 09:34:43,512 - HTTP Request: HEAD https://huggingface.co/google/gemma-3-4b-it/resolve/main/config.json "HTTP/1.1 200 OK"
2026-03-08 09:34:43,731 - HTTP Request: HEAD https://huggingface.co/google/gemma-3-4b-it/resolve/main/tokenizer_config.json "HTTP/1.1 200 OK"
2026-03-08 09:34:43,944 - HTTP Request: GET https://huggingface.co/api/models/google/gemma-3-4b-it/tree/main/additional_chat_templates?recursive=false&expand=false "HTTP/1.1 404 Not Found"
2026-03-08 09:34:44,149 - HTTP Request: GET https://huggingface.co/api/models/google/gemma-3-4b-it/tree/main?recursive=true&expand=false "HTTP/1.1 200 OK"
2026-03-08 09:34:45,909 - HTTP Request: GET https://huggingface.co/api/models/google/gemma-3-4b-it "HTTP/1.1 200 OK"
2026-03-08 09:34:47,252 - HTTP Request: HEAD https://huggingface.co/google/gemma-3-4b-it/resolve/main/config.json "HTTP/1.1 200 OK"
2026-03-08 09:34:48,639 - HTTP Request: HEAD https://huggingface.co/google/gemma-3-4b-it/resolve/main/generation_config.json "HTTP/1.1 200 OK"
2026-03-08 09:34:48,641 - 找到 50 支影片。
2026-03-08 09:34:48,641 - 開始測試，隨機抽取 50 支影片進行推論...
2026-03-08 09:34:48,641 - ==================================================
2026-03-08 09:34:48,641 - [1/50] 處理影片: mp4/-157wqwwtAo_000026_000036.mp4
2026-03-08 09:34:48,800 - 開始生成回答...
2026-03-08 09:34:50,213 - ⏱️ 耗時: 1.41 秒
2026-03-08 09:34:50,213 - ⚡ 速度: 21.23 tokens/sec (30 tokens)
2026-03-08 09:34:50,213 - 🤖 模型回答:
Here's a concise description of the video's main action:

Someone is attaching a vacuum nozzle to a vacuum pump for cleaning purposes.
2026-03-08 09:34:50,213 - ==================================================
2026-03-08 09:34:50,213 - [2/50] 處理影片: mp4/-0-ukHRelxA_000015_000025.mp4
2026-03-08 09:34:50,492 - 開始生成回答...
2026-03-08 09:34:51,690 - ⏱️ 耗時: 1.20 秒
2026-03-08 09:34:51,690 - ⚡ 速度: 29.24 tokens/sec (35 tokens)
2026-03-08 09:34:51,690 - 🤖 模型回答:
Here's a description of the video's main action:

A person is gently handling a chinchilla inside its cage, appearing to be interacting with it.
2026-03-08 09:34:51,690 - ==================================================
2026-03-08 09:34:51,690 - [3/50] 處理影片: mp4/-0gO3FmnKD8_000135_000145.mp4
2026-03-08 09:34:51,909 - 開始生成回答...
2026-03-08 09:34:52,955 - ⏱️ 耗時: 1.05 秒
2026-03-08 09:34:52,955 - ⚡ 速度: 26.79 tokens/sec (28 tokens)
2026-03-08 09:34:52,955 - 🤖 模型回答:
Here’s a description of the video’s main action:

Someone is carefully opening an iPad box to reveal the device inside.
2026-03-08 09:34:52,955 - ==================================================
2026-03-08 09:34:52,955 - [4/50] 處理影片: mp4/-0yuyrbruYM_000079_000089.mp4
2026-03-08 09:34:53,105 - 開始生成回答...
2026-03-08 09:34:54,301 - ⏱️ 耗時: 1.20 秒
2026-03-08 09:34:54,301 - ⚡ 速度: 29.28 tokens/sec (35 tokens)
2026-03-08 09:34:54,301 - 🤖 模型回答:
Here's a description of the video's main action:

A yellow kite is flying high in the blue sky, with trails of smoke or vapor behind it.
2026-03-08 09:34:54,301 - ==================================================
2026-03-08 09:34:54,301 - [5/50] 處理影片: mp4/-0LoCy0-F9A_000018_000028.mp4
2026-03-08 09:34:54,544 - 開始生成回答...
2026-03-08 09:34:55,695 - ⏱️ 耗時: 1.15 秒
2026-03-08 09:34:55,695 - ⚡ 速度: 28.68 tokens/sec (33 tokens)
2026-03-08 09:34:55,695 - 🤖 模型回答:
Here's a concise description of the video's main action:

Two women are hula hooping indoors, appearing to be exercising or having fun.
2026-03-08 09:34:55,695 - ==================================================
2026-03-08 09:34:55,695 - [6/50] 處理影片: mp4/-1HT31BzADs_000118_000128.mp4
2026-03-08 09:34:55,928 - 開始生成回答...
2026-03-08 09:34:57,099 - ⏱️ 耗時: 1.17 秒
2026-03-08 09:34:57,099 - ⚡ 速度: 29.03 tokens/sec (34 tokens)
2026-03-08 09:34:57,099 - 🤖 模型回答:
Here’s a description of the video’s main action:

A high school athlete is attempting to clear a pole vault bar during a track and field competition.
2026-03-08 09:34:57,100 - ==================================================
2026-03-08 09:34:57,100 - [7/50] 處理影片: mp4/-0mnCHRQ-Zc_000092_000102.mp4
2026-03-08 09:34:57,279 - 開始生成回答...
2026-03-08 09:34:58,477 - ⏱️ 耗時: 1.20 秒
2026-03-08 09:34:58,477 - ⚡ 速度: 29.23 tokens/sec (35 tokens)
2026-03-08 09:34:58,477 - 🤖 模型回答:
Here's a concise description of the video's main action:

A nurse is adjusting a covered patient in a hospital bed, seemingly assisting with a medical procedure.
2026-03-08 09:34:58,477 - ==================================================
2026-03-08 09:34:58,477 - [8/50] 處理影片: mp4/-0MVWb7nJLY_000008_000018.mp4
2026-03-08 09:34:58,695 - 開始生成回答...
2026-03-08 09:34:59,807 - ⏱️ 耗時: 1.11 秒
2026-03-08 09:34:59,807 - ⚡ 速度: 27.87 tokens/sec (31 tokens)
2026-03-08 09:34:59,807 - 🤖 模型回答:
Here's a description of the video's main action:

A performer is executing aerial acrobatics, hanging from a suspended pole and rope.
2026-03-08 09:34:59,807 - ==================================================
2026-03-08 09:34:59,808 - [9/50] 處理影片: mp4/-1lbeA9Jogw_000000_000010.mp4
2026-03-08 09:34:59,961 - 開始生成回答...
2026-03-08 09:35:01,180 - ⏱️ 耗時: 1.22 秒
2026-03-08 09:35:01,180 - ⚡ 速度: 29.53 tokens/sec (36 tokens)
2026-03-08 09:35:01,180 - 🤖 模型回答:
Here's a concise description of what's happening in the video:

A person is smoking a hookah in a dimly lit room, appearing to be enjoying the experience.
2026-03-08 09:35:01,180 - ==================================================
2026-03-08 09:35:01,180 - [10/50] 處理影片: mp4/-0Y3H5y75t8_000020_000030.mp4
2026-03-08 09:35:01,339 - 開始生成回答...
2026-03-08 09:35:02,471 - ⏱️ 耗時: 1.13 秒
2026-03-08 09:35:02,471 - ⚡ 速度: 28.27 tokens/sec (32 tokens)
2026-03-08 09:35:02,471 - 🤖 模型回答:
Here’s a description of the video’s main action:

Windsurfers are performing aerial maneuvers and wipeouts in choppy waters during a competition.
2026-03-08 09:35:02,471 - ==================================================
2026-03-08 09:35:02,471 - [11/50] 處理影片: mp4/-00nar1nEPc_000033_000043.mp4
2026-03-08 09:35:02,700 - 開始生成回答...
2026-03-08 09:35:03,575 - ⏱️ 耗時: 0.88 秒
2026-03-08 09:35:03,576 - ⚡ 速度: 22.85 tokens/sec (20 tokens)
2026-03-08 09:35:03,576 - 🤖 模型回答:
Two men are playing music together: one blowing a small instrument and the other playing a guitar.
2026-03-08 09:35:03,576 - ==================================================
2026-03-08 09:35:03,576 - [12/50] 處理影片: mp4/-0HSpenSJGs_000000_000010.mp4
2026-03-08 09:35:03,750 - 開始生成回答...
2026-03-08 09:35:04,818 - ⏱️ 耗時: 1.07 秒
2026-03-08 09:35:04,818 - ⚡ 速度: 27.17 tokens/sec (29 tokens)
2026-03-08 09:35:04,818 - 🤖 模型回答:
Here's a description of the video's main action:

A man is juggling oranges outdoors, amidst olive trees and golden sunlight.
2026-03-08 09:35:04,818 - ==================================================
2026-03-08 09:35:04,818 - [13/50] 處理影片: mp4/-0Yb1tD3HUo_000004_000014.mp4
2026-03-08 09:35:04,960 - 開始生成回答...
2026-03-08 09:35:06,134 - ⏱️ 耗時: 1.17 秒
2026-03-08 09:35:06,134 - ⚡ 速度: 28.95 tokens/sec (34 tokens)
2026-03-08 09:35:06,134 - 🤖 模型回答:
Here's a description of the video's main action:

A person is practicing their putting stroke on a miniature golf course, focusing on accuracy and technique.
2026-03-08 09:35:06,134 - ==================================================
2026-03-08 09:35:06,134 - [14/50] 處理影片: mp4/-0S06ntmN_I_000019_000029.mp4
2026-03-08 09:35:06,277 - 開始生成回答...
2026-03-08 09:35:07,411 - ⏱️ 耗時: 1.13 秒
2026-03-08 09:35:07,411 - ⚡ 速度: 28.24 tokens/sec (32 tokens)
2026-03-08 09:35:07,411 - 🤖 模型回答:
Here's a description of the video's main action:

A person is performing a twisting split stretch on a padded mat in a gym setting.
2026-03-08 09:35:07,411 - ==================================================
2026-03-08 09:35:07,411 - [15/50] 處理影片: mp4/-0aDlftNdyw_000280_000290.mp4
2026-03-08 09:35:07,557 - 開始生成回答...
2026-03-08 09:35:08,345 - ⏱️ 耗時: 0.79 秒
2026-03-08 09:35:08,345 - ⚡ 速度: 20.31 tokens/sec (16 tokens)
2026-03-08 09:35:08,345 - 🤖 模型回答:
People are eating watermelon slices, resulting in juice spills and some minor cuts.
2026-03-08 09:35:08,346 - ==================================================
2026-03-08 09:35:08,346 - [16/50] 處理影片: mp4/-01cbva4erQ_000007_000017.mp4
2026-03-08 09:35:08,573 - 開始生成回答...
2026-03-08 09:35:09,623 - ⏱️ 耗時: 1.05 秒
2026-03-08 09:35:09,623 - ⚡ 速度: 26.69 tokens/sec (28 tokens)
2026-03-08 09:35:09,623 - 🤖 模型回答:
Here’s a description of the video’s main action:

A man is skillfully throwing a clay pot on a pottery wheel.
2026-03-08 09:35:09,623 - ==================================================
2026-03-08 09:35:09,623 - [17/50] 處理影片: mp4/-0H3T2B9PH4_000005_000015.mp4
2026-03-08 09:35:09,797 - 開始生成回答...
2026-03-08 09:35:10,953 - ⏱️ 耗時: 1.16 秒
2026-03-08 09:35:10,953 - ⚡ 速度: 28.55 tokens/sec (33 tokens)
2026-03-08 09:35:10,953 - 🤖 模型回答:
Here’s a concise description of the video’s main action:

A person in a wheelchair is struggling to flip it over, appearing to be stuck.
2026-03-08 09:35:10,953 - ==================================================
2026-03-08 09:35:10,953 - [18/50] 處理影片: mp4/-1IlTIWPNs4_000027_000037.mp4
2026-03-08 09:35:11,185 - 開始生成回答...
2026-03-08 09:35:12,255 - ⏱️ 耗時: 1.07 秒
2026-03-08 09:35:12,255 - ⚡ 速度: 27.13 tokens/sec (29 tokens)
2026-03-08 09:35:12,255 - 🤖 模型回答:
Here’s a description of the video’s main action:

A young boy is diligently shoveling snow in a snowy suburban neighborhood.
2026-03-08 09:35:12,255 - ==================================================
2026-03-08 09:35:12,255 - [19/50] 處理影片: mp4/-0EXMXaj77A_000062_000072.mp4
2026-03-08 09:35:12,429 - 開始生成回答...
2026-03-08 09:35:13,548 - ⏱️ 耗時: 1.12 秒
2026-03-08 09:35:13,548 - ⚡ 速度: 27.72 tokens/sec (31 tokens)
2026-03-08 09:35:13,548 - 🤖 模型回答:
Here's a description of the main action in the video:

A woman is feeding seagulls on a wooden boardwalk, with several birds circling overhead.
2026-03-08 09:35:13,548 - ==================================================
2026-03-08 09:35:13,548 - [20/50] 處理影片: mp4/-1Fa5I5O_40_000009_000019.mp4
2026-03-08 09:35:13,760 - 開始生成回答...
2026-03-08 09:35:14,891 - ⏱️ 耗時: 1.13 秒
2026-03-08 09:35:14,892 - ⚡ 速度: 28.30 tokens/sec (32 tokens)
2026-03-08 09:35:14,892 - 🤖 模型回答:
Here's a concise description of the video's main action:

A woman is attempting to climb a thick rope pole in a grassy outdoor setting.
2026-03-08 09:35:14,892 - ==================================================
2026-03-08 09:35:14,892 - [21/50] 處理影片: mp4/-0HRnFhCDdc_000026_000036.mp4
2026-03-08 09:35:15,057 - 開始生成回答...
2026-03-08 09:35:16,241 - ⏱️ 耗時: 1.18 秒
2026-03-08 09:35:16,241 - ⚡ 速度: 28.70 tokens/sec (34 tokens)
2026-03-08 09:35:16,241 - 🤖 模型回答:
Here's a description of the video's main action:

A cute dog eagerly reaches for a human's hand, clearly wanting a treat or affection.
2026-03-08 09:35:16,242 - ==================================================
2026-03-08 09:35:16,242 - [22/50] 處理影片: mp4/-1jQapks1hI_000053_000063.mp4
2026-03-08 09:35:16,389 - 開始生成回答...
2026-03-08 09:35:17,607 - ⏱️ 耗時: 1.22 秒
2026-03-08 09:35:17,608 - ⚡ 速度: 29.55 tokens/sec (36 tokens)
2026-03-08 09:35:17,608 - 🤖 模型回答:
Here's a description of the video's main action:

A woman is preparing a dish, likely a sauce or marinade, by adding ingredients to a glass container.
2026-03-08 09:35:17,608 - ==================================================
2026-03-08 09:35:17,608 - [23/50] 處理影片: mp4/-1Kv095GbV8_000000_000010.mp4
2026-03-08 09:35:17,742 - 開始生成回答...
2026-03-08 09:35:18,852 - ⏱️ 耗時: 1.11 秒
2026-03-08 09:35:18,852 - ⚡ 速度: 27.92 tokens/sec (31 tokens)
2026-03-08 09:35:18,853 - 🤖 模型回答:
Here's a description of the video's main action:

A group of dancers performs a synchronized, intense movement sequence on a dark stage.
2026-03-08 09:35:18,853 - ==================================================
2026-03-08 09:35:18,853 - [24/50] 處理影片: mp4/-0WL_HWewTE_000025_000035.mp4
2026-03-08 09:35:19,026 - 開始生成回答...
2026-03-08 09:35:20,187 - ⏱️ 耗時: 1.16 秒
2026-03-08 09:35:20,187 - ⚡ 速度: 28.43 tokens/sec (33 tokens)
2026-03-08 09:35:20,187 - 🤖 模型回答:
Here's a concise description of the video's main action:

Multiple people are aggressively cutting and styling a man's hair in a bathroom setting.
2026-03-08 09:35:20,187 - ==================================================
2026-03-08 09:35:20,188 - [25/50] 處理影片: mp4/-07Ke73N4zI_000612_000622.mp4
2026-03-08 09:35:20,332 - 開始生成回答...
2026-03-08 09:35:21,464 - ⏱️ 耗時: 1.13 秒
2026-03-08 09:35:21,464 - ⚡ 速度: 28.28 tokens/sec (32 tokens)
2026-03-08 09:35:21,464 - 🤖 模型回答:
Here's a description of the video's main action:

A person is stirring a stew or curry in a pot, adding ingredients and seasonings.
2026-03-08 09:35:21,464 - ==================================================
2026-03-08 09:35:21,464 - [26/50] 處理影片: mp4/-0cOo0cRVZU_000008_000018.mp4
2026-03-08 09:35:21,620 - 開始生成回答...
2026-03-08 09:35:22,674 - ⏱️ 耗時: 1.05 秒
2026-03-08 09:35:22,674 - ⚡ 速度: 26.57 tokens/sec (28 tokens)
2026-03-08 09:35:22,674 - 🤖 模型回答:
Here’s a description of the video’s main action:

A player is practicing their shooting form using a shooting target system.
2026-03-08 09:35:22,674 - ==================================================
2026-03-08 09:35:22,675 - [27/50] 處理影片: mp4/-1dWGnhjB2A_000049_000059.mp4
2026-03-08 09:35:22,814 - 開始生成回答...
2026-03-08 09:35:23,954 - ⏱️ 耗時: 1.14 秒
2026-03-08 09:35:23,954 - ⚡ 速度: 28.06 tokens/sec (32 tokens)
2026-03-08 09:35:23,954 - 🤖 模型回答:
Here's a description of the video's main action:

Two people are playing a game with small, yellow bottles, laughing and interacting closely.
2026-03-08 09:35:23,955 - ==================================================
2026-03-08 09:35:23,955 - [28/50] 處理影片: mp4/-0R6wpipD-c_000035_000045.mp4
2026-03-08 09:35:24,096 - 開始生成回答...
2026-03-08 09:35:25,231 - ⏱️ 耗時: 1.13 秒
2026-03-08 09:35:25,231 - ⚡ 速度: 28.20 tokens/sec (32 tokens)
2026-03-08 09:35:25,231 - 🤖 模型回答:
Here’s a description of the video’s main action:

A baby is enthusiastically, but messily, eating spaghetti in a high chair.
2026-03-08 09:35:25,231 - ==================================================
2026-03-08 09:35:25,231 - [29/50] 處理影片: mp4/-1B_EOupmCE_000076_000086.mp4
2026-03-08 09:35:25,384 - 開始生成回答...
2026-03-08 09:35:26,624 - ⏱️ 耗時: 1.24 秒
2026-03-08 09:35:26,624 - ⚡ 速度: 29.85 tokens/sec (37 tokens)
2026-03-08 09:35:26,624 - 🤖 模型回答:
Here’s a description of the video’s main action:

Three women are playing cards while wearing party hats and crowns, seemingly in a festive, possibly drunken, setting.
2026-03-08 09:35:26,624 - ==================================================
2026-03-08 09:35:26,624 - [30/50] 處理影片: mp4/-0_5tJuIrJA_000004_000014.mp4
2026-03-08 09:35:26,786 - 開始生成回答...
2026-03-08 09:35:28,023 - ⏱️ 耗時: 1.24 秒
2026-03-08 09:35:28,023 - ⚡ 速度: 29.91 tokens/sec (37 tokens)
2026-03-08 09:35:28,023 - 🤖 模型回答:
Here’s a description of the video’s main action:

A free Zumbathon is taking place, with instructors leading a group of people in a lively dance workout.
2026-03-08 09:35:28,023 - ==================================================
2026-03-08 09:35:28,023 - [31/50] 處理影片: mp4/-0M6S1qBn8s_000243_000253.mp4
2026-03-08 09:35:28,197 - 開始生成回答...
2026-03-08 09:35:29,204 - ⏱️ 耗時: 1.01 秒
2026-03-08 09:35:29,204 - ⚡ 速度: 25.81 tokens/sec (26 tokens)
2026-03-08 09:35:29,204 - 🤖 模型回答:
Here's a concise description of the video:

Someone is removing a large Frasier intake from a car engine.
2026-03-08 09:35:29,205 - ==================================================
2026-03-08 09:35:29,205 - [32/50] 處理影片: mp4/-1brKJdL-iM_000093_000103.mp4
2026-03-08 09:35:29,383 - 開始生成回答...
2026-03-08 09:35:30,517 - ⏱️ 耗時: 1.13 秒
2026-03-08 09:35:30,517 - ⚡ 速度: 28.23 tokens/sec (32 tokens)
2026-03-08 09:35:30,517 - 🤖 模型回答:
Here's a description of the video's main action:

A golfer is practicing his putting stroke on a green, demonstrating proper form and stance.
2026-03-08 09:35:30,517 - ==================================================
2026-03-08 09:35:30,517 - [33/50] 處理影片: mp4/-0MLLn0Zg1M_000015_000025.mp4
2026-03-08 09:35:30,743 - 開始生成回答...
2026-03-08 09:35:31,921 - ⏱️ 耗時: 1.18 秒
2026-03-08 09:35:31,921 - ⚡ 速度: 28.87 tokens/sec (34 tokens)
2026-03-08 09:35:31,921 - 🤖 模型回答:
Here’s a description of the video’s main action:

A catamaran sailboat is sailing on a bright blue ocean, propelled by wind and a small motor.
2026-03-08 09:35:31,921 - ==================================================
2026-03-08 09:35:31,921 - [34/50] 處理影片: mp4/-1GRj5UvVBA_000025_000035.mp4
2026-03-08 09:35:32,057 - 開始生成回答...
2026-03-08 09:35:33,260 - ⏱️ 耗時: 1.20 秒
2026-03-08 09:35:33,260 - ⚡ 速度: 29.10 tokens/sec (35 tokens)
2026-03-08 09:35:33,260 - 🤖 模型回答:
Here’s a description of the video’s main action:

The image shows Morrissey, wearing sunglasses and a black suit, holding an award at an awards show.
2026-03-08 09:35:33,260 - ==================================================
2026-03-08 09:35:33,260 - [35/50] 處理影片: mp4/-0SoxHZp0SM_000091_000101.mp4
2026-03-08 09:35:33,528 - 開始生成回答...
2026-03-08 09:35:34,618 - ⏱️ 耗時: 1.09 秒
2026-03-08 09:35:34,618 - ⚡ 速度: 27.53 tokens/sec (30 tokens)
2026-03-08 09:35:34,618 - 🤖 模型回答:
Here’s a description of the video’s main action:

Snowboarders are enjoying a thrilling downhill run on a snowy mountain slope.
2026-03-08 09:35:34,618 - ==================================================
2026-03-08 09:35:34,618 - [36/50] 處理影片: mp4/-00fzD4K6aw_000007_000017.mp4
2026-03-08 09:35:34,777 - 開始生成回答...
2026-03-08 09:35:35,930 - ⏱️ 耗時: 1.15 秒
2026-03-08 09:35:35,930 - ⚡ 速度: 28.61 tokens/sec (33 tokens)
2026-03-08 09:35:35,930 - 🤖 模型回答:
Here’s a description of the video’s main action:

A young child is playfully exploring a grassy area, crawling, rolling, and running around.
2026-03-08 09:35:35,930 - ==================================================
2026-03-08 09:35:35,930 - [37/50] 處理影片: mp4/-1GUNrYsD4Y_000018_000028.mp4
2026-03-08 09:35:36,076 - 開始生成回答...
2026-03-08 09:35:37,167 - ⏱️ 耗時: 1.09 秒
2026-03-08 09:35:37,167 - ⚡ 速度: 27.50 tokens/sec (30 tokens)
2026-03-08 09:35:37,167 - 🤖 模型回答:
Here’s a description of the video’s main action:

Two ducks are swimming in a pond, while a kayaker paddles nearby.
2026-03-08 09:35:37,167 - ==================================================
2026-03-08 09:35:37,167 - [38/50] 處理影片: mp4/-0kVxoFuMGQ_000622_000632.mp4
2026-03-08 09:35:37,341 - 開始生成回答...
2026-03-08 09:35:38,558 - ⏱️ 耗時: 1.22 秒
2026-03-08 09:35:38,558 - ⚡ 速度: 29.59 tokens/sec (36 tokens)
2026-03-08 09:35:38,558 - 🤖 模型回答:
Here’s a description of the video’s main action:

A Thai marching band performs a synchronized routine with flags, instruments, and coordinated movements on a grassy field.
2026-03-08 09:35:38,558 - ==================================================
2026-03-08 09:35:38,558 - [39/50] 處理影片: mp4/-1IqhhJEfTI_000015_000025.mp4
2026-03-08 09:35:38,825 - 開始生成回答...
2026-03-08 09:35:39,924 - ⏱️ 耗時: 1.10 秒
2026-03-08 09:35:39,924 - ⚡ 速度: 27.32 tokens/sec (30 tokens)
2026-03-08 09:35:39,924 - 🤖 模型回答:
Here’s a description of the video’s main action:

Someone is ice fishing on a frozen beach, using a specialized harness system.
2026-03-08 09:35:39,924 - ==================================================
2026-03-08 09:35:39,924 - [40/50] 處理影片: mp4/-05APhKiIXc_000070_000080.mp4
2026-03-08 09:35:40,074 - 開始生成回答...
2026-03-08 09:35:41,251 - ⏱️ 耗時: 1.18 秒
2026-03-08 09:35:41,251 - ⚡ 速度: 28.91 tokens/sec (34 tokens)
2026-03-08 09:35:41,251 - 🤖 模型回答:
Here’s a description of the video’s main action:

A golfer is practicing putting on a green, adjusting their stance and attempting to sink the ball.
2026-03-08 09:35:41,251 - ==================================================
2026-03-08 09:35:41,251 - [41/50] 處理影片: mp4/-0lqH3xAz6M_000014_000024.mp4
2026-03-08 09:35:41,405 - 開始生成回答...
2026-03-08 09:35:42,608 - ⏱️ 耗時: 1.20 秒
2026-03-08 09:35:42,608 - ⚡ 速度: 29.10 tokens/sec (35 tokens)
2026-03-08 09:35:42,608 - 🤖 模型回答:
Here's a description of the video's main action:

A person is skiing across a snowy field while holding a kite, seemingly attempting to control their movement.
2026-03-08 09:35:42,608 - ==================================================
2026-03-08 09:35:42,608 - [42/50] 處理影片: mp4/-01PKgtzCxc_000034_000044.mp4
2026-03-08 09:35:42,751 - 開始生成回答...
2026-03-08 09:35:43,990 - ⏱️ 耗時: 1.24 秒
2026-03-08 09:35:43,990 - ⚡ 速度: 29.86 tokens/sec (37 tokens)
2026-03-08 09:35:43,990 - 🤖 模型回答:
Here's a description of the video's main action:

A man is attempting to slide down a rock face into a pool of water, with a woman assisting him.
2026-03-08 09:35:43,990 - ==================================================
2026-03-08 09:35:43,990 - [43/50] 處理影片: mp4/-1KMJ1BZ2mU_000017_000027.mp4
2026-03-08 09:35:44,176 - 開始生成回答...
2026-03-08 09:35:45,353 - ⏱️ 耗時: 1.18 秒
2026-03-08 09:35:45,353 - ⚡ 速度: 28.89 tokens/sec (34 tokens)
2026-03-08 09:35:45,353 - 🤖 模型回答:
Here's a concise description of the video's main action:

A person is attempting to climb a wooden structure, appearing to lose their balance and fall.
2026-03-08 09:35:45,353 - ==================================================
2026-03-08 09:35:45,353 - [44/50] 處理影片: mp4/-0MsYnGUrfE_000022_000032.mp4
2026-03-08 09:35:45,596 - 開始生成回答...
2026-03-08 09:35:46,772 - ⏱️ 耗時: 1.18 秒
2026-03-08 09:35:46,772 - ⚡ 速度: 28.93 tokens/sec (34 tokens)
2026-03-08 09:35:46,772 - 🤖 模型回答:
Here’s a description of the video’s main action:

A person in military-style gear is participating in a paintball game, covered in green paint.
2026-03-08 09:35:46,772 - ==================================================
2026-03-08 09:35:46,772 - [45/50] 處理影片: mp4/-0HKFF7F_BY_000003_000013.mp4
2026-03-08 09:35:46,929 - 開始生成回答...
2026-03-08 09:35:48,061 - ⏱️ 耗時: 1.13 秒
2026-03-08 09:35:48,061 - ⚡ 速度: 28.27 tokens/sec (32 tokens)
2026-03-08 09:35:48,061 - 🤖 模型回答:
Here's a description of the video's main action:

A baby is playfully looking around, seemingly reacting to something, with an open mouth.
2026-03-08 09:35:48,061 - ==================================================
2026-03-08 09:35:48,061 - [46/50] 處理影片: mp4/-0oMsq-9b6c_000095_000105.mp4
2026-03-08 09:35:48,289 - 開始生成回答...
2026-03-08 09:35:49,380 - ⏱️ 耗時: 1.09 秒
2026-03-08 09:35:49,381 - ⚡ 速度: 27.48 tokens/sec (30 tokens)
2026-03-08 09:35:49,381 - 🤖 模型回答:
Here’s a description of the video’s main action:

A worker is sanding and vacuuming a wooden floor during a renovation project.
2026-03-08 09:35:49,381 - ==================================================
2026-03-08 09:35:49,381 - [47/50] 處理影片: mp4/-0JU38ZQOlY_000000_000010.mp4
2026-03-08 09:35:49,603 - 開始生成回答...
2026-03-08 09:35:50,719 - ⏱️ 耗時: 1.12 秒
2026-03-08 09:35:50,719 - ⚡ 速度: 27.78 tokens/sec (31 tokens)
2026-03-08 09:35:50,719 - 🤖 模型回答:
Here’s a description of the video’s main action:

A person kayaks at dusk, silently navigating a dark waterway with a fishing rod.
2026-03-08 09:35:50,719 - ==================================================
2026-03-08 09:35:50,719 - [48/50] 處理影片: mp4/-0WBheGENmk_000009_000019.mp4
2026-03-08 09:35:50,885 - 開始生成回答...
2026-03-08 09:35:52,084 - ⏱️ 耗時: 1.20 秒
2026-03-08 09:35:52,084 - ⚡ 速度: 29.21 tokens/sec (35 tokens)
2026-03-08 09:35:52,084 - 🤖 模型回答:
Here’s a description of the video’s main action:

A man in a tracksuit is holding and manipulating small, green objects while standing in a gym setting.
2026-03-08 09:35:52,084 - ==================================================
2026-03-08 09:35:52,084 - [49/50] 處理影片: mp4/-02uQdK46rE_000014_000024.mp4
2026-03-08 09:35:52,237 - 開始生成回答...
2026-03-08 09:35:53,292 - ⏱️ 耗時: 1.05 秒
2026-03-08 09:35:53,292 - ⚡ 速度: 26.55 tokens/sec (28 tokens)
2026-03-08 09:35:53,292 - 🤖 模型回答:
Here's a concise description of the video:

A person is shaving their legs in a bathtub with a razor and shaving cream.
2026-03-08 09:35:53,292 - ==================================================
2026-03-08 09:35:53,292 - [50/50] 處理影片: mp4/-08KE5FkRUU_000001_000011.mp4
2026-03-08 09:35:53,552 - 開始生成回答...
2026-03-08 09:35:54,663 - ⏱️ 耗時: 1.11 秒
2026-03-08 09:35:54,663 - ⚡ 速度: 27.92 tokens/sec (31 tokens)
2026-03-08 09:35:54,663 - 🤖 模型回答:
Here’s a description of the video’s main action:

A group of people are practicing field lacrosse indoors, using cones and wearing helmets.
2026-03-08 09:35:54,663 - 
==================== 測試總結 ====================
2026-03-08 09:35:54,663 - 成功處理影片數  : 50 / 50
2026-03-08 09:35:54,663 - 總耗費時間      : 56.85 秒
2026-03-08 09:35:54,663 - 總生成 Tokens 數: 1592
2026-03-08 09:35:54,663 - 平均每支影片耗時: 1.14 秒
2026-03-08 09:35:54,663 - 整體生成速度    : 28.01 tokens/sec
2026-03-08 09:35:54,663 - 詳細測試結果已隨時記錄於 gemma3_kinetics_results_details.log 與 gemma3_kinetics_results.log
