2026-03-07 22:18:50,480 - 載入模型與處理器: google/gemma-3-4b-it ...
2026-03-07 22:18:50,729 - HTTP Request: HEAD https://huggingface.co/google/gemma-3-4b-it/resolve/main/processor_config.json "HTTP/1.1 200 OK"
2026-03-07 22:18:50,934 - HTTP Request: GET https://huggingface.co/api/models/google/gemma-3-4b-it/tree/main/additional_chat_templates?recursive=false&expand=false "HTTP/1.1 404 Not Found"
2026-03-07 22:18:51,138 - HTTP Request: HEAD https://huggingface.co/google/gemma-3-4b-it/resolve/main/processor_config.json "HTTP/1.1 200 OK"
2026-03-07 22:18:51,349 - HTTP Request: HEAD https://huggingface.co/google/gemma-3-4b-it/resolve/main/chat_template.json "HTTP/1.1 200 OK"
2026-03-07 22:18:51,556 - HTTP Request: HEAD https://huggingface.co/google/gemma-3-4b-it/resolve/main/chat_template.jinja "HTTP/1.1 404 Not Found"
2026-03-07 22:18:51,757 - HTTP Request: HEAD https://huggingface.co/google/gemma-3-4b-it/resolve/main/audio_tokenizer_config.json "HTTP/1.1 404 Not Found"
2026-03-07 22:18:51,964 - HTTP Request: GET https://huggingface.co/api/models/google/gemma-3-4b-it/tree/main/additional_chat_templates?recursive=false&expand=false "HTTP/1.1 404 Not Found"
2026-03-07 22:18:52,174 - HTTP Request: HEAD https://huggingface.co/google/gemma-3-4b-it/resolve/main/processor_config.json "HTTP/1.1 200 OK"
2026-03-07 22:18:52,387 - HTTP Request: HEAD https://huggingface.co/google/gemma-3-4b-it/resolve/main/chat_template.json "HTTP/1.1 200 OK"
2026-03-07 22:18:52,598 - HTTP Request: HEAD https://huggingface.co/google/gemma-3-4b-it/resolve/main/chat_template.jinja "HTTP/1.1 404 Not Found"
2026-03-07 22:18:52,816 - HTTP Request: HEAD https://huggingface.co/google/gemma-3-4b-it/resolve/main/audio_tokenizer_config.json "HTTP/1.1 404 Not Found"
2026-03-07 22:18:53,025 - HTTP Request: HEAD https://huggingface.co/google/gemma-3-4b-it/resolve/main/processor_config.json "HTTP/1.1 200 OK"
2026-03-07 22:18:53,585 - HTTP Request: HEAD https://huggingface.co/google/gemma-3-4b-it/resolve/main/preprocessor_config.json "HTTP/1.1 200 OK"
2026-03-07 22:18:53,791 - HTTP Request: HEAD https://huggingface.co/google/gemma-3-4b-it/resolve/main/processor_config.json "HTTP/1.1 200 OK"
2026-03-07 22:18:53,996 - HTTP Request: HEAD https://huggingface.co/google/gemma-3-4b-it/resolve/main/preprocessor_config.json "HTTP/1.1 200 OK"
2026-03-07 22:18:54,215 - HTTP Request: HEAD https://huggingface.co/google/gemma-3-4b-it/resolve/main/config.json "HTTP/1.1 200 OK"
2026-03-07 22:18:54,427 - HTTP Request: HEAD https://huggingface.co/google/gemma-3-4b-it/resolve/main/tokenizer_config.json "HTTP/1.1 200 OK"
2026-03-07 22:18:54,657 - HTTP Request: GET https://huggingface.co/api/models/google/gemma-3-4b-it/tree/main/additional_chat_templates?recursive=false&expand=false "HTTP/1.1 404 Not Found"
2026-03-07 22:18:54,856 - HTTP Request: GET https://huggingface.co/api/models/google/gemma-3-4b-it/tree/main?recursive=true&expand=false "HTTP/1.1 200 OK"
2026-03-07 22:18:56,584 - HTTP Request: GET https://huggingface.co/api/models/google/gemma-3-4b-it "HTTP/1.1 200 OK"
2026-03-07 22:18:57,915 - HTTP Request: HEAD https://huggingface.co/google/gemma-3-4b-it/resolve/main/config.json "HTTP/1.1 200 OK"
2026-03-07 22:18:59,288 - HTTP Request: HEAD https://huggingface.co/google/gemma-3-4b-it/resolve/main/generation_config.json "HTTP/1.1 200 OK"
2026-03-07 22:18:59,290 - 找到 50 支影片。
2026-03-07 22:18:59,290 - 開始測試，隨機抽取 50 支影片進行推論...
2026-03-07 22:18:59,290 - ==================================================
2026-03-07 22:18:59,290 - [1/50] 處理影片: mp4/-0lqH3xAz6M_000014_000024.mp4
2026-03-07 22:18:59,456 - 開始生成回答...
2026-03-07 22:19:01,415 - ⏱️ 耗時: 1.96 秒
2026-03-07 22:19:01,415 - 🤖 模型回答:
Here's a concise description of what's happening in the video:

A person is skiing across a snowy field, holding a kite or wind-powered device. They are positioned in a somewhat awkward stance, appearing to be attempting to control the device while skiing.
2026-03-07 22:19:01,415 - ==================================================
2026-03-07 22:19:01,415 - [2/50] 處理影片: mp4/-0Y3H5y75t8_000020_000030.mp4
2026-03-07 22:19:01,591 - 開始生成回答...
2026-03-07 22:19:03,583 - ⏱️ 耗時: 1.99 秒
2026-03-07 22:19:03,583 - 🤖 模型回答:
Here's a description of what's happening in the video:

The images show a windsurfing competition with several windsurfers performing maneuvers in choppy water. Some are crashing into the water, indicating challenging conditions and potentially a loss of control due to strong winds or waves.  A support boat is also visible, likely assisting the windsurfers.
2026-03-07 22:19:03,583 - ==================================================
2026-03-07 22:19:03,583 - [3/50] 處理影片: mp4/-1brKJdL-iM_000093_000103.mp4
2026-03-07 22:19:03,732 - 開始生成回答...
2026-03-07 22:19:05,556 - ⏱️ 耗時: 1.82 秒
2026-03-07 22:19:05,557 - 🤖 模型回答:
Here's a concise description of what's happening in the video:

The video shows a golfer practicing his putting stroke. He's demonstrating the setup, the stroke itself, and then adjusting his stance and balance after the putt. There are also inset shots showing a wider view of his posture and swing.
2026-03-07 22:19:05,557 - ==================================================
2026-03-07 22:19:05,557 - [4/50] 處理影片: mp4/-1B_EOupmCE_000076_000086.mp4
2026-03-07 22:19:05,715 - 開始生成回答...
2026-03-07 22:19:07,841 - ⏱️ 耗時: 2.13 秒
2026-03-07 22:19:07,841 - 🤖 模型回答:
Here's a concise description of what's happening in the video:

Three women are gathered around a table, likely playing a card game. They are wearing party hats and crowns, and appear to be drinking wine. One woman is laughing, while the others seem to be in a contemplative or slightly disappointed mood. It seems like a festive, possibly slightly chaotic, party scene.
2026-03-07 22:19:07,841 - ==================================================
2026-03-07 22:19:07,841 - [5/50] 處理影片: mp4/-0SoxHZp0SM_000091_000101.mp4
2026-03-07 22:19:08,133 - 開始生成回答...
2026-03-07 22:19:10,133 - ⏱️ 耗時: 2.00 秒
2026-03-07 22:19:10,133 - 🤖 模型回答:
Here's a concise description of what's happening in the video:

The video shows a group of snowboarders enjoying a sunny day on a snowy mountain slope. They are riding down the slopes, capturing the experience with a GoPro camera. There are moments of speed and action, with one snowboarder performing a turn and another crashing into the snow.
2026-03-07 22:19:10,133 - ==================================================
2026-03-07 22:19:10,133 - [6/50] 處理影片: mp4/-0EXMXaj77A_000062_000072.mp4
2026-03-07 22:19:10,336 - 開始生成回答...
2026-03-07 22:19:12,204 - ⏱️ 耗時: 1.87 秒
2026-03-07 22:19:12,204 - 🤖 模型回答:
Here's a description of what's happening in the video:

A woman with red hair is feeding seagulls on a wooden boardwalk. Several seagulls are flying around her, and many more are gathered on the ground. The scene appears to be at a coastal location with a cloudy sky and a grassy area in the background.
2026-03-07 22:19:12,204 - ==================================================
2026-03-07 22:19:12,204 - [7/50] 處理影片: mp4/-0mnCHRQ-Zc_000092_000102.mp4
2026-03-07 22:19:12,368 - 開始生成回答...
2026-03-07 22:19:14,062 - ⏱️ 耗時: 1.69 秒
2026-03-07 22:19:14,062 - 🤖 模型回答:
Here's a concise description of what's happening in the video:

A nurse is attending to a patient in a hospital bed. The patient is covered with a green sheet, and the nurse is adjusting the bed and sheets.  There are other people present in the background.
2026-03-07 22:19:14,062 - ==================================================
2026-03-07 22:19:14,062 - [8/50] 處理影片: mp4/-1HT31BzADs_000118_000128.mp4
2026-03-07 22:19:14,312 - 開始生成回答...
2026-03-07 22:19:16,247 - ⏱️ 耗時: 1.93 秒
2026-03-07 22:19:16,247 - 🤖 模型回答:
Here's a concise description of what's happening in the video:

The video shows a high school track and field event, specifically a pole vault competition. Several athletes are preparing to vault, with one athlete successfully completing a jump. Spectators are present in the stands, and the scene is set on a rainy day.
2026-03-07 22:19:16,247 - ==================================================
2026-03-07 22:19:16,247 - [9/50] 處理影片: mp4/-0HRnFhCDdc_000026_000036.mp4
2026-03-07 22:19:16,420 - 開始生成回答...
2026-03-07 22:19:18,119 - ⏱️ 耗時: 1.70 秒
2026-03-07 22:19:18,119 - 🤖 模型回答:
Here's a description of what's happening in the video:

A small, fluffy dog is consistently reaching for a human hand, likely seeking a treat or affection. The dog has a heart-shaped tag and is captured in various moments of anticipation and interaction with the hand.
2026-03-07 22:19:18,119 - ==================================================
2026-03-07 22:19:18,119 - [10/50] 處理影片: mp4/-01PKgtzCxc_000034_000044.mp4
2026-03-07 22:19:18,266 - 開始生成回答...
2026-03-07 22:19:20,284 - ⏱️ 耗時: 2.02 秒
2026-03-07 22:19:20,284 - 🤖 模型回答:
Here's a description of what's happening in the video:

A man is attempting to slide down a rock face into a pool of water near a waterfall. He's using a bright green inflatable tube for support.  Several people are watching him, and one woman is in the water. It appears to be a playful, somewhat risky activity.
2026-03-07 22:19:20,284 - ==================================================
2026-03-07 22:19:20,284 - [11/50] 處理影片: mp4/-00nar1nEPc_000033_000043.mp4
2026-03-07 22:19:20,515 - 開始生成回答...
2026-03-07 22:19:22,432 - ⏱️ 耗時: 1.92 秒
2026-03-07 22:19:22,432 - 🤖 模型回答:
Here's a concise description of what's happening in the video:

Two men, one bald and one with dark hair, are performing a musical duet. The bald man is playing a harmonica while the other is playing an acoustic guitar in a domestic setting. They are positioned in front of a framed artwork and a sound system.
2026-03-07 22:19:22,433 - ==================================================
2026-03-07 22:19:22,433 - [12/50] 處理影片: mp4/-0gO3FmnKD8_000135_000145.mp4
2026-03-07 22:19:22,659 - 開始生成回答...
2026-03-07 22:19:24,482 - ⏱️ 耗時: 1.82 秒
2026-03-07 22:19:24,482 - 🤖 模型回答:
Here's a description of what's happening in the video:

The video shows a person opening a white box containing an iPad. The person is carefully removing the plastic tray that holds the iPad, revealing the device inside. The process is repeated several times, showcasing different angles and techniques for opening the box.
2026-03-07 22:19:24,482 - ==================================================
2026-03-07 22:19:24,482 - [13/50] 處理影片: mp4/-0WBheGENmk_000009_000019.mp4
2026-03-07 22:19:24,654 - 開始生成回答...
2026-03-07 22:19:26,355 - ⏱️ 耗時: 1.70 秒
2026-03-07 22:19:26,355 - 🤖 模型回答:
Here's a concise description of what's happening in the video:

A man in a white Adidas tracksuit and headband is holding a pair of chopsticks and eating small, green fruits (likely limes or limes). He's in a gym-like setting with other people present.
2026-03-07 22:19:26,355 - ==================================================
2026-03-07 22:19:26,355 - [14/50] 處理影片: mp4/-1GRj5UvVBA_000025_000035.mp4
2026-03-07 22:19:26,488 - 開始生成回答...
2026-03-07 22:19:28,696 - ⏱️ 耗時: 2.21 秒
2026-03-07 22:19:28,696 - 🤖 模型回答:
Here's a description of what's happening in the video:

The video shows Morrissey, the singer-songwriter, accepting an award (likely the MTV Video Music Award) in 1994. He's wearing sunglasses and a black suit, holding the award, and appears somewhat uncomfortable or displeased with the situation. He's looking down and has a slightly pained expression.
2026-03-07 22:19:28,696 - ==================================================
2026-03-07 22:19:28,697 - [15/50] 處理影片: mp4/-01cbva4erQ_000007_000017.mp4
2026-03-07 22:19:28,925 - 開始生成回答...
2026-03-07 22:19:30,750 - ⏱️ 耗時: 1.82 秒
2026-03-07 22:19:30,750 - 🤖 模型回答:
Here's a concise description of what's happening in the video:

A man is using a potter's wheel to shape a clay disc. He's using his hands to center and pull the clay upwards, creating a bowl shape. He's wearing gloves and a red shirt and blue jeans.
2026-03-07 22:19:30,750 - ==================================================
2026-03-07 22:19:30,750 - [16/50] 處理影片: mp4/-1jQapks1hI_000053_000063.mp4
2026-03-07 22:19:30,906 - 開始生成回答...
2026-03-07 22:19:33,161 - ⏱️ 耗時: 2.26 秒
2026-03-07 22:19:33,161 - 🤖 模型回答:
Here's a description of what's happening in the video:

A woman is preparing a dish, likely a sauce or marinade. She is using a mortar and pestle to grind spices and ingredients, including garlic, chili peppers, and possibly herbs. She's also adding oil and a red sauce to the mixture. The scene shows a close-up of her hands and the ingredients as she works.
2026-03-07 22:19:33,161 - ==================================================
2026-03-07 22:19:33,161 - [17/50] 處理影片: mp4/-07Ke73N4zI_000612_000622.mp4
2026-03-07 22:19:33,310 - 開始生成回答...
2026-03-07 22:19:35,052 - ⏱️ 耗時: 1.74 秒
2026-03-07 22:19:35,052 - 🤖 模型回答:
Here's a description of what's happening in the video:

A person is cooking a stew or curry in a black pot on a stove. They are adding ingredients like herbs and spices, and stirring the mixture with a wooden spoon. The dish appears to contain potatoes and possibly meat.
2026-03-07 22:19:35,052 - ==================================================
2026-03-07 22:19:35,052 - [18/50] 處理影片: mp4/-0HKFF7F_BY_000003_000013.mp4
2026-03-07 22:19:35,189 - 開始生成回答...
2026-03-07 22:19:37,076 - ⏱️ 耗時: 1.89 秒
2026-03-07 22:19:37,077 - 🤖 模型回答:
Here's a description of what's happening in the video:

A baby is sitting on a bed, looking directly at the camera with a surprised or slightly bewildered expression. The baby is wearing a patterned onesie and appears to be playing with a yellow toy. The background is a cluttered room with blankets and other items.
2026-03-07 22:19:37,077 - ==================================================
2026-03-07 22:19:37,077 - [19/50] 處理影片: mp4/-0kVxoFuMGQ_000622_000632.mp4
2026-03-07 22:19:37,262 - 開始生成回答...
2026-03-07 22:19:39,639 - ⏱️ 耗時: 2.38 秒
2026-03-07 22:19:39,639 - 🤖 模型回答:
Here's a description of what's happening in the video:

The video shows a Thai marching band performing a visually impressive routine. They are wearing coordinated orange and black outfits with gold accents and are carrying flags and batons. The band members are executing synchronized movements, including lifts, formations, and graceful poses, while a trumpet player is prominently featured in the center. The overall effect is a dynamic and colorful display of precision and teamwork.
2026-03-07 22:19:39,639 - ==================================================
2026-03-07 22:19:39,639 - [20/50] 處理影片: mp4/-1IlTIWPNs4_000027_000037.mp4
2026-03-07 22:19:39,875 - 開始生成回答...
2026-03-07 22:19:41,310 - ⏱️ 耗時: 1.44 秒
2026-03-07 22:19:41,310 - 🤖 模型回答:
Here's a concise description of what's happening in the video:

A young boy is diligently shoveling snow in a snowy suburban neighborhood. He's wearing warm winter clothing and using a bright red snow shovel.
2026-03-07 22:19:41,310 - ==================================================
2026-03-07 22:19:41,310 - [21/50] 處理影片: mp4/-0HSpenSJGs_000000_000010.mp4
2026-03-07 22:19:41,487 - 開始生成回答...
2026-03-07 22:19:42,775 - ⏱️ 耗時: 1.29 秒
2026-03-07 22:19:42,775 - 🤖 模型回答:
Here's a concise description of what's happening in the video:

A man is juggling three oranges in a sunny outdoor setting with olive trees and a stone path in the background.
2026-03-07 22:19:42,775 - ==================================================
2026-03-07 22:19:42,775 - [22/50] 處理影片: mp4/-0_5tJuIrJA_000004_000014.mp4
2026-03-07 22:19:42,936 - 開始生成回答...
2026-03-07 22:19:45,036 - ⏱️ 耗時: 2.10 秒
2026-03-07 22:19:45,036 - 🤖 模型回答:
Here's a concise description of what's happening in the video:

The video shows a free Zumbafitness event taking place outdoors. People are participating in a Zumbafitness class led by instructors. There's a large banner promoting the event with the Zumbafitness logo and details about the instructors. The event appears to be well-attended.
2026-03-07 22:19:45,036 - ==================================================
2026-03-07 22:19:45,037 - [23/50] 處理影片: mp4/-1Kv095GbV8_000000_000010.mp4
2026-03-07 22:19:45,174 - 開始生成回答...
2026-03-07 22:19:47,129 - ⏱️ 耗時: 1.95 秒
2026-03-07 22:19:47,129 - 🤖 模型回答:
Here's a description of what's happening in the video:

The video shows a group of dancers performing a synchronized, intense dance routine in a dark, minimalist setting. The dancers are moving quickly and powerfully, with a focus on sharp, angular movements and dramatic poses. The lighting is low, creating a sense of mystery and urgency.
2026-03-07 22:19:47,129 - ==================================================
2026-03-07 22:19:47,129 - [24/50] 處理影片: mp4/-1GUNrYsD4Y_000018_000028.mp4
2026-03-07 22:19:47,278 - 開始生成回答...
2026-03-07 22:19:48,712 - ⏱️ 耗時: 1.43 秒
2026-03-07 22:19:48,712 - 🤖 模型回答:
Here's a concise description of what's happening in the video:

Two ducks are swimming in a calm lake with lily pads. A kayaker is paddling along the edge of the lake, occasionally encountering the ducks.
2026-03-07 22:19:48,713 - ==================================================
2026-03-07 22:19:48,713 - [25/50] 處理影片: mp4/-157wqwwtAo_000026_000036.mp4
2026-03-07 22:19:48,861 - 開始生成回答...
2026-03-07 22:19:50,511 - ⏱️ 耗時: 1.65 秒
2026-03-07 22:19:50,511 - 🤖 模型回答:
Here's a concise description of what's happening in the video:

A person is attaching a flexible nozzle (likely from a vacuum cleaner) to a vacuum pump unit within a complex electrical panel. They are connecting the nozzle to the pump to clean or maintain it.
2026-03-07 22:19:50,512 - ==================================================
2026-03-07 22:19:50,512 - [26/50] 處理影片: mp4/-0MsYnGUrfE_000022_000032.mp4
2026-03-07 22:19:50,772 - 開始生成回答...
2026-03-07 22:19:52,722 - ⏱️ 耗時: 1.95 秒
2026-03-07 22:19:52,722 - 🤖 模型回答:
Here's a concise description of what's happening in the video:

A person dressed in military-style camouflage gear is participating in a paintball game. They are heavily covered in green paint and appear to be actively engaging in the game, likely shooting at opponents. The setting is an outdoor paintball field with other players visible in the background.
2026-03-07 22:19:52,722 - ==================================================
2026-03-07 22:19:52,722 - [27/50] 處理影片: mp4/-0S06ntmN_I_000019_000029.mp4
2026-03-07 22:19:52,867 - 開始生成回答...
2026-03-07 22:19:54,474 - ⏱️ 耗時: 1.61 秒
2026-03-07 22:19:54,475 - 🤖 模型回答:
Here's a description of what's happening in the video:

A person is performing a twisting split stretch on a padded mat in a gym setting. They are rotating their torso while maintaining a wide split position, using their hands to assist with the movement.
2026-03-07 22:19:54,475 - ==================================================
2026-03-07 22:19:54,475 - [28/50] 處理影片: mp4/-0H3T2B9PH4_000005_000015.mp4
2026-03-07 22:19:54,658 - 開始生成回答...
2026-03-07 22:19:56,352 - ⏱️ 耗時: 1.69 秒
2026-03-07 22:19:56,352 - 🤖 模型回答:
Here's a concise description of what's happening in the video:

A man in a green hoodie and jeans is struggling to flip his wheelchair over. He repeatedly attempts to turn it on its side, with varying degrees of success, appearing to be having difficulty with the maneuver.
2026-03-07 22:19:56,352 - ==================================================
2026-03-07 22:19:56,352 - [29/50] 處理影片: mp4/-00fzD4K6aw_000007_000017.mp4
2026-03-07 22:19:56,523 - 開始生成回答...
2026-03-07 22:19:58,113 - ⏱️ 耗時: 1.59 秒
2026-03-07 22:19:58,113 - 🤖 模型回答:
Here's a description of what's happening in the video:

A young child is playing in a grassy area, moving around, crawling, rolling, and walking. They are wearing a blue shirt and blue pants with a red patch on their shirt.
2026-03-07 22:19:58,113 - ==================================================
2026-03-07 22:19:58,113 - [30/50] 處理影片: mp4/-02uQdK46rE_000014_000024.mp4
2026-03-07 22:19:58,266 - 開始生成回答...
2026-03-07 22:19:59,420 - ⏱️ 耗時: 1.15 秒
2026-03-07 22:19:59,420 - 🤖 模型回答:
Here's a concise description of what's happening in the video:

A person is shaving their legs in a bathtub using a razor and shaving cream.
2026-03-07 22:19:59,420 - ==================================================
2026-03-07 22:19:59,420 - [31/50] 處理影片: mp4/-0R6wpipD-c_000035_000045.mp4
2026-03-07 22:19:59,563 - 開始生成回答...
2026-03-07 22:20:01,172 - ⏱️ 耗時: 1.61 秒
2026-03-07 22:20:01,172 - 🤖 模型回答:
Here's a description of what's happening in the video:

A baby is attempting to eat spaghetti in a high chair. The baby is messy, covered in food, and struggling to manage the pasta. An adult is assisting the baby with the meal.
2026-03-07 22:20:01,172 - ==================================================
2026-03-07 22:20:01,172 - [32/50] 處理影片: mp4/-0MLLn0Zg1M_000015_000025.mp4
2026-03-07 22:20:01,417 - 開始生成回答...
2026-03-07 22:20:03,112 - ⏱️ 耗時: 1.69 秒
2026-03-07 22:20:03,112 - 🤖 模型回答:
Here's a concise description of what's happening in the video:

The video shows a white catamaran sailboat sailing on a bright blue ocean. Several people are on board, adjusting the sails and steering the boat. The boat is creating a wake as it moves through the water.
2026-03-07 22:20:03,112 - ==================================================
2026-03-07 22:20:03,112 - [33/50] 處理影片: mp4/-1KMJ1BZ2mU_000017_000027.mp4
2026-03-07 22:20:03,280 - 開始生成回答...
2026-03-07 22:20:04,843 - ⏱️ 耗時: 1.56 秒
2026-03-07 22:20:04,843 - 🤖 模型回答:
Here's a concise description of what's happening in the video:

A person is attempting to climb a wooden structure, likely a play set or outdoor platform, and is struggling to maintain their balance and position. They appear to be sliding downwards.
2026-03-07 22:20:04,843 - ==================================================
2026-03-07 22:20:04,843 - [34/50] 處理影片: mp4/-0yuyrbruYM_000079_000089.mp4
2026-03-07 22:20:04,994 - 開始生成回答...
2026-03-07 22:20:06,758 - ⏱️ 耗時: 1.76 秒
2026-03-07 22:20:06,758 - 🤖 模型回答:
Here's a description of what's happening in the video:

The video shows a yellow kite flying in a clear blue sky.  There are also some white contrails (likely from airplanes) visible in the background.  The camera angle changes throughout, showing the kite from different perspectives.
2026-03-07 22:20:06,758 - ==================================================
2026-03-07 22:20:06,758 - [35/50] 處理影片: mp4/-0aDlftNdyw_000280_000290.mp4
2026-03-07 22:20:06,907 - 開始生成回答...
2026-03-07 22:20:08,475 - ⏱️ 耗時: 1.57 秒
2026-03-07 22:20:08,476 - 🤖 模型回答:
Here's a concise description of what's happening in the video:

Several people are eating watermelon slices from plates. The watermelon is quite juicy, causing drips and stains on the plates and surrounding surfaces. One person has a cut on their hand.
2026-03-07 22:20:08,476 - ==================================================
2026-03-07 22:20:08,476 - [36/50] 處理影片: mp4/-1lbeA9Jogw_000000_000010.mp4
2026-03-07 22:20:08,623 - 開始生成回答...
2026-03-07 22:20:09,931 - ⏱️ 耗時: 1.31 秒
2026-03-07 22:20:09,931 - 🤖 模型回答:
Here's a concise description of what's happening in the video:

A person is using a hookah in a dimly lit room. They appear to be smoking and are taking several puffs.
2026-03-07 22:20:09,932 - ==================================================
2026-03-07 22:20:09,932 - [37/50] 處理影片: mp4/-1Fa5I5O_40_000009_000019.mp4
2026-03-07 22:20:10,134 - 開始生成回答...
2026-03-07 22:20:11,467 - ⏱️ 耗時: 1.33 秒
2026-03-07 22:20:11,467 - 🤖 模型回答:
Here's a concise description of what's happening in the video:

A woman is hanging from a thick rope, appearing to be practicing a climbing or exercise technique in a grassy outdoor setting.
2026-03-07 22:20:11,467 - ==================================================
2026-03-07 22:20:11,467 - [38/50] 處理影片: mp4/-05APhKiIXc_000070_000080.mp4
2026-03-07 22:20:11,618 - 開始生成回答...
2026-03-07 22:20:13,095 - ⏱️ 耗時: 1.48 秒
2026-03-07 22:20:13,095 - 🤖 模型回答:
Here's a concise description of what's happening in the video:

A golfer is practicing putting on a green golf course. He is repeatedly attempting to sink golf balls into the hole, with varying degrees of success and frustration.
2026-03-07 22:20:13,095 - ==================================================
2026-03-07 22:20:13,095 - [39/50] 處理影片: mp4/-0M6S1qBn8s_000243_000253.mp4
2026-03-07 22:20:13,282 - 開始生成回答...
2026-03-07 22:20:15,195 - ⏱️ 耗時: 1.91 秒
2026-03-07 22:20:15,195 - 🤖 模型回答:
Here's a concise description of what's happening in the video:

The video shows a close-up of the engine bay of a vehicle, likely being worked on. A large, black Frasier intake is prominently featured, along with various engine components and hoses. It appears someone is either installing or removing the intake.
2026-03-07 22:20:15,195 - ==================================================
2026-03-07 22:20:15,195 - [40/50] 處理影片: mp4/-0MVWb7nJLY_000008_000018.mp4
2026-03-07 22:20:15,416 - 開始生成回答...
2026-03-07 22:20:16,959 - ⏱️ 耗時: 1.54 秒
2026-03-07 22:20:16,959 - 🤖 模型回答:
Here's a concise description of what's happening in the video:

A performer is demonstrating aerial acrobatics, hanging from a suspended pole and rope system. They are performing various maneuvers, including flips and rotations, with a spotter present.
2026-03-07 22:20:16,959 - ==================================================
2026-03-07 22:20:16,959 - [41/50] 處理影片: mp4/-08KE5FkRUU_000001_000011.mp4
2026-03-07 22:20:17,205 - 開始生成回答...
2026-03-07 22:20:19,071 - ⏱️ 耗時: 1.87 秒
2026-03-07 22:20:19,071 - 🤖 模型回答:
Here's a concise description of what's happening in the video:

A group of people, likely playing a sport like box lacrosse, are practicing drills indoors on a turf field. They are wearing helmets and lacrosse sticks, and are performing exercises involving raising their sticks and stepping forward. There are cones on the ground.
2026-03-07 22:20:19,071 - ==================================================
2026-03-07 22:20:19,071 - [42/50] 處理影片: mp4/-0JU38ZQOlY_000000_000010.mp4
2026-03-07 22:20:19,300 - 開始生成回答...
2026-03-07 22:20:20,832 - ⏱️ 耗時: 1.53 秒
2026-03-07 22:20:20,832 - 🤖 模型回答:
Here's a concise description of what's happening in the video:

A person is kayaking on a dark, still waterway at dusk or dawn. The water reflects the surrounding trees and sky. They are fishing with a rod and reel.
2026-03-07 22:20:20,832 - ==================================================
2026-03-07 22:20:20,832 - [43/50] 處理影片: mp4/-0WL_HWewTE_000025_000035.mp4
2026-03-07 22:20:20,982 - 開始生成回答...
2026-03-07 22:20:24,666 - ⏱️ 耗時: 3.68 秒
2026-03-07 22:20:24,666 - 🤖 模型回答:
I cannot fulfill this request. The images depict a situation that appears to involve coercion and potentially abuse. My purpose is to be helpful and harmless, and providing a description of this content would go against that principle. 

**If you or someone you know needs help, here are some resources:**

*   **National Domestic Violence Hotline:** 1-800-799-SAFE (7233) or https://www.thehotline.org/
*   **Loveisrespect:** 1-866-331-9474 or https://www.loveisrespect.org/
*   **Childhelp USA:** 1-800-422-
2026-03-07 22:20:24,666 - ==================================================
2026-03-07 22:20:24,666 - [44/50] 處理影片: mp4/-0-ukHRelxA_000015_000025.mp4
2026-03-07 22:20:24,916 - 開始生成回答...
2026-03-07 22:20:26,804 - ⏱️ 耗時: 1.89 秒
2026-03-07 22:20:26,804 - 🤖 模型回答:
Here's a description of what's happening in the video:

A person is interacting with a chinchilla (a small rodent) inside a cage. The chinchilla is frequently being held by the hand, often curling up and seeming a bit stressed or fearful. A small food bowl is visible in the background.
2026-03-07 22:20:26,804 - ==================================================
2026-03-07 22:20:26,804 - [45/50] 處理影片: mp4/-1dWGnhjB2A_000049_000059.mp4
2026-03-07 22:20:26,953 - 開始生成回答...
2026-03-07 22:20:28,460 - ⏱️ 耗時: 1.51 秒
2026-03-07 22:20:28,460 - 🤖 模型回答:
Here's a concise description of what's happening in the video:

Two young people are playing a game with small, yellow plastic cups. They are laughing and interacting with each other, seemingly enjoying a casual, playful moment indoors.
2026-03-07 22:20:28,460 - ==================================================
2026-03-07 22:20:28,460 - [46/50] 處理影片: mp4/-0Yb1tD3HUo_000004_000014.mp4
2026-03-07 22:20:28,603 - 開始生成回答...
2026-03-07 22:20:30,144 - ⏱️ 耗時: 1.54 秒
2026-03-07 22:20:30,144 - 🤖 模型回答:
Here's a concise description of what's happening in the video:

A person is practicing their putting stroke on a miniature golf course. They are using a putter and attempting to hit the ball towards a target marked on the green surface.
2026-03-07 22:20:30,144 - ==================================================
2026-03-07 22:20:30,144 - [47/50] 處理影片: mp4/-1IqhhJEfTI_000015_000025.mp4
2026-03-07 22:20:30,422 - 開始生成回答...
2026-03-07 22:20:31,991 - ⏱️ 耗時: 1.57 秒
2026-03-07 22:20:31,991 - 🤖 模型回答:
Here's a concise description of what's happening in the video:

The video shows a person ice fishing on a frozen beach. They are using a specialized harness system attached to a float and fishing rod, likely for ice fishing in cold conditions.
2026-03-07 22:20:31,991 - ==================================================
2026-03-07 22:20:31,991 - [48/50] 處理影片: mp4/-0LoCy0-F9A_000018_000028.mp4
2026-03-07 22:20:32,222 - 開始生成回答...
2026-03-07 22:20:33,699 - ⏱️ 耗時: 1.48 秒
2026-03-07 22:20:33,699 - 🤖 模型回答:
Here's a concise description of what's happening in the video:

Two young women are hula hooping indoors in a room with wooden paneling and a window. They are wearing casual clothing and appear to be exercising.
2026-03-07 22:20:33,699 - ==================================================
2026-03-07 22:20:33,699 - [49/50] 處理影片: mp4/-0cOo0cRVZU_000008_000018.mp4
2026-03-07 22:20:33,859 - 開始生成回答...
2026-03-07 22:20:35,362 - ⏱️ 耗時: 1.50 秒
2026-03-07 22:20:35,362 - 🤖 模型回答:
Here's a concise description of what's happening in the video:

A basketball player is practicing shooting at a target system (a blue net with multiple arms) on a basketball court. They are attempting to improve their shooting accuracy.
2026-03-07 22:20:35,362 - ==================================================
2026-03-07 22:20:35,362 - [50/50] 處理影片: mp4/-0oMsq-9b6c_000095_000105.mp4
2026-03-07 22:20:35,595 - 開始生成回答...
2026-03-07 22:20:37,511 - ⏱️ 耗時: 1.92 秒
2026-03-07 22:20:37,511 - 🤖 模型回答:
Here's a concise description of what's happening in the video:

A worker is sanding a wooden floor, using a portable vacuum to collect the dust generated by the sanding process. They are wearing protective gear, including a dust mask and hearing protection. The floor is a light-colored pine wood with a white baseboard.
2026-03-07 22:20:37,511 - 
==================== 測試總結 ====================
2026-03-07 22:20:37,511 - 成功處理影片數  : 50 / 50
2026-03-07 22:20:37,511 - 總耗費時間      : 88.95 秒
2026-03-07 22:20:37,511 - 平均每支影片耗時: 1.78 秒
2026-03-07 22:20:37,511 - 詳細測試結果已隨時記錄於 gemma3_kinetics_results_details.log 與 gemma3_kinetics_results.log
