2026-03-07 22:25:58,545 - 載入模型與處理器: google/gemma-3-12b-it ...
2026-03-07 22:25:58,816 - HTTP Request: HEAD https://huggingface.co/google/gemma-3-12b-it/resolve/main/processor_config.json "HTTP/1.1 200 OK"
2026-03-07 22:25:59,028 - HTTP Request: GET https://huggingface.co/google/gemma-3-12b-it/resolve/main/processor_config.json "HTTP/1.1 200 OK"
2026-03-07 22:25:59,230 - HTTP Request: GET https://huggingface.co/api/models/google/gemma-3-12b-it/tree/main/additional_chat_templates?recursive=false&expand=false "HTTP/1.1 404 Not Found"
2026-03-07 22:25:59,435 - HTTP Request: HEAD https://huggingface.co/google/gemma-3-12b-it/resolve/main/processor_config.json "HTTP/1.1 200 OK"
2026-03-07 22:25:59,647 - HTTP Request: HEAD https://huggingface.co/google/gemma-3-12b-it/resolve/main/chat_template.json "HTTP/1.1 200 OK"
2026-03-07 22:25:59,860 - HTTP Request: GET https://huggingface.co/google/gemma-3-12b-it/resolve/main/chat_template.json "HTTP/1.1 200 OK"
2026-03-07 22:26:00,091 - HTTP Request: HEAD https://huggingface.co/google/gemma-3-12b-it/resolve/main/chat_template.jinja "HTTP/1.1 404 Not Found"
2026-03-07 22:26:00,298 - HTTP Request: HEAD https://huggingface.co/google/gemma-3-12b-it/resolve/main/audio_tokenizer_config.json "HTTP/1.1 404 Not Found"
2026-03-07 22:26:00,506 - HTTP Request: GET https://huggingface.co/api/models/google/gemma-3-12b-it/tree/main/additional_chat_templates?recursive=false&expand=false "HTTP/1.1 404 Not Found"
2026-03-07 22:26:00,716 - HTTP Request: HEAD https://huggingface.co/google/gemma-3-12b-it/resolve/main/processor_config.json "HTTP/1.1 200 OK"
2026-03-07 22:26:00,938 - HTTP Request: HEAD https://huggingface.co/google/gemma-3-12b-it/resolve/main/chat_template.json "HTTP/1.1 200 OK"
2026-03-07 22:26:01,169 - HTTP Request: HEAD https://huggingface.co/google/gemma-3-12b-it/resolve/main/chat_template.jinja "HTTP/1.1 404 Not Found"
2026-03-07 22:26:01,371 - HTTP Request: HEAD https://huggingface.co/google/gemma-3-12b-it/resolve/main/audio_tokenizer_config.json "HTTP/1.1 404 Not Found"
2026-03-07 22:26:01,569 - HTTP Request: HEAD https://huggingface.co/google/gemma-3-12b-it/resolve/main/processor_config.json "HTTP/1.1 200 OK"
2026-03-07 22:26:01,774 - HTTP Request: HEAD https://huggingface.co/google/gemma-3-12b-it/resolve/main/preprocessor_config.json "HTTP/1.1 200 OK"
2026-03-07 22:26:01,984 - HTTP Request: GET https://huggingface.co/google/gemma-3-12b-it/resolve/main/preprocessor_config.json "HTTP/1.1 200 OK"
2026-03-07 22:26:02,198 - HTTP Request: HEAD https://huggingface.co/google/gemma-3-12b-it/resolve/main/processor_config.json "HTTP/1.1 200 OK"
2026-03-07 22:26:02,424 - HTTP Request: HEAD https://huggingface.co/google/gemma-3-12b-it/resolve/main/preprocessor_config.json "HTTP/1.1 200 OK"
2026-03-07 22:26:02,630 - HTTP Request: HEAD https://huggingface.co/google/gemma-3-12b-it/resolve/main/config.json "HTTP/1.1 200 OK"
2026-03-07 22:26:02,840 - HTTP Request: GET https://huggingface.co/google/gemma-3-12b-it/resolve/main/config.json "HTTP/1.1 200 OK"
2026-03-07 22:26:03,044 - HTTP Request: HEAD https://huggingface.co/google/gemma-3-12b-it/resolve/main/tokenizer_config.json "HTTP/1.1 200 OK"
2026-03-07 22:26:03,256 - HTTP Request: GET https://huggingface.co/google/gemma-3-12b-it/resolve/main/tokenizer_config.json "HTTP/1.1 200 OK"
2026-03-07 22:26:03,779 - HTTP Request: GET https://huggingface.co/api/models/google/gemma-3-12b-it/tree/main/additional_chat_templates?recursive=false&expand=false "HTTP/1.1 404 Not Found"
2026-03-07 22:26:03,990 - HTTP Request: GET https://huggingface.co/api/models/google/gemma-3-12b-it/tree/main?recursive=true&expand=false "HTTP/1.1 200 OK"
2026-03-07 22:26:04,226 - HTTP Request: HEAD https://huggingface.co/google/gemma-3-12b-it/resolve/main/tokenizer.json "HTTP/1.1 302 Found"
2026-03-07 22:26:04,432 - HTTP Request: GET https://huggingface.co/api/models/google/gemma-3-12b-it/xet-read-token/96b6f1eccf38110c56df3a15bffe176da04bfd80 "HTTP/1.1 200 OK"
2026-03-07 22:26:06,452 - HTTP Request: HEAD https://huggingface.co/google/gemma-3-12b-it/resolve/main/added_tokens.json "HTTP/1.1 200 OK"
2026-03-07 22:26:06,664 - HTTP Request: GET https://huggingface.co/google/gemma-3-12b-it/resolve/main/added_tokens.json "HTTP/1.1 200 OK"
2026-03-07 22:26:06,874 - HTTP Request: HEAD https://huggingface.co/google/gemma-3-12b-it/resolve/main/special_tokens_map.json "HTTP/1.1 200 OK"
2026-03-07 22:26:07,103 - HTTP Request: GET https://huggingface.co/google/gemma-3-12b-it/resolve/main/special_tokens_map.json "HTTP/1.1 200 OK"
2026-03-07 22:26:08,791 - HTTP Request: GET https://huggingface.co/api/models/google/gemma-3-12b-it "HTTP/1.1 200 OK"
2026-03-07 22:26:10,094 - HTTP Request: HEAD https://huggingface.co/google/gemma-3-12b-it/resolve/main/config.json "HTTP/1.1 200 OK"
2026-03-07 22:26:10,329 - HTTP Request: HEAD https://huggingface.co/google/gemma-3-12b-it/resolve/main/model.safetensors "HTTP/1.1 404 Not Found"
2026-03-07 22:26:10,533 - HTTP Request: HEAD https://huggingface.co/google/gemma-3-12b-it/resolve/main/model.safetensors.index.json "HTTP/1.1 200 OK"
2026-03-07 22:26:10,749 - HTTP Request: GET https://huggingface.co/google/gemma-3-12b-it/resolve/main/model.safetensors.index.json "HTTP/1.1 200 OK"
2026-03-07 22:26:10,955 - HTTP Request: GET https://huggingface.co/api/models/google/gemma-3-12b-it/revision/main "HTTP/1.1 200 OK"
2026-03-07 22:26:11,171 - HTTP Request: HEAD https://huggingface.co/google/gemma-3-12b-it/resolve/96b6f1eccf38110c56df3a15bffe176da04bfd80/model-00001-of-00005.safetensors "HTTP/1.1 302 Found"
2026-03-07 22:26:11,177 - HTTP Request: HEAD https://huggingface.co/google/gemma-3-12b-it/resolve/96b6f1eccf38110c56df3a15bffe176da04bfd80/model-00004-of-00005.safetensors "HTTP/1.1 302 Found"
2026-03-07 22:26:11,181 - HTTP Request: HEAD https://huggingface.co/google/gemma-3-12b-it/resolve/96b6f1eccf38110c56df3a15bffe176da04bfd80/model-00003-of-00005.safetensors "HTTP/1.1 302 Found"
2026-03-07 22:26:11,182 - HTTP Request: HEAD https://huggingface.co/google/gemma-3-12b-it/resolve/96b6f1eccf38110c56df3a15bffe176da04bfd80/model-00005-of-00005.safetensors "HTTP/1.1 302 Found"
2026-03-07 22:26:11,189 - HTTP Request: HEAD https://huggingface.co/google/gemma-3-12b-it/resolve/96b6f1eccf38110c56df3a15bffe176da04bfd80/model-00002-of-00005.safetensors "HTTP/1.1 302 Found"
2026-03-07 22:40:49,267 - HTTP Request: GET https://huggingface.co/api/models/google/gemma-3-12b-it/xet-read-token/96b6f1eccf38110c56df3a15bffe176da04bfd80 "HTTP/1.1 200 OK"
2026-03-07 22:57:49,885 - HTTP Request: HEAD https://huggingface.co/google/gemma-3-12b-it/resolve/main/generation_config.json "HTTP/1.1 200 OK"
2026-03-07 22:57:50,100 - HTTP Request: GET https://huggingface.co/google/gemma-3-12b-it/resolve/main/generation_config.json "HTTP/1.1 200 OK"
2026-03-07 22:57:50,101 - 找到 50 支影片。
2026-03-07 22:57:50,101 - 開始測試，隨機抽取 50 支影片進行推論...
2026-03-07 22:57:50,101 - ==================================================
2026-03-07 22:57:50,101 - [1/50] 處理影片: mp4/-0S06ntmN_I_000019_000029.mp4
2026-03-07 22:57:50,265 - 開始生成回答...
2026-03-07 22:57:53,464 - ⏱️ 耗時: 3.20 秒
2026-03-07 22:57:53,464 - 🤖 模型回答:
Here's a concise description of what's happening in the video:

A person is performing a dynamic stretching exercise, likely a straddle stretch, on a mat. They are moving their arms and torso in a twisting motion while maintaining a wide-legged position.
2026-03-07 22:57:53,464 - ==================================================
2026-03-07 22:57:53,464 - [2/50] 處理影片: mp4/-0kVxoFuMGQ_000622_000632.mp4
2026-03-07 22:57:53,659 - 開始生成回答...
2026-03-07 22:57:57,273 - ⏱️ 耗時: 3.61 秒
2026-03-07 22:57:57,273 - 🤖 模型回答:
Here's a concise description of what's happening in the video:

A marching band, likely from Thailand (as indicated by the website in the corner), is performing a routine. They are dressed in vibrant orange and black uniforms with gold accents, and some members are holding flags and playing brass instruments (likely tubas). The performance involves synchronized movements and formations.
2026-03-07 22:57:57,273 - ==================================================
2026-03-07 22:57:57,273 - [3/50] 處理影片: mp4/-07Ke73N4zI_000612_000622.mp4
2026-03-07 22:57:57,437 - 開始生成回答...
2026-03-07 22:58:00,768 - ⏱️ 耗時: 3.33 秒
2026-03-07 22:58:00,768 - 🤖 模型回答:
Here's a concise description of what's happening in the video:

Someone is cooking a stew in a pot on a stove. They are adding fresh herbs and spices (possibly red pepper flakes and cilantro) to the stew, stirring it with a wooden spoon. They also appear to be adding liquid from a separate pot.
2026-03-07 22:58:00,768 - ==================================================
2026-03-07 22:58:00,768 - [4/50] 處理影片: mp4/-0MsYnGUrfE_000022_000032.mp4
2026-03-07 22:58:01,062 - 開始生成回答...
2026-03-07 22:58:03,884 - ⏱️ 耗時: 2.82 秒
2026-03-07 22:58:03,884 - 🤖 模型回答:
Here's a concise description of what's happening in the video:

The video shows a person covered in paintball splatter during a paintball game. They are wearing camouflage gear, a mask, and a scarf, and appear to be laughing and enjoying the experience.
2026-03-07 22:58:03,884 - ==================================================
2026-03-07 22:58:03,884 - [5/50] 處理影片: mp4/-0SoxHZp0SM_000091_000101.mp4
2026-03-07 22:58:04,158 - 開始生成回答...
2026-03-07 22:58:06,986 - ⏱️ 耗時: 2.83 秒
2026-03-07 22:58:06,986 - 🤖 模型回答:
Here's a concise description of what's happening in the video:

The video shows a group of people snowboarding down a snowy mountain slope on a sunny day. The footage is from a first-person perspective, capturing the speed and scenery of the descent.
2026-03-07 22:58:06,986 - ==================================================
2026-03-07 22:58:06,986 - [6/50] 處理影片: mp4/-01cbva4erQ_000007_000017.mp4
2026-03-07 22:58:07,226 - 開始生成回答...
2026-03-07 22:58:09,883 - ⏱️ 耗時: 2.66 秒
2026-03-07 22:58:09,883 - 🤖 模型回答:
Here's a concise description of what's happening in the video:

A potter is using a pottery wheel to shape a clay disc into a plate. He's using his hands and a tool to smooth and even out the surface.
2026-03-07 22:58:09,883 - ==================================================
2026-03-07 22:58:09,883 - [7/50] 處理影片: mp4/-00fzD4K6aw_000007_000017.mp4
2026-03-07 22:58:10,094 - 開始生成回答...
2026-03-07 22:58:12,250 - ⏱️ 耗時: 2.16 秒
2026-03-07 22:58:12,250 - 🤖 模型回答:
Here's a concise description of what's happening in the video:

A toddler is playing outside, running, falling, crawling, and generally exploring on a grassy area.
2026-03-07 22:58:12,250 - ==================================================
2026-03-07 22:58:12,250 - [8/50] 處理影片: mp4/-0-ukHRelxA_000015_000025.mp4
2026-03-07 22:58:12,542 - 開始生成回答...
2026-03-07 22:58:14,550 - ⏱️ 耗時: 2.01 秒
2026-03-07 22:58:14,550 - 🤖 模型回答:
Here's a concise description of what's happening in the video:

A person is gently petting and interacting with a chinchilla inside its cage.
2026-03-07 22:58:14,550 - ==================================================
2026-03-07 22:58:14,550 - [9/50] 處理影片: mp4/-0HRnFhCDdc_000026_000036.mp4
2026-03-07 22:58:14,742 - 開始生成回答...
2026-03-07 22:58:16,791 - ⏱️ 耗時: 2.05 秒
2026-03-07 22:58:16,792 - 🤖 模型回答:
Here's a concise description of what's happening in the video:

A fluffy dog is eagerly offering its paw to a person, likely anticipating a treat.
2026-03-07 22:58:16,792 - ==================================================
2026-03-07 22:58:16,792 - [10/50] 處理影片: mp4/-1Kv095GbV8_000000_000010.mp4
2026-03-07 22:58:16,935 - 開始生成回答...
2026-03-07 22:58:19,808 - ⏱️ 耗時: 2.87 秒
2026-03-07 22:58:19,808 - 🤖 模型回答:
Here's a concise description of what's happening in the video:

A dance performance featuring a group of dancers in dark clothing, seemingly engaged in a choreographed sequence with dynamic movements and sword-like props. The lighting is dim, creating a dramatic and shadowy atmosphere.
2026-03-07 22:58:19,808 - ==================================================
2026-03-07 22:58:19,808 - [11/50] 處理影片: mp4/-0mnCHRQ-Zc_000092_000102.mp4
2026-03-07 22:58:19,974 - 開始生成回答...
2026-03-07 22:58:22,466 - ⏱️ 耗時: 2.49 秒
2026-03-07 22:58:22,466 - 🤖 模型回答:
Here's a concise description of what's happening in the video:

A healthcare worker is adjusting the blankets on a patient in a hospital bed. The patient is covered with a green sheet and appears to be unresponsive.
2026-03-07 22:58:22,466 - ==================================================
2026-03-07 22:58:22,466 - [12/50] 處理影片: mp4/-0HSpenSJGs_000000_000010.mp4
2026-03-07 22:58:22,654 - 開始生成回答...
2026-03-07 22:58:24,583 - ⏱️ 耗時: 1.93 秒
2026-03-07 22:58:24,583 - 🤖 模型回答:
Here's a concise description of what's happening in the video:

A man is juggling two oranges outdoors, surrounded by trees and foliage.
2026-03-07 22:58:24,583 - ==================================================
2026-03-07 22:58:24,583 - [13/50] 處理影片: mp4/-157wqwwtAo_000026_000036.mp4
2026-03-07 22:58:24,755 - 開始生成回答...
2026-03-07 22:58:26,790 - ⏱️ 耗時: 2.03 秒
2026-03-07 22:58:26,790 - 🤖 模型回答:
Here's a concise description of what's happening in the video:

A person is using a vacuum pump to clean dust and debris from an electrical panel.
2026-03-07 22:58:26,790 - ==================================================
2026-03-07 22:58:26,790 - [14/50] 處理影片: mp4/-0HKFF7F_BY_000003_000013.mp4
2026-03-07 22:58:26,931 - 開始生成回答...
2026-03-07 22:58:29,319 - ⏱️ 耗時: 2.39 秒
2026-03-07 22:58:29,319 - 🤖 模型回答:
Here's a concise description of what's happening in the video:

A baby is exploring a pile of blankets and toys on a bed, looking around with curiosity and occasionally crawling or reaching for items.
2026-03-07 22:58:29,319 - ==================================================
2026-03-07 22:58:29,319 - [15/50] 處理影片: mp4/-1GUNrYsD4Y_000018_000028.mp4
2026-03-07 22:58:29,475 - 開始生成回答...
2026-03-07 22:58:31,784 - ⏱️ 耗時: 2.31 秒
2026-03-07 22:58:31,784 - 🤖 模型回答:
Here's a concise description of what's happening in the video:

A person kayaks across a lake or river. There are ducks swimming nearby, and a bridge is visible in the background.
2026-03-07 22:58:31,784 - ==================================================
2026-03-07 22:58:31,784 - [16/50] 處理影片: mp4/-1brKJdL-iM_000093_000103.mp4
2026-03-07 22:58:31,940 - 開始生成回答...
2026-03-07 22:58:34,839 - ⏱️ 耗時: 2.90 秒
2026-03-07 22:58:34,840 - 🤖 模型回答:
Here's a concise description of what's happening in the video:

A golfer demonstrates a putting technique, focusing on a smooth, pendulum-like swing with minimal body movement. He emphasizes keeping the shoulders stable and using the arms and shoulders to control the putter.
2026-03-07 22:58:34,840 - ==================================================
2026-03-07 22:58:34,840 - [17/50] 處理影片: mp4/-0Y3H5y75t8_000020_000030.mp4
2026-03-07 22:58:35,007 - 開始生成回答...
2026-03-07 22:58:37,705 - ⏱️ 耗時: 2.70 秒
2026-03-07 22:58:37,705 - 🤖 模型回答:
Here's a concise description of what's happening in the video:

The video shows a windsurfing competition. Several windsurfers are racing, performing maneuvers, and occasionally crashing into the water. Safety boats are present to assist if needed.
2026-03-07 22:58:37,705 - ==================================================
2026-03-07 22:58:37,705 - [18/50] 處理影片: mp4/-0JU38ZQOlY_000000_000010.mp4
2026-03-07 22:58:37,951 - 開始生成回答...
2026-03-07 22:58:41,226 - ⏱️ 耗時: 3.27 秒
2026-03-07 22:58:41,226 - 🤖 模型回答:
Here's a concise description of what's happening in the video:

A person is kayaking down a narrow, tree-lined waterway at dawn or dusk. They are fishing, with a fishing rod visible in the frame. The scene is mostly dark, with the water reflecting the sky and the silhouettes of the trees.
2026-03-07 22:58:41,226 - ==================================================
2026-03-07 22:58:41,226 - [19/50] 處理影片: mp4/-1lbeA9Jogw_000000_000010.mp4
2026-03-07 22:58:41,410 - 開始生成回答...
2026-03-07 22:58:44,374 - ⏱️ 耗時: 2.96 秒
2026-03-07 22:58:44,374 - 🤖 模型回答:
Here's a concise description of what's happening in the video:

The video shows a person smoking a hookah (also known as a shisha or water pipe). The first few images focus on the hookah itself, and the subsequent images show the person inhaling from the hookah.
2026-03-07 22:58:44,374 - ==================================================
2026-03-07 22:58:44,374 - [20/50] 處理影片: mp4/-0H3T2B9PH4_000005_000015.mp4
2026-03-07 22:58:44,603 - 開始生成回答...
2026-03-07 22:58:47,443 - ⏱️ 耗時: 2.84 秒
2026-03-07 22:58:47,443 - 🤖 模型回答:
Here's a concise description of what's happening in the video:

A man in a wheelchair is demonstrating how to flip his wheelchair over. He uses his arms and body weight to rotate the chair 180 degrees, ending with the wheels facing forward.
2026-03-07 22:58:47,443 - ==================================================
2026-03-07 22:58:47,443 - [21/50] 處理影片: mp4/-1IlTIWPNs4_000027_000037.mp4
2026-03-07 22:58:47,688 - 開始生成回答...
2026-03-07 22:58:49,521 - ⏱️ 耗時: 1.83 秒
2026-03-07 22:58:49,522 - 🤖 模型回答:
Here's a concise description of what's happening in the video:

A young boy is shoveling snow in a snowy yard.
2026-03-07 22:58:49,522 - ==================================================
2026-03-07 22:58:49,522 - [22/50] 處理影片: mp4/-0M6S1qBn8s_000243_000253.mp4
2026-03-07 22:58:49,697 - 開始生成回答...
2026-03-07 22:58:52,236 - ⏱️ 耗時: 2.54 秒
2026-03-07 22:58:52,236 - 🤖 模型回答:
Here's a concise description of what's happening in the video:

Someone is changing a tire on a race car. The hood is open, and they are working on the wheel and tire assembly in the engine bay.
2026-03-07 22:58:52,236 - ==================================================
2026-03-07 22:58:52,236 - [23/50] 處理影片: mp4/-0R6wpipD-c_000035_000045.mp4
2026-03-07 22:58:52,403 - 開始生成回答...
2026-03-07 22:58:55,101 - ⏱️ 耗時: 2.70 秒
2026-03-07 22:58:55,101 - 🤖 模型回答:
Here's a concise description of what's happening in the video:

A baby is exploring food (likely carrots) in a high chair, using their hands to play with and taste it. It's a messy, exploratory eating experience!
2026-03-07 22:58:55,101 - ==================================================
2026-03-07 22:58:55,101 - [24/50] 處理影片: mp4/-0WL_HWewTE_000025_000035.mp4
2026-03-07 22:58:55,294 - 開始生成回答...
2026-03-07 22:58:57,711 - ⏱️ 耗時: 2.42 秒
2026-03-07 22:58:57,711 - 🤖 模型回答:
Here's a concise description of what's happening in the video:

A group of people are playfully cutting the hair of a shirtless man. He appears to be reacting with a mix of amusement and discomfort.
2026-03-07 22:58:57,711 - ==================================================
2026-03-07 22:58:57,711 - [25/50] 處理影片: mp4/-1IqhhJEfTI_000015_000025.mp4
2026-03-07 22:58:58,013 - 開始生成回答...
2026-03-07 22:59:00,548 - ⏱️ 耗時: 2.54 秒
2026-03-07 22:59:00,548 - 🤖 模型回答:
Here's a concise description of what's happening in the video:

The video shows a person ice climbing on a frozen beach. They are using ice axes and crampons to ascend a wall of ice near the shoreline.
2026-03-07 22:59:00,548 - ==================================================
2026-03-07 22:59:00,548 - [26/50] 處理影片: mp4/-01PKgtzCxc_000034_000044.mp4
2026-03-07 22:59:00,707 - 開始生成回答...
2026-03-07 22:59:02,991 - ⏱️ 耗時: 2.28 秒
2026-03-07 22:59:02,991 - 🤖 模型回答:
Here's a concise description of what's happening in the video:

A man throws a ball towards a person standing near a waterfall. The person jumps into the water below the falls.
2026-03-07 22:59:02,991 - ==================================================
2026-03-07 22:59:02,991 - [27/50] 處理影片: mp4/-0MVWb7nJLY_000008_000018.mp4
2026-03-07 22:59:03,238 - 開始生成回答...
2026-03-07 22:59:05,955 - ⏱️ 耗時: 2.72 秒
2026-03-07 22:59:05,955 - 🤖 模型回答:
Here's a concise description of what's happening in the video:

A woman is performing a dynamic aerial silks routine outdoors. She's being assisted by another person, and the routine involves climbing, inverting, and swinging on the silks.
2026-03-07 22:59:05,955 - ==================================================
2026-03-07 22:59:05,955 - [28/50] 處理影片: mp4/-1dWGnhjB2A_000049_000059.mp4
2026-03-07 22:59:06,144 - 開始生成回答...
2026-03-07 22:59:08,266 - ⏱️ 耗時: 2.12 秒
2026-03-07 22:59:08,266 - 🤖 模型回答:
Here's a concise description of what's happening in the video:

Two people are playfully battling with toy guns, laughing and reacting to each other's actions.
2026-03-07 22:59:08,266 - ==================================================
2026-03-07 22:59:08,266 - [29/50] 處理影片: mp4/-08KE5FkRUU_000001_000011.mp4
2026-03-07 22:59:08,561 - 開始生成回答...
2026-03-07 22:59:11,410 - ⏱️ 耗時: 2.85 秒
2026-03-07 22:59:11,410 - 🤖 模型回答:
Here's a concise description of what's happening in the video:

A group of people are practicing hurling, a Gaelic sport, indoors on a turf field. They are hitting a sliotar (small ball) against a wall while wearing helmets and protective gear.
2026-03-07 22:59:11,410 - ==================================================
2026-03-07 22:59:11,410 - [30/50] 處理影片: mp4/-0gO3FmnKD8_000135_000145.mp4
2026-03-07 22:59:11,694 - 開始生成回答...
2026-03-07 22:59:13,934 - ⏱️ 耗時: 2.24 秒
2026-03-07 22:59:13,934 - 🤖 模型回答:
Here's a concise description of what's happening in the video:

The video shows someone opening a boxed iPad. They remove the inner white foam tray to reveal the iPad inside.
2026-03-07 22:59:13,934 - ==================================================
2026-03-07 22:59:13,934 - [31/50] 處理影片: mp4/-0aDlftNdyw_000280_000290.mp4
2026-03-07 22:59:14,097 - 開始生成回答...
2026-03-07 22:59:16,466 - ⏱️ 耗時: 2.37 秒
2026-03-07 22:59:16,466 - 🤖 模型回答:
Here's a concise description of what's happening in the video:

People are eating watermelon slices on paper plates. Some seeds are scattered around, and napkins are being used to wipe up juice.
2026-03-07 22:59:16,466 - ==================================================
2026-03-07 22:59:16,466 - [32/50] 處理影片: mp4/-0cOo0cRVZU_000008_000018.mp4
2026-03-07 22:59:16,630 - 開始生成回答...
2026-03-07 22:59:19,180 - ⏱️ 耗時: 2.55 秒
2026-03-07 22:59:19,181 - 🤖 模型回答:
Here's a concise description of what's happening in the video:

A basketball player is practicing shooting with a Shot Tracker machine. The machine records and analyzes the shot's trajectory and accuracy. Other players are observing.
2026-03-07 22:59:19,181 - ==================================================
2026-03-07 22:59:19,181 - [33/50] 處理影片: mp4/-0yuyrbruYM_000079_000089.mp4
2026-03-07 22:59:19,337 - 開始生成回答...
2026-03-07 22:59:22,063 - ⏱️ 耗時: 2.73 秒
2026-03-07 22:59:22,063 - 🤖 模型回答:
Here's a concise description of what's happening in the video:

The video shows a series of aerial maneuvers, likely performed by a fighter jet. It includes a combination of loops, rolls, and other stunts against a clear blue sky.
2026-03-07 22:59:22,063 - ==================================================
2026-03-07 22:59:22,063 - [34/50] 處理影片: mp4/-05APhKiIXc_000070_000080.mp4
2026-03-07 22:59:22,215 - 開始生成回答...
2026-03-07 22:59:24,528 - ⏱️ 耗時: 2.31 秒
2026-03-07 22:59:24,528 - 🤖 模型回答:
Here's a concise description of what's happening in the video:

A man is practicing his golf swing on a driving range. He takes several swings, hitting golf balls towards a target.
2026-03-07 22:59:24,528 - ==================================================
2026-03-07 22:59:24,528 - [35/50] 處理影片: mp4/-0Yb1tD3HUo_000004_000014.mp4
2026-03-07 22:59:24,678 - 開始生成回答...
2026-03-07 22:59:27,288 - ⏱️ 耗時: 2.61 秒
2026-03-07 22:59:27,288 - 🤖 模型回答:
Here's a concise description of what's happening in the video:

A person is practicing putting on an indoor putting green. They are taking a swing at the golf ball, aiming for the hole at the end of the green.
2026-03-07 22:59:27,288 - ==================================================
2026-03-07 22:59:27,288 - [36/50] 處理影片: mp4/-0_5tJuIrJA_000004_000014.mp4
2026-03-07 22:59:27,489 - 開始生成回答...
2026-03-07 22:59:30,778 - ⏱️ 耗時: 3.29 秒
2026-03-07 22:59:30,778 - 🤖 模型回答:
Here's a concise description of what's happening in the video:

A Zumba demonstration or event is taking place. There's a stage with a large banner advertising "Zumba Fitness" and "Admission is Free." Several people, including instructors, are performing or presenting on the stage in front of an audience.
2026-03-07 22:59:30,778 - ==================================================
2026-03-07 22:59:30,778 - [37/50] 處理影片: mp4/-1GRj5UvVBA_000025_000035.mp4
2026-03-07 22:59:30,925 - 開始生成回答...
2026-03-07 22:59:33,461 - ⏱️ 耗時: 2.54 秒
2026-03-07 22:59:33,461 - 🤖 模型回答:
Here's a concise description of what's happening in the video:

**David Lynch is accepting an award (likely a Golden Globe) while wearing his signature sunglasses. He appears to be giving a brief acceptance speech.**
2026-03-07 22:59:33,461 - ==================================================
2026-03-07 22:59:33,461 - [38/50] 處理影片: mp4/-0oMsq-9b6c_000095_000105.mp4
2026-03-07 22:59:33,707 - 開始生成回答...
2026-03-07 22:59:35,779 - ⏱️ 耗時: 2.07 秒
2026-03-07 22:59:35,779 - 🤖 模型回答:
Here's a concise description of what's happening in the video:

A person is sanding a wooden floor while connected to a vacuum cleaner that collects the dust.
2026-03-07 22:59:35,779 - ==================================================
2026-03-07 22:59:35,779 - [39/50] 處理影片: mp4/-1jQapks1hI_000053_000063.mp4
2026-03-07 22:59:35,958 - 開始生成回答...
2026-03-07 22:59:39,300 - ⏱️ 耗時: 3.34 秒
2026-03-07 22:59:39,300 - 🤖 模型回答:
Here's a concise description of what's happening in the video:

The video shows someone preparing a sauce, likely a salsa or similar condiment. They are mashing ingredients like tomatoes, onions, garlic, and herbs with a mortar and pestle. There are also other ingredients like oil and a red sauce in separate containers.
2026-03-07 22:59:39,300 - ==================================================
2026-03-07 22:59:39,300 - [40/50] 處理影片: mp4/-0WBheGENmk_000009_000019.mp4
2026-03-07 22:59:39,456 - 開始生成回答...
2026-03-07 22:59:42,498 - ⏱️ 耗時: 3.04 秒
2026-03-07 22:59:42,498 - 🤖 模型回答:
Here's a concise description of what's happening in the video:

Evander Holyfield, wearing a headband and Adidas tracksuit, is playfully demonstrating how to eat a pickle. He's holding two pickles and showing the technique to someone off-camera, while a woman watches nearby.
2026-03-07 22:59:42,498 - ==================================================
2026-03-07 22:59:42,498 - [41/50] 處理影片: mp4/-1B_EOupmCE_000076_000086.mp4
2026-03-07 22:59:42,694 - 開始生成回答...
2026-03-07 22:59:45,696 - ⏱️ 耗時: 3.00 秒
2026-03-07 22:59:45,696 - 🤖 模型回答:
Here's a concise description of what's happening in the video:

A group of women are gathered around a table playing cards and drinking. They are wearing festive party hats and appear to be laughing and enjoying themselves. There are drinks, snacks, and cards scattered on the table.
2026-03-07 22:59:45,696 - ==================================================
2026-03-07 22:59:45,696 - [42/50] 處理影片: mp4/-0lqH3xAz6M_000014_000024.mp4
2026-03-07 22:59:45,880 - 開始生成回答...
2026-03-07 22:59:48,532 - ⏱️ 耗時: 2.65 秒
2026-03-07 22:59:48,533 - 🤖 模型回答:
Here's a concise description of what's happening in the video:

A person on skis is attempting to launch a kite while standing on a frozen lake. They are adjusting the kite lines and appear to be trying to get it airborne.
2026-03-07 22:59:48,533 - ==================================================
2026-03-07 22:59:48,533 - [43/50] 處理影片: mp4/-0MLLn0Zg1M_000015_000025.mp4
2026-03-07 22:59:48,777 - 開始生成回答...
2026-03-07 22:59:51,663 - ⏱️ 耗時: 2.89 秒
2026-03-07 22:59:51,663 - 🤖 模型回答:
Here's a concise description of what's happening in the video:

A white catamaran is sailing on a bright blue ocean under a clear sky. Crew members are adjusting the sails and steering the boat. The boat is creating a wake as it moves through the water.
2026-03-07 22:59:51,663 - ==================================================
2026-03-07 22:59:51,663 - [44/50] 處理影片: mp4/-00nar1nEPc_000033_000043.mp4
2026-03-07 22:59:51,930 - 開始生成回答...
2026-03-07 22:59:54,760 - ⏱️ 耗時: 2.83 秒
2026-03-07 22:59:54,760 - 🤖 模型回答:
Here's a concise description of what's happening in the video:

Two men are performing music together. One is playing an acoustic guitar while the other is playing a harmonica. They are in a living room setting with a Chinese calligraphy artwork on the wall.
2026-03-07 22:59:54,760 - ==================================================
2026-03-07 22:59:54,760 - [45/50] 處理影片: mp4/-0EXMXaj77A_000062_000072.mp4
2026-03-07 22:59:54,967 - 開始生成回答...
2026-03-07 22:59:57,201 - ⏱️ 耗時: 2.23 秒
2026-03-07 22:59:57,201 - 🤖 模型回答:
Here's a concise description of what's happening in the video:

A woman is feeding seagulls on a wooden boardwalk. Many seagulls are gathered on the boardwalk and flying around her.
2026-03-07 22:59:57,201 - ==================================================
2026-03-07 22:59:57,201 - [46/50] 處理影片: mp4/-1HT31BzADs_000118_000128.mp4
2026-03-07 22:59:57,453 - 開始生成回答...
2026-03-07 23:00:00,267 - ⏱️ 耗時: 2.81 秒
2026-03-07 23:00:00,267 - 🤖 模型回答:
Here's a concise description of what's happening in the video:

The video shows a high school pole vaulting competition. Athletes are running, vaulting over a high bar, and landing on a cushioned mat. Spectators are watching from the stands.
2026-03-07 23:00:00,267 - ==================================================
2026-03-07 23:00:00,267 - [47/50] 處理影片: mp4/-02uQdK46rE_000014_000024.mp4
2026-03-07 23:00:00,430 - 開始生成回答...
2026-03-07 23:00:02,459 - ⏱️ 耗時: 2.03 秒
2026-03-07 23:00:02,459 - 🤖 模型回答:
Here's a concise description of what's happening in the video:

A person is shaving their leg in a bathtub, using shaving cream and a razor.
2026-03-07 23:00:02,459 - ==================================================
2026-03-07 23:00:02,459 - [48/50] 處理影片: mp4/-1KMJ1BZ2mU_000017_000027.mp4
2026-03-07 23:00:02,644 - 開始生成回答...
2026-03-07 23:00:05,304 - ⏱️ 耗時: 2.66 秒
2026-03-07 23:00:05,304 - 🤖 模型回答:
Here's a concise description of what's happening in the video:

A young boy is falling from a wooden structure, possibly a play area. He appears to be tumbling downwards, and someone is reaching out to try and catch him.
2026-03-07 23:00:05,304 - ==================================================
2026-03-07 23:00:05,304 - [49/50] 處理影片: mp4/-1Fa5I5O_40_000009_000019.mp4
2026-03-07 23:00:05,512 - 開始生成回答...
2026-03-07 23:00:08,223 - ⏱️ 耗時: 2.71 秒
2026-03-07 23:00:08,224 - 🤖 模型回答:
Here's a concise description of what's happening in the video:

A woman is climbing a thick rope that's suspended from a palm tree. She's using a combination of handholds and foot placements on the rope to ascend.
2026-03-07 23:00:08,224 - ==================================================
2026-03-07 23:00:08,224 - [50/50] 處理影片: mp4/-0LoCy0-F9A_000018_000028.mp4
2026-03-07 23:00:08,509 - 開始生成回答...
2026-03-07 23:00:11,284 - ⏱️ 耗時: 2.77 秒
2026-03-07 23:00:11,284 - 🤖 模型回答:
Here's a concise description of what's happening in the video:

Two people are hula hooping indoors, near a window and a cabinet. One person is wearing a pink shirt and the other is wearing a red tank top and shorts.
2026-03-07 23:00:11,284 - 
==================== 測試總結 ====================
2026-03-07 23:00:11,284 - 成功處理影片數  : 50 / 50
2026-03-07 23:00:11,284 - 總耗費時間      : 131.03 秒
2026-03-07 23:00:11,284 - 平均每支影片耗時: 2.62 秒
2026-03-07 23:00:11,284 - 詳細測試結果已隨時記錄於 gemma3_kinetics_results_details.log 與 gemma3_kinetics_results.log
