載入模型與處理器: google/gemma-3-12b-it ...
HTTP Request: HEAD https://huggingface.co/google/gemma-3-12b-it/resolve/main/processor_config.json "HTTP/1.1 200 OK"
HTTP Request: GET https://huggingface.co/api/models/google/gemma-3-12b-it/tree/main/additional_chat_templates?recursive=false&expand=false "HTTP/1.1 404 Not Found"
HTTP Request: HEAD https://huggingface.co/google/gemma-3-12b-it/resolve/main/processor_config.json "HTTP/1.1 200 OK"
HTTP Request: HEAD https://huggingface.co/google/gemma-3-12b-it/resolve/main/chat_template.json "HTTP/1.1 200 OK"
HTTP Request: HEAD https://huggingface.co/google/gemma-3-12b-it/resolve/main/chat_template.jinja "HTTP/1.1 404 Not Found"
HTTP Request: HEAD https://huggingface.co/google/gemma-3-12b-it/resolve/main/audio_tokenizer_config.json "HTTP/1.1 404 Not Found"
HTTP Request: GET https://huggingface.co/api/models/google/gemma-3-12b-it/tree/main/additional_chat_templates?recursive=false&expand=false "HTTP/1.1 404 Not Found"
HTTP Request: HEAD https://huggingface.co/google/gemma-3-12b-it/resolve/main/processor_config.json "HTTP/1.1 200 OK"
HTTP Request: HEAD https://huggingface.co/google/gemma-3-12b-it/resolve/main/chat_template.json "HTTP/1.1 200 OK"
HTTP Request: HEAD https://huggingface.co/google/gemma-3-12b-it/resolve/main/chat_template.jinja "HTTP/1.1 404 Not Found"
HTTP Request: HEAD https://huggingface.co/google/gemma-3-12b-it/resolve/main/audio_tokenizer_config.json "HTTP/1.1 404 Not Found"
HTTP Request: HEAD https://huggingface.co/google/gemma-3-12b-it/resolve/main/processor_config.json "HTTP/1.1 200 OK"
HTTP Request: HEAD https://huggingface.co/google/gemma-3-12b-it/resolve/main/preprocessor_config.json "HTTP/1.1 200 OK"
HTTP Request: HEAD https://huggingface.co/google/gemma-3-12b-it/resolve/main/processor_config.json "HTTP/1.1 200 OK"
HTTP Request: HEAD https://huggingface.co/google/gemma-3-12b-it/resolve/main/preprocessor_config.json "HTTP/1.1 200 OK"
HTTP Request: HEAD https://huggingface.co/google/gemma-3-12b-it/resolve/main/config.json "HTTP/1.1 200 OK"
HTTP Request: HEAD https://huggingface.co/google/gemma-3-12b-it/resolve/main/tokenizer_config.json "HTTP/1.1 200 OK"
HTTP Request: GET https://huggingface.co/api/models/google/gemma-3-12b-it/tree/main/additional_chat_templates?recursive=false&expand=false "HTTP/1.1 404 Not Found"
HTTP Request: GET https://huggingface.co/api/models/google/gemma-3-12b-it/tree/main?recursive=true&expand=false "HTTP/1.1 200 OK"
HTTP Request: GET https://huggingface.co/api/models/google/gemma-3-12b-it "HTTP/1.1 200 OK"
HTTP Request: HEAD https://huggingface.co/google/gemma-3-12b-it/resolve/main/config.json "HTTP/1.1 200 OK"
HTTP Request: HEAD https://huggingface.co/google/gemma-3-12b-it/resolve/main/generation_config.json "HTTP/1.1 200 OK"
從 face_planting 尋找，共找到 46 支影片。
開始測試，隨機抽取 46 支影片進行推論...
==================================================
[1/46] 處理影片: face_planting/faceplanting_Q3LkU_qIANE.mp4
開始生成回答...
⏱️ 耗時: 1.31 秒
⚡ 速度: 6.87 tokens/sec (9 tokens)
🤖 模型回答:
Person ice skating falls in the snow.
------------------------------
==================================================
[2/46] 處理影片: face_planting/faceplanting_m84Zlf4UxK0.mp4
開始生成回答...
⏱️ 耗時: 1.10 秒
⚡ 速度: 10.92 tokens/sec (12 tokens)
🤖 模型回答:
Two boys navigate an obstacle course, one falling down.
------------------------------
==================================================
[3/46] 處理影片: face_planting/faceplanting__wJfPEwJn_s.mp4
開始生成回答...
⏱️ 耗時: 1.10 秒
⚡ 速度: 10.86 tokens/sec (12 tokens)
🤖 模型回答:
A toddler in a coat playfully dances near a door.
------------------------------
==================================================
[4/46] 處理影片: face_planting/faceplanting_wEW0geZNjF4.mp4
開始生成回答...
⏱️ 耗時: 1.09 秒
⚡ 速度: 10.96 tokens/sec (12 tokens)
🤖 模型回答:
A cyclist crashes after hitting a ramp on the sidewalk.
------------------------------
==================================================
[5/46] 處理影片: face_planting/faceplanting_VO37FL6Qo7c.mp4
開始生成回答...
⏱️ 耗時: 1.17 秒
⚡ 速度: 12.00 tokens/sec (14 tokens)
🤖 模型回答:
A child's ride-on toy crashes and breaks apart.
------------------------------
==================================================
[6/46] 處理影片: face_planting/faceplanting_mk9eyW1bzAU.mp4
開始生成回答...
⏱️ 耗時: 1.09 秒
⚡ 速度: 11.00 tokens/sec (12 tokens)
🤖 模型回答:
Group of men playfully wrestle and play in the ocean.
------------------------------
==================================================
[7/46] 處理影片: face_planting/faceplanting_Z-beIVl_wPs.mp4
開始生成回答...
⏱️ 耗時: 1.09 秒
⚡ 速度: 11.00 tokens/sec (12 tokens)
🤖 模型回答:
A man attempts a flip on the beach and fails.
------------------------------
==================================================
[8/46] 處理影片: face_planting/faceplanting_DnxygkTssDc.mp4
開始生成回答...
⏱️ 耗時: 1.17 秒
⚡ 速度: 12.02 tokens/sec (14 tokens)
🤖 模型回答:
A baby is sleeping in a playpen with a nightlight.
------------------------------
==================================================
[9/46] 處理影片: face_planting/faceplanting_2zHDlGlWTG8.mp4
開始生成回答...
⏱️ 耗時: 1.13 秒
⚡ 速度: 11.49 tokens/sec (13 tokens)
🤖 模型回答:
A man on a scooter falls and lies on the ground.
------------------------------
==================================================
[10/46] 處理影片: face_planting/faceplanting_TAG04GA-p_Q.mp4
開始生成回答...
⏱️ 耗時: 1.13 秒
⚡ 速度: 11.52 tokens/sec (13 tokens)
🤖 模型回答:
A child slides down a slide and falls onto the grass.
------------------------------
==================================================
[11/46] 處理影片: face_planting/faceplanting_Us1OJs0UxE0.mp4
開始生成回答...
⏱️ 耗時: 1.06 秒
⚡ 速度: 10.36 tokens/sec (11 tokens)
🤖 模型回答:
A boy rides a laundry basket down the stairs.
------------------------------
==================================================
[12/46] 處理影片: face_planting/faceplanting_MaYeShN2k8I.mp4
開始生成回答...
⏱️ 耗時: 1.66 秒
⚡ 速度: 16.83 tokens/sec (28 tokens)
🤖 模型回答:
Here's a description of the main action in under 10 words:

A boy jumps and falls awkwardly onto the grass.
------------------------------
==================================================
[13/46] 處理影片: face_planting/faceplanting_11YmgupLXYE.mp4
開始生成回答...
⏱️ 耗時: 1.06 秒
⚡ 速度: 10.40 tokens/sec (11 tokens)
🤖 模型回答:
A kangaroo appears to be performing a handstand.
------------------------------
==================================================
[14/46] 處理影片: face_planting/faceplanting_nsjqgD_St9w.mp4
開始生成回答...
⏱️ 耗時: 1.06 秒
⚡ 速度: 10.40 tokens/sec (11 tokens)
🤖 模型回答:
A child playfully dances and crawls across a room.
------------------------------
==================================================
[15/46] 處理影片: face_planting/faceplanting_kr4B88Ldgso.mp4
開始生成回答...
⏱️ 耗時: 1.10 秒
⚡ 速度: 10.94 tokens/sec (12 tokens)
🤖 模型回答:
A toddler sits on a slide, then falls off.
------------------------------
==================================================
[16/46] 處理影片: face_planting/faceplanting_o5FiLY-wObk.mp4
開始生成回答...
⏱️ 耗時: 1.06 秒
⚡ 速度: 10.38 tokens/sec (11 tokens)
🤖 模型回答:
A man trips and falls on a muddy path.
------------------------------
==================================================
[17/46] 處理影片: face_planting/faceplanting__3Sd76OyNxo.mp4
開始生成回答...
⏱️ 耗時: 1.09 秒
⚡ 速度: 10.96 tokens/sec (12 tokens)
🤖 模型回答:
People are sledding down a snowy hill and crashing.
------------------------------
==================================================
[18/46] 處理影片: face_planting/faceplanting_Te8kzu0-N7I.mp4
開始生成回答...
⏱️ 耗時: 1.06 秒
⚡ 速度: 10.39 tokens/sec (11 tokens)
🤖 模型回答:
A child rides a tricycle while others play nearby.
------------------------------
==================================================
[19/46] 處理影片: face_planting/faceplanting_oxPAGFHhE5s.mp4
開始生成回答...
⏱️ 耗時: 1.06 秒
⚡ 速度: 10.36 tokens/sec (11 tokens)
🤖 模型回答:
A mountain biker rides through a dirt jump track.
------------------------------
==================================================
[20/46] 處理影片: face_planting/faceplanting_Kj725DEceik.mp4
開始生成回答...
⏱️ 耗時: 1.06 秒
⚡ 速度: 10.40 tokens/sec (11 tokens)
🤖 模型回答:
A person playfully throws a pillow in a bedroom.
------------------------------
==================================================
[21/46] 處理影片: face_planting/faceplanting_SBWpjWPvFho.mp4
開始生成回答...
⏱️ 耗時: 1.63 秒
⚡ 速度: 16.59 tokens/sec (27 tokens)
🤖 模型回答:
Here's a description of the main action in under 10 words:

Several students restrain another student at a desk.
------------------------------
==================================================
[22/46] 處理影片: face_planting/faceplanting_wjmyNaK6TRc.mp4
開始生成回答...
⏱️ 耗時: 1.13 秒
⚡ 速度: 11.52 tokens/sec (13 tokens)
🤖 模型回答:
A person is wakeboarding behind a boat on a lake.
------------------------------
==================================================
[23/46] 處理影片: face_planting/faceplanting_-dLXIIjWS-c.mp4
開始生成回答...
⏱️ 耗時: 1.17 秒
⚡ 速度: 12.00 tokens/sec (14 tokens)
🤖 模型回答:
A child sleds down a snowy hill into a snowdrift.
------------------------------
==================================================
[24/46] 處理影片: face_planting/faceplanting_neeVaqbf7wI.mp4
開始生成回答...
⏱️ 耗時: 1.06 秒
⚡ 速度: 10.34 tokens/sec (11 tokens)
🤖 模型回答:
A person steals a large quantity of disposable cups.
------------------------------
==================================================
[25/46] 處理影片: face_planting/faceplanting_QbyBACtRcz8.mp4
開始生成回答...
⏱️ 耗時: 1.24 秒
⚡ 速度: 12.90 tokens/sec (16 tokens)
🤖 模型回答:
Two babies play on a bed, one pretending to talk on a phone.
------------------------------
==================================================
[26/46] 處理影片: face_planting/faceplanting_ZObLHal3oPg.mp4
開始生成回答...
⏱️ 耗時: 1.03 秒
⚡ 速度: 9.73 tokens/sec (10 tokens)
🤖 模型回答:
Person attempts to jump over barrels and falls.
------------------------------
==================================================
[27/46] 處理影片: face_planting/faceplanting_gfO5b9MkeYw.mp4
開始生成回答...
⏱️ 耗時: 1.03 秒
⚡ 速度: 9.72 tokens/sec (10 tokens)
🤖 模型回答:
Cheerleader falls during a stunt routine.
------------------------------
==================================================
[28/46] 處理影片: face_planting/faceplanting_XmpAlvVJyfQ.mp4
開始生成回答...
⏱️ 耗時: 1.84 秒
⚡ 速度: 17.91 tokens/sec (33 tokens)
🤖 模型回答:
Here's a description of the main action in under 10 words:

Snowboarder attempts a trick, falls, and another person skis nearby.
------------------------------
==================================================
[29/46] 處理影片: face_planting/faceplanting_T4wf6w_HqUs.mp4
開始生成回答...
⏱️ 耗時: 1.07 秒
⚡ 速度: 10.28 tokens/sec (11 tokens)
🤖 模型回答:
A person falls in the snow near some equipment.
------------------------------
==================================================
[30/46] 處理影片: face_planting/faceplanting_X7ztDnayQAo.mp4
開始生成回答...
⏱️ 耗時: 1.06 秒
⚡ 速度: 10.38 tokens/sec (11 tokens)
🤖 模型回答:
A group playfully pushes a person off a trampoline.
------------------------------
==================================================
[31/46] 處理影片: face_planting/faceplanting_Oinr3wRnArM.mp4
開始生成回答...
⏱️ 耗時: 1.09 秒
⚡ 速度: 10.98 tokens/sec (12 tokens)
🤖 模型回答:
A child playfully jumps and falls into a muddy puddle.
------------------------------
==================================================
[32/46] 處理影片: face_planting/faceplanting_ZLFkNSl-XPw.mp4
開始生成回答...
⏱️ 耗時: 1.10 秒
⚡ 速度: 10.95 tokens/sec (12 tokens)
🤖 模型回答:
A student falls face-first onto the playground surface.
------------------------------
==================================================
[33/46] 處理影片: face_planting/faceplanting_D9x20LIhb9Y.mp4
開始生成回答...
⏱️ 耗時: 1.09 秒
⚡ 速度: 10.98 tokens/sec (12 tokens)
🤖 模型回答:
A young cyclist falls off their bike on a trail.
------------------------------
==================================================
[34/46] 處理影片: face_planting/faceplanting_e7AnmQTKegM.mp4
開始生成回答...
⏱️ 耗時: 1.24 秒
⚡ 速度: 12.93 tokens/sec (16 tokens)
🤖 模型回答:
Person snowboarding down a snowy slope, captured from a first-person perspective.
------------------------------
==================================================
[35/46] 處理影片: face_planting/faceplanting_7IWBLXPrxoQ.mp4
開始生成回答...
⏱️ 耗時: 1.13 秒
⚡ 速度: 11.49 tokens/sec (13 tokens)
🤖 模型回答:
People sledding down a snowy hill on a sunny day.
------------------------------
==================================================
[36/46] 處理影片: face_planting/faceplanting_wF-7CEJZ4w8.mp4
開始生成回答...
⏱️ 耗時: 1.70 秒
⚡ 速度: 17.09 tokens/sec (29 tokens)
🤖 模型回答:
Here's a description of the main action in under 10 words:

A person performs a backflip on a narrow beam.
------------------------------
==================================================
[37/46] 處理影片: face_planting/faceplanting_DAeLsJBXaAA.mp4
開始生成回答...
⏱️ 耗時: 1.70 秒
⚡ 速度: 17.02 tokens/sec (29 tokens)
🤖 模型回答:
Here's a description of the main action in under 10 words:

Two cyclists attempt a trick, resulting in a crash.
------------------------------
==================================================
[38/46] 處理影片: face_planting/faceplanting_RhL1gAwe9K4.mp4
開始生成回答...
⏱️ 耗時: 1.13 秒
⚡ 速度: 11.50 tokens/sec (13 tokens)
🤖 模型回答:
A person falls from a trampoline, seemingly after a prank.
------------------------------
==================================================
[39/46] 處理影片: face_planting/faceplanting_JR9LTG9F4j0.mp4
開始生成回答...
⏱️ 耗時: 1.06 秒
⚡ 速度: 10.33 tokens/sec (11 tokens)
🤖 模型回答:
A snowboarder rides down a snowy mountain slope.
------------------------------
==================================================
[40/46] 處理影片: face_planting/faceplanting_phVppFzTgkA.mp4
開始生成回答...
⏱️ 耗時: 1.13 秒
⚡ 速度: 11.50 tokens/sec (13 tokens)
🤖 模型回答:
A person falls from a stack of containers and is injured.
------------------------------
==================================================
[41/46] 處理影片: face_planting/faceplanting_4FgYoZSabV0.mp4
開始生成回答...
⏱️ 耗時: 1.10 秒
⚡ 速度: 10.95 tokens/sec (12 tokens)
🤖 模型回答:
Mountain biker attempts a trick and crashes into the dirt.
------------------------------
==================================================
[42/46] 處理影片: face_planting/faceplanting_kIhT0fUUPK0.mp4
開始生成回答...
⏱️ 耗時: 1.09 秒
⚡ 速度: 10.97 tokens/sec (12 tokens)
🤖 模型回答:
A woman is wakeboarding on a homemade floating platform.
------------------------------
==================================================
[43/46] 處理影片: face_planting/faceplanting_piCD8qYAMVI.mp4
開始生成回答...
⏱️ 耗時: 1.03 秒
⚡ 速度: 9.73 tokens/sec (10 tokens)
🤖 模型回答:
A person slides and falls in the snow.
------------------------------
==================================================
[44/46] 處理影片: face_planting/faceplanting_koMIvXhfe9c.mp4
開始生成回答...
⏱️ 耗時: 1.03 秒
⚡ 速度: 9.72 tokens/sec (10 tokens)
🤖 模型回答:
A person attempts a BMX trick and falls.
------------------------------
==================================================
[45/46] 處理影片: face_planting/faceplanting_M7fnZthnKv0.mp4
開始生成回答...
⏱️ 耗時: 1.02 秒
⚡ 速度: 9.79 tokens/sec (10 tokens)
🤖 模型回答:
A person skateboarding attempts a trick and falls.
------------------------------
==================================================
[46/46] 處理影片: face_planting/faceplanting_ng_6Awo2Luo.mp4
開始生成回答...
⏱️ 耗時: 1.06 秒
⚡ 速度: 10.39 tokens/sec (11 tokens)
🤖 模型回答:
A toddler falls while playing with a blue blanket.
------------------------------

==================== 測試總結 ====================
成功處理影片數  : 46 / 46
總耗費時間      : 53.61 秒
總生成 Tokens 數: 633
平均每支影片耗時: 1.17 秒
整體生成速度    : 11.81 tokens/sec
詳細測試結果已隨時記錄於 gemma-3-12b-it/face_planting.log
