載入模型與處理器: google/gemma-3-12b-it ...
HTTP Request: HEAD https://huggingface.co/google/gemma-3-12b-it/resolve/main/processor_config.json "HTTP/1.1 200 OK"
HTTP Request: GET https://huggingface.co/api/models/google/gemma-3-12b-it/tree/main/additional_chat_templates?recursive=false&expand=false "HTTP/1.1 404 Not Found"
HTTP Request: HEAD https://huggingface.co/google/gemma-3-12b-it/resolve/main/processor_config.json "HTTP/1.1 200 OK"
HTTP Request: HEAD https://huggingface.co/google/gemma-3-12b-it/resolve/main/chat_template.json "HTTP/1.1 200 OK"
HTTP Request: HEAD https://huggingface.co/google/gemma-3-12b-it/resolve/main/chat_template.jinja "HTTP/1.1 404 Not Found"
HTTP Request: HEAD https://huggingface.co/google/gemma-3-12b-it/resolve/main/audio_tokenizer_config.json "HTTP/1.1 404 Not Found"
HTTP Request: GET https://huggingface.co/api/models/google/gemma-3-12b-it/tree/main/additional_chat_templates?recursive=false&expand=false "HTTP/1.1 404 Not Found"
HTTP Request: HEAD https://huggingface.co/google/gemma-3-12b-it/resolve/main/processor_config.json "HTTP/1.1 200 OK"
HTTP Request: HEAD https://huggingface.co/google/gemma-3-12b-it/resolve/main/chat_template.json "HTTP/1.1 200 OK"
HTTP Request: HEAD https://huggingface.co/google/gemma-3-12b-it/resolve/main/chat_template.jinja "HTTP/1.1 404 Not Found"
HTTP Request: HEAD https://huggingface.co/google/gemma-3-12b-it/resolve/main/audio_tokenizer_config.json "HTTP/1.1 404 Not Found"
HTTP Request: HEAD https://huggingface.co/google/gemma-3-12b-it/resolve/main/processor_config.json "HTTP/1.1 200 OK"
HTTP Request: HEAD https://huggingface.co/google/gemma-3-12b-it/resolve/main/preprocessor_config.json "HTTP/1.1 200 OK"
HTTP Request: HEAD https://huggingface.co/google/gemma-3-12b-it/resolve/main/processor_config.json "HTTP/1.1 200 OK"
HTTP Request: HEAD https://huggingface.co/google/gemma-3-12b-it/resolve/main/preprocessor_config.json "HTTP/1.1 200 OK"
HTTP Request: HEAD https://huggingface.co/google/gemma-3-12b-it/resolve/main/config.json "HTTP/1.1 200 OK"
HTTP Request: HEAD https://huggingface.co/google/gemma-3-12b-it/resolve/main/tokenizer_config.json "HTTP/1.1 200 OK"
HTTP Request: GET https://huggingface.co/api/models/google/gemma-3-12b-it/tree/main/additional_chat_templates?recursive=false&expand=false "HTTP/1.1 404 Not Found"
HTTP Request: GET https://huggingface.co/api/models/google/gemma-3-12b-it/tree/main?recursive=true&expand=false "HTTP/1.1 200 OK"
HTTP Request: GET https://huggingface.co/api/models/google/gemma-3-12b-it "HTTP/1.1 200 OK"
HTTP Request: HEAD https://huggingface.co/google/gemma-3-12b-it/resolve/main/config.json "HTTP/1.1 200 OK"
HTTP Request: HEAD https://huggingface.co/google/gemma-3-12b-it/resolve/main/generation_config.json "HTTP/1.1 200 OK"
從 falling_off_bike 尋找，共找到 45 支影片。
開始測試，隨機抽取 45 支影片進行推論...
==================================================
[1/45] 處理影片: falling_off_bike/falling_off_bike_4VpUtUGcJzE.mp4
開始生成回答...
⏱️ 耗時: 1.40 秒
⚡ 速度: 7.13 tokens/sec (10 tokens)
🤖 模型回答:
A group of people are performing BMX tricks.
------------------------------
==================================================
[2/45] 處理影片: falling_off_bike/falling_off_bike_u386WjrxTuM.mp4
開始生成回答...
⏱️ 耗時: 1.14 秒
⚡ 速度: 11.44 tokens/sec (13 tokens)
🤖 模型回答:
A person on a bike jumps into a body of water.
------------------------------
==================================================
[3/45] 處理影片: falling_off_bike/falling_off_bike_ggi3XwH4vPo.mp4
開始生成回答...
⏱️ 耗時: 1.07 秒
⚡ 速度: 10.29 tokens/sec (11 tokens)
🤖 模型回答:
A person on a bike falls into muddy water.
------------------------------
==================================================
[4/45] 處理影片: falling_off_bike/falling_off_bike_6bIMrpU6ils.mp4
開始生成回答...
⏱️ 耗時: 1.15 秒
⚡ 速度: 11.35 tokens/sec (13 tokens)
🤖 模型回答:
A person rides a homemade wheelie bike down a hill.
------------------------------
==================================================
[5/45] 處理影片: falling_off_bike/falling_off_bike_0uf2P7BX1vs.mp4
開始生成回答...
⏱️ 耗時: 1.06 秒
⚡ 速度: 10.34 tokens/sec (11 tokens)
🤖 模型回答:
Man attempts bike trick on a trampoline and falls.
------------------------------
==================================================
[6/45] 處理影片: falling_off_bike/falling_off_bike_qKScacoGAwE.mp4
開始生成回答...
⏱️ 耗時: 1.10 秒
⚡ 速度: 10.93 tokens/sec (12 tokens)
🤖 模型回答:
A man riding a bicycle crashes while carrying a child.
------------------------------
==================================================
[7/45] 處理影片: falling_off_bike/falling_off_bike_k73Go_-hE-I.mp4
開始生成回答...
⏱️ 耗時: 1.03 秒
⚡ 速度: 9.68 tokens/sec (10 tokens)
🤖 模型回答:
A person attempts a bike trick and falls.
------------------------------
==================================================
[8/45] 處理影片: falling_off_bike/falling_off_bike_9EqDdRaHEZE.mp4
開始生成回答...
⏱️ 耗時: 1.10 秒
⚡ 速度: 10.87 tokens/sec (12 tokens)
🤖 模型回答:
A cyclist attempts a trick and crashes on a board.
------------------------------
==================================================
[9/45] 處理影片: falling_off_bike/falling_off_bike_p8Jt6ROutMo.mp4
開始生成回答...
⏱️ 耗時: 1.07 秒
⚡ 速度: 10.31 tokens/sec (11 tokens)
🤖 模型回答:
Person attempts to jump a dirt mound and crashes.
------------------------------
==================================================
[10/45] 處理影片: falling_off_bike/falling_off_bike_-c0s5FYBWTQ.mp4
開始生成回答...
⏱️ 耗時: 1.07 秒
⚡ 速度: 10.32 tokens/sec (11 tokens)
🤖 模型回答:
A person riding a bicycle falls onto the sidewalk.
------------------------------
==================================================
[11/45] 處理影片: falling_off_bike/falling_off_bike_SocGMDzqthw.mp4
開始生成回答...
⏱️ 耗時: 1.68 秒
⚡ 速度: 16.71 tokens/sec (28 tokens)
🤖 模型回答:
Here's a description of the main action in under 10 words:

Cyclist crashes after apparent collision with another cyclist.
------------------------------
==================================================
[12/45] 處理影片: falling_off_bike/falling_off_bike_Hrt2-YSJaBM.mp4
開始生成回答...
⏱️ 耗時: 1.14 秒
⚡ 速度: 11.43 tokens/sec (13 tokens)
🤖 模型回答:
A cyclist crashes into a barrier and falls to the ground.
------------------------------
==================================================
[13/45] 處理影片: falling_off_bike/falling_off_bike_Zt4pZsUXLwU.mp4
開始生成回答...
⏱️ 耗時: 1.06 秒
⚡ 速度: 10.34 tokens/sec (11 tokens)
🤖 模型回答:
A person riding a bike falls and appears injured.
------------------------------
==================================================
[14/45] 處理影片: falling_off_bike/falling_off_bike_0US_tIy2xAg.mp4
開始生成回答...
⏱️ 耗時: 1.07 秒
⚡ 速度: 10.28 tokens/sec (11 tokens)
🤖 模型回答:
A boy rides a BMX bike over a ramp.
------------------------------
==================================================
[15/45] 處理影片: falling_off_bike/falling_off_bike_ENfmLM2-ZDQ.mp4
開始生成回答...
⏱️ 耗時: 1.10 秒
⚡ 速度: 10.90 tokens/sec (12 tokens)
🤖 模型回答:
Cyclist loses control and falls off bike into water.
------------------------------
==================================================
[16/45] 處理影片: falling_off_bike/falling_off_bike_vz8oSbQi_mM.mp4
開始生成回答...
⏱️ 耗時: 1.10 秒
⚡ 速度: 10.94 tokens/sec (12 tokens)
🤖 模型回答:
A person on a bicycle rides over a skate ramp.
------------------------------
==================================================
[17/45] 處理影片: falling_off_bike/falling_off_bike_rhCVjp71CRU.mp4
開始生成回答...
⏱️ 耗時: 1.10 秒
⚡ 速度: 10.92 tokens/sec (12 tokens)
🤖 模型回答:
A person on a motorcycle crashes on a dirt path.
------------------------------
==================================================
[18/45] 處理影片: falling_off_bike/falling_off_bike_wWEnYiHzorg.mp4
開始生成回答...
⏱️ 耗時: 1.14 秒
⚡ 速度: 11.41 tokens/sec (13 tokens)
🤖 模型回答:
A young boy falls off his bike in a narrow alley.
------------------------------
==================================================
[19/45] 處理影片: falling_off_bike/falling_off_bike__9wbSErLcT4.mp4
開始生成回答...
⏱️ 耗時: 1.06 秒
⚡ 速度: 10.35 tokens/sec (11 tokens)
🤖 模型回答:
A child rides a bike down a narrow path.
------------------------------
==================================================
[20/45] 處理影片: falling_off_bike/falling_off_bike_7qZvo1A3MRQ.mp4
開始生成回答...
⏱️ 耗時: 1.06 秒
⚡ 速度: 10.37 tokens/sec (11 tokens)
🤖 模型回答:
A man on a bicycle is maneuvering around obstacles.
------------------------------
==================================================
[21/45] 處理影片: falling_off_bike/falling_off_bike_YawF29t8FRY.mp4
開始生成回答...
⏱️ 耗時: 1.71 秒
⚡ 速度: 16.97 tokens/sec (29 tokens)
🤖 模型回答:
Here's a description of the main action in under 10 words:

A person riding a bicycle crashes in a wooded area.
------------------------------
==================================================
[22/45] 處理影片: falling_off_bike/falling_off_bike_4y0ujkNbul8.mp4
開始生成回答...
⏱️ 耗時: 1.14 秒
⚡ 速度: 11.42 tokens/sec (13 tokens)
🤖 模型回答:
A young boy falls off his bike while attempting a ramp.
------------------------------
==================================================
[23/45] 處理影片: falling_off_bike/falling_off_bike_AxMf6X5_A3A.mp4
開始生成回答...
⏱️ 耗時: 1.13 秒
⚡ 速度: 11.53 tokens/sec (13 tokens)
🤖 模型回答:
A person on a bicycle performs a wheelie and falls.
------------------------------
==================================================
[24/45] 處理影片: falling_off_bike/falling_off_bike_X5QyTM7XAjo.mp4
開始生成回答...
⏱️ 耗時: 1.07 秒
⚡ 速度: 10.30 tokens/sec (11 tokens)
🤖 模型回答:
A cyclist falls off their bike in a park.
------------------------------
==================================================
[25/45] 處理影片: falling_off_bike/falling_off_bike_puUZXLmpJKI.mp4
開始生成回答...
⏱️ 耗時: 1.10 秒
⚡ 速度: 10.95 tokens/sec (12 tokens)
🤖 模型回答:
Person falls while riding a bike on a grassy hill.
------------------------------
==================================================
[26/45] 處理影片: falling_off_bike/falling_off_bike_Tl1a49pTtak.mp4
開始生成回答...
⏱️ 耗時: 1.10 秒
⚡ 速度: 10.92 tokens/sec (12 tokens)
🤖 模型回答:
A cyclist fell off their bike on a concrete surface.
------------------------------
==================================================
[27/45] 處理影片: falling_off_bike/falling_off_bike_GNjsTEp_J8E.mp4
開始生成回答...
⏱️ 耗時: 1.10 秒
⚡ 速度: 10.92 tokens/sec (12 tokens)
🤖 模型回答:
A person rides a bicycle across a makeshift obstacle course.
------------------------------
==================================================
[28/45] 處理影片: falling_off_bike/falling_off_bike_W8fpOGSD_7M.mp4
開始生成回答...
⏱️ 耗時: 1.03 秒
⚡ 速度: 9.76 tokens/sec (10 tokens)
🤖 模型回答:
Person falls off a bicycle onto the pavement.
------------------------------
==================================================
[29/45] 處理影片: falling_off_bike/falling_off_bike_I10wpW-lYPM.mp4
開始生成回答...
⏱️ 耗時: 1.10 秒
⚡ 速度: 10.95 tokens/sec (12 tokens)
🤖 模型回答:
A boy falls off his bike in a grassy area.
------------------------------
==================================================
[30/45] 處理影片: falling_off_bike/falling_off_bike_WWjDVZAIxrA.mp4
開始生成回答...
⏱️ 耗時: 1.10 秒
⚡ 速度: 10.96 tokens/sec (12 tokens)
🤖 模型回答:
A cyclist attempts a trick and crashes into a ramp.
------------------------------
==================================================
[31/45] 處理影片: falling_off_bike/falling_off_bike_GcWGUxG-qYo.mp4
開始生成回答...
⏱️ 耗時: 1.13 秒
⚡ 速度: 11.52 tokens/sec (13 tokens)
🤖 模型回答:
Motorcyclist crashes on a dirt road, losing control.
------------------------------
==================================================
[32/45] 處理影片: falling_off_bike/falling_off_bike_QcutxgXwENE.mp4
開始生成回答...
⏱️ 耗時: 1.10 秒
⚡ 速度: 10.94 tokens/sec (12 tokens)
🤖 模型回答:
A cyclist crashes on a dirt trail in the woods.
------------------------------
==================================================
[33/45] 處理影片: falling_off_bike/falling_off_bike_QXlLnjld17U.mp4
開始生成回答...
⏱️ 耗時: 1.10 秒
⚡ 速度: 10.95 tokens/sec (12 tokens)
🤖 模型回答:
A boy falls off his bike while attempting a trick.
------------------------------
==================================================
[34/45] 處理影片: falling_off_bike/falling_off_bike_KZZ2ySZ2oC8.mp4
開始生成回答...
⏱️ 耗時: 1.09 秒
⚡ 速度: 10.97 tokens/sec (12 tokens)
🤖 模型回答:
Man falls off a small bicycle near a crosswalk.
------------------------------
==================================================
[35/45] 處理影片: falling_off_bike/falling_off_bike_G_w2dLWeQfY.mp4
開始生成回答...
⏱️ 耗時: 1.06 秒
⚡ 速度: 10.40 tokens/sec (11 tokens)
🤖 模型回答:
A cyclist crashes into another person on a path.
------------------------------
==================================================
[36/45] 處理影片: falling_off_bike/falling_off_bike_USCaphYBPOg.mp4
開始生成回答...
⏱️ 耗時: 1.02 秒
⚡ 速度: 9.80 tokens/sec (10 tokens)
🤖 模型回答:
A person riding a bicycle falls and crashes.
------------------------------
==================================================
[37/45] 處理影片: falling_off_bike/falling_off_bike_W6M1Y_RYQIY.mp4
開始生成回答...
⏱️ 耗時: 1.06 秒
⚡ 速度: 10.35 tokens/sec (11 tokens)
🤖 模型回答:
A young boy falls off his bike while practicing.
------------------------------
==================================================
[38/45] 處理影片: falling_off_bike/falling_off_bike_GduBJtZHDGM.mp4
開始生成回答...
⏱️ 耗時: 1.70 秒
⚡ 速度: 17.05 tokens/sec (29 tokens)
🤖 模型回答:
Here's a description of the main action in under 10 words:

A person throws a bicycle, and it rolls away.
------------------------------
==================================================
[39/45] 處理影片: falling_off_bike/falling_off_bike_4kU-hbhQ9is.mp4
開始生成回答...
⏱️ 耗時: 1.06 秒
⚡ 速度: 10.37 tokens/sec (11 tokens)
🤖 模型回答:
A person on a bicycle crashes into a wall.
------------------------------
==================================================
[40/45] 處理影片: falling_off_bike/falling_off_bike_7PcdoivSB3w.mp4
開始生成回答...
⏱️ 耗時: 1.13 秒
⚡ 速度: 11.50 tokens/sec (13 tokens)
🤖 模型回答:
A person on a BMX bike attempts a trick and falls.
------------------------------
==================================================
[41/45] 處理影片: falling_off_bike/falling_off_bike_F5rWXJiw4Z4.mp4
開始生成回答...
⏱️ 耗時: 1.17 秒
⚡ 速度: 11.99 tokens/sec (14 tokens)
🤖 模型回答:
A mountain biker descends a steep, winding trail through a forest.
------------------------------
==================================================
[42/45] 處理影片: falling_off_bike/falling_off_bike_RluniDxJ-io.mp4
開始生成回答...
⏱️ 耗時: 1.09 秒
⚡ 速度: 10.98 tokens/sec (12 tokens)
🤖 模型回答:
A person on a sled slides down a dirt hill.
------------------------------
==================================================
[43/45] 處理影片: falling_off_bike/falling_off_bike_AVLCPu4UaPE.mp4
開始生成回答...
⏱️ 耗時: 1.06 秒
⚡ 速度: 10.35 tokens/sec (11 tokens)
🤖 模型回答:
A child loses balance and falls off a bicycle.
------------------------------
==================================================
[44/45] 處理影片: falling_off_bike/falling_off_bike_WGHj7LBp2t8.mp4
開始生成回答...
⏱️ 耗時: 1.06 秒
⚡ 速度: 10.35 tokens/sec (11 tokens)
🤖 模型回答:
A person on a skateboard falls in a park.
------------------------------
==================================================
[45/45] 處理影片: falling_off_bike/falling_off_bike_vg4T4Ts3KdU.mp4
開始生成回答...
⏱️ 耗時: 1.13 秒
⚡ 速度: 11.45 tokens/sec (13 tokens)
🤖 模型回答:
A man performs a BMX trick, resulting in a crash.
------------------------------

==================== 測試總結 ====================
成功處理影片數  : 45 / 45
總耗費時間      : 51.21 秒
總生成 Tokens 數: 579
平均每支影片耗時: 1.14 秒
整體生成速度    : 11.31 tokens/sec
詳細測試結果已隨時記錄於 gemma-3-12b-it/falling_off_bike.log
