載入模型與處理器: google/gemma-3-4b-it ...
HTTP Request: HEAD https://huggingface.co/google/gemma-3-4b-it/resolve/main/processor_config.json "HTTP/1.1 200 OK"
HTTP Request: GET https://huggingface.co/api/models/google/gemma-3-4b-it/tree/main/additional_chat_templates?recursive=false&expand=false "HTTP/1.1 404 Not Found"
HTTP Request: HEAD https://huggingface.co/google/gemma-3-4b-it/resolve/main/processor_config.json "HTTP/1.1 200 OK"
HTTP Request: HEAD https://huggingface.co/google/gemma-3-4b-it/resolve/main/chat_template.json "HTTP/1.1 200 OK"
HTTP Request: HEAD https://huggingface.co/google/gemma-3-4b-it/resolve/main/chat_template.jinja "HTTP/1.1 404 Not Found"
HTTP Request: HEAD https://huggingface.co/google/gemma-3-4b-it/resolve/main/audio_tokenizer_config.json "HTTP/1.1 404 Not Found"
HTTP Request: GET https://huggingface.co/api/models/google/gemma-3-4b-it/tree/main/additional_chat_templates?recursive=false&expand=false "HTTP/1.1 404 Not Found"
HTTP Request: HEAD https://huggingface.co/google/gemma-3-4b-it/resolve/main/processor_config.json "HTTP/1.1 200 OK"
HTTP Request: HEAD https://huggingface.co/google/gemma-3-4b-it/resolve/main/chat_template.json "HTTP/1.1 200 OK"
HTTP Request: HEAD https://huggingface.co/google/gemma-3-4b-it/resolve/main/chat_template.jinja "HTTP/1.1 404 Not Found"
HTTP Request: HEAD https://huggingface.co/google/gemma-3-4b-it/resolve/main/audio_tokenizer_config.json "HTTP/1.1 404 Not Found"
HTTP Request: HEAD https://huggingface.co/google/gemma-3-4b-it/resolve/main/processor_config.json "HTTP/1.1 200 OK"
HTTP Request: HEAD https://huggingface.co/google/gemma-3-4b-it/resolve/main/preprocessor_config.json "HTTP/1.1 200 OK"
HTTP Request: HEAD https://huggingface.co/google/gemma-3-4b-it/resolve/main/processor_config.json "HTTP/1.1 200 OK"
HTTP Request: HEAD https://huggingface.co/google/gemma-3-4b-it/resolve/main/preprocessor_config.json "HTTP/1.1 200 OK"
HTTP Request: HEAD https://huggingface.co/google/gemma-3-4b-it/resolve/main/config.json "HTTP/1.1 200 OK"
HTTP Request: HEAD https://huggingface.co/google/gemma-3-4b-it/resolve/main/tokenizer_config.json "HTTP/1.1 200 OK"
HTTP Request: GET https://huggingface.co/api/models/google/gemma-3-4b-it/tree/main/additional_chat_templates?recursive=false&expand=false "HTTP/1.1 404 Not Found"
HTTP Request: GET https://huggingface.co/api/models/google/gemma-3-4b-it/tree/main?recursive=true&expand=false "HTTP/1.1 200 OK"
HTTP Request: GET https://huggingface.co/api/models/google/gemma-3-4b-it "HTTP/1.1 200 OK"
HTTP Request: HEAD https://huggingface.co/google/gemma-3-4b-it/resolve/main/config.json "HTTP/1.1 200 OK"
HTTP Request: HEAD https://huggingface.co/google/gemma-3-4b-it/resolve/main/generation_config.json "HTTP/1.1 200 OK"
從 face_planting 尋找，共找到 46 支影片。
開始測試，隨機抽取 46 支影片進行推論...
==================================================
[1/46] 處理影片: face_planting/faceplanting_DAeLsJBXaAA.mp4
開始生成回答...
⏱️ 耗時: 1.42 秒
⚡ 速度: 7.04 tokens/sec (10 tokens)
🤖 模型回答:
Child performs stunts with a bicycle on ramps.
------------------------------
==================================================
[2/46] 處理影片: face_planting/faceplanting_Us1OJs0UxE0.mp4
開始生成回答...
⏱️ 耗時: 1.11 秒
⚡ 速度: 9.88 tokens/sec (11 tokens)
🤖 模型回答:
Child struggles to climb stairs in a laundry basket.
------------------------------
==================================================
[3/46] 處理影片: face_planting/faceplanting_piCD8qYAMVI.mp4
開始生成回答...
⏱️ 耗時: 1.09 秒
⚡ 速度: 9.14 tokens/sec (10 tokens)
🤖 模型回答:
Person sliding and tumbling in a snowy field.
------------------------------
==================================================
[4/46] 處理影片: face_planting/faceplanting_7IWBLXPrxoQ.mp4
開始生成回答...
⏱️ 耗時: 1.12 秒
⚡ 速度: 9.83 tokens/sec (11 tokens)
🤖 模型回答:
People sledding down a snowy, winding hillside.
------------------------------
==================================================
[5/46] 處理影片: face_planting/faceplanting_o5FiLY-wObk.mp4
開始生成回答...
⏱️ 耗時: 1.07 秒
⚡ 速度: 8.38 tokens/sec (9 tokens)
🤖 模型回答:
Young man falls into muddy ground repeatedly.
------------------------------
==================================================
[6/46] 處理影片: face_planting/faceplanting_koMIvXhfe9c.mp4
開始生成回答...
⏱️ 耗時: 1.11 秒
⚡ 速度: 9.88 tokens/sec (11 tokens)
🤖 模型回答:
Teenager falls awkwardly off his bike near vans.
------------------------------
==================================================
[7/46] 處理影片: face_planting/faceplanting_ZLFkNSl-XPw.mp4
開始生成回答...
⏱️ 耗時: 1.14 秒
⚡ 速度: 10.53 tokens/sec (12 tokens)
🤖 模型回答:
Student falls awkwardly on playground, causing a comical scene.
------------------------------
==================================================
[8/46] 處理影片: face_planting/faceplanting_mk9eyW1bzAU.mp4
開始生成回答...
⏱️ 耗時: 1.11 秒
⚡ 速度: 9.92 tokens/sec (11 tokens)
🤖 模型回答:
Beachgoers playfully engage in a chaotic water game.
------------------------------
==================================================
[9/46] 處理影片: face_planting/faceplanting_SBWpjWPvFho.mp4
開始生成回答...
⏱️ 耗時: 1.07 秒
⚡ 速度: 8.41 tokens/sec (9 tokens)
🤖 模型回答:
Students appear to be restraining a classmate.
------------------------------
==================================================
[10/46] 處理影片: face_planting/faceplanting_MaYeShN2k8I.mp4
開始生成回答...
⏱️ 耗時: 1.07 秒
⚡ 速度: 8.40 tokens/sec (9 tokens)
🤖 模型回答:
Boys fall awkwardly over a school fence.
------------------------------
==================================================
[11/46] 處理影片: face_planting/faceplanting_kIhT0fUUPK0.mp4
開始生成回答...
⏱️ 耗時: 1.14 秒
⚡ 速度: 10.56 tokens/sec (12 tokens)
🤖 模型回答:
Person watches someone waterskiing on a homemade board.
------------------------------
==================================================
[12/46] 處理影片: face_planting/faceplanting_ZObLHal3oPg.mp4
開始生成回答...
⏱️ 耗時: 1.11 秒
⚡ 速度: 9.87 tokens/sec (11 tokens)
🤖 模型回答:
Person attempting a series of awkward, failed jumps.
------------------------------
==================================================
[13/46] 處理影片: face_planting/faceplanting_RhL1gAwe9K4.mp4
開始生成回答...
⏱️ 耗時: 1.09 秒
⚡ 速度: 9.15 tokens/sec (10 tokens)
🤖 模型回答:
Man attempts a dangerous jump on a trampoline.
------------------------------
==================================================
[14/46] 處理影片: face_planting/faceplanting_2zHDlGlWTG8.mp4
開始生成回答...
⏱️ 耗時: 1.09 秒
⚡ 速度: 9.14 tokens/sec (10 tokens)
🤖 模型回答:
Man falls off scooter in a comical tumble.
------------------------------
==================================================
[15/46] 處理影片: face_planting/faceplanting_e7AnmQTKegM.mp4
開始生成回答...
⏱️ 耗時: 1.15 秒
⚡ 速度: 11.30 tokens/sec (13 tokens)
🤖 模型回答:
Person standing on snowy, icy terrain, casting a shadow.
------------------------------
==================================================
[16/46] 處理影片: face_planting/faceplanting_11YmgupLXYE.mp4
開始生成回答...
⏱️ 耗時: 1.18 秒
⚡ 速度: 11.85 tokens/sec (14 tokens)
🤖 模型回答:
An emu is being balanced on a person’s feet.
------------------------------
==================================================
[17/46] 處理影片: face_planting/faceplanting_Kj725DEceik.mp4
開始生成回答...
⏱️ 耗時: 1.07 秒
⚡ 速度: 9.34 tokens/sec (10 tokens)
🤖 模型回答:
A young man crawls under a bedroom door.
------------------------------
==================================================
[18/46] 處理影片: face_planting/faceplanting_Q3LkU_qIANE.mp4
開始生成回答...
⏱️ 耗時: 1.09 秒
⚡ 速度: 9.18 tokens/sec (10 tokens)
🤖 模型回答:
Person snowboarding falls and lies in the snow.
------------------------------
==================================================
[19/46] 處理影片: face_planting/faceplanting_nsjqgD_St9w.mp4
開始生成回答...
⏱️ 耗時: 1.05 秒
⚡ 速度: 8.57 tokens/sec (9 tokens)
🤖 模型回答:
Child playfully runs through the living room.
------------------------------
==================================================
[20/46] 處理影片: face_planting/faceplanting_DnxygkTssDc.mp4
開始生成回答...
⏱️ 耗時: 1.07 秒
⚡ 速度: 8.39 tokens/sec (9 tokens)
🤖 模型回答:
Baby nestled amongst toys in a box.
------------------------------
==================================================
[21/46] 處理影片: face_planting/faceplanting_4FgYoZSabV0.mp4
開始生成回答...
⏱️ 耗時: 1.09 秒
⚡ 速度: 9.15 tokens/sec (10 tokens)
🤖 模型回答:
Mountain biker crashes repeatedly, covered in dirt.
------------------------------
==================================================
[22/46] 處理影片: face_planting/faceplanting_XmpAlvVJyfQ.mp4
開始生成回答...
⏱️ 耗時: 1.09 秒
⚡ 速度: 9.15 tokens/sec (10 tokens)
🤖 模型回答:
Person falls and slides on snowboards repeatedly.
------------------------------
==================================================
[23/46] 處理影片: face_planting/faceplanting_VO37FL6Qo7c.mp4
開始生成回答...
⏱️ 耗時: 1.07 秒
⚡ 速度: 9.32 tokens/sec (10 tokens)
🤖 模型回答:
Children fall off scooters in a street accident.
------------------------------
==================================================
[24/46] 處理影片: face_planting/faceplanting_X7ztDnayQAo.mp4
開始生成回答...
⏱️ 耗時: 1.08 秒
⚡ 速度: 9.22 tokens/sec (10 tokens)
🤖 模型回答:
Group playfully tosses a person onto a trampoline.
------------------------------
==================================================
[25/46] 處理影片: face_planting/faceplanting_phVppFzTgkA.mp4
開始生成回答...
⏱️ 耗時: 1.07 秒
⚡ 速度: 8.40 tokens/sec (9 tokens)
🤖 模型回答:
Person falls after attempting a dangerous stunt.
------------------------------
==================================================
[26/46] 處理影片: face_planting/faceplanting_m84Zlf4UxK0.mp4
開始生成回答...
⏱️ 耗時: 1.12 秒
⚡ 速度: 9.86 tokens/sec (11 tokens)
🤖 模型回答:
Kids struggle through an obstacle course in the woods.
------------------------------
==================================================
[27/46] 處理影片: face_planting/faceplanting_D9x20LIhb9Y.mp4
開始生成回答...
⏱️ 耗時: 1.48 秒
⚡ 速度: 18.97 tokens/sec (28 tokens)
🤖 模型回答:
Here's a description of the main action in under 10 words:

**Child falls off bike on a rocky trail.**
------------------------------
==================================================
[28/46] 處理影片: face_planting/faceplanting_QbyBACtRcz8.mp4
開始生成回答...
⏱️ 耗時: 1.11 秒
⚡ 速度: 9.87 tokens/sec (11 tokens)
🤖 模型回答:
Two babies playfully wrestling on a rumpled bed.
------------------------------
==================================================
[29/46] 處理影片: face_planting/faceplanting_JR9LTG9F4j0.mp4
開始生成回答...
⏱️ 耗時: 1.07 秒
⚡ 速度: 8.40 tokens/sec (9 tokens)
🤖 模型回答:
Person snowboarding on a snowy mountain slope.
------------------------------
==================================================
[30/46] 處理影片: face_planting/faceplanting_M7fnZthnKv0.mp4
開始生成回答...
⏱️ 耗時: 1.11 秒
⚡ 速度: 10.78 tokens/sec (12 tokens)
🤖 模型回答:
Skater falls while attempting to ride a parking lot.
------------------------------
==================================================
[31/46] 處理影片: face_planting/faceplanting_oxPAGFHhE5s.mp4
開始生成回答...
⏱️ 耗時: 1.07 秒
⚡ 速度: 8.38 tokens/sec (9 tokens)
🤖 模型回答:
Mountain biker navigating a dirt jump course.
------------------------------
==================================================
[32/46] 處理影片: face_planting/faceplanting_gfO5b9MkeYw.mp4
開始生成回答...
⏱️ 耗時: 1.14 秒
⚡ 速度: 10.53 tokens/sec (12 tokens)
🤖 模型回答:
Cheerleaders perform a complex tumbling stunt gone wrong.
------------------------------
==================================================
[33/46] 處理影片: face_planting/faceplanting_T4wf6w_HqUs.mp4
開始生成回答...
⏱️ 耗時: 1.09 秒
⚡ 速度: 9.13 tokens/sec (10 tokens)
🤖 模型回答:
Person falls and lies amidst snow and debris.
------------------------------
==================================================
[34/46] 處理影片: face_planting/faceplanting_-dLXIIjWS-c.mp4
開始生成回答...
⏱️ 耗時: 1.09 秒
⚡ 速度: 9.16 tokens/sec (10 tokens)
🤖 模型回答:
Child sledding down a deep snow drift.
------------------------------
==================================================
[35/46] 處理影片: face_planting/faceplanting_neeVaqbf7wI.mp4
開始生成回答...
⏱️ 耗時: 1.05 秒
⚡ 速度: 7.60 tokens/sec (8 tokens)
🤖 模型回答:
Person smashing pills on a table.
------------------------------
==================================================
[36/46] 處理影片: face_planting/faceplanting_kr4B88Ldgso.mp4
開始生成回答...
⏱️ 耗時: 1.09 秒
⚡ 速度: 9.18 tokens/sec (10 tokens)
🤖 模型回答:
Baby falls down after sliding on playground equipment.
------------------------------
==================================================
[37/46] 處理影片: face_planting/faceplanting_Te8kzu0-N7I.mp4
開始生成回答...
⏱️ 耗時: 1.11 秒
⚡ 速度: 9.89 tokens/sec (11 tokens)
🤖 模型回答:
Child on a motorized ride crashes on the driveway.
------------------------------
==================================================
[38/46] 處理影片: face_planting/faceplanting_wF-7CEJZ4w8.mp4
開始生成回答...
⏱️ 耗時: 1.11 秒
⚡ 速度: 9.87 tokens/sec (11 tokens)
🤖 模型回答:
Person performing acrobatic flips on a gymnastics floor.
------------------------------
==================================================
[39/46] 處理影片: face_planting/faceplanting_wEW0geZNjF4.mp4
開始生成回答...
⏱️ 耗時: 1.46 秒
⚡ 速度: 18.49 tokens/sec (27 tokens)
🤖 模型回答:
Here's a description of the main action in under 10 words:

**Cyclist falls after hitting a ramp.**
------------------------------
==================================================
[40/46] 處理影片: face_planting/faceplanting_TAG04GA-p_Q.mp4
開始生成回答...
⏱️ 耗時: 1.12 秒
⚡ 速度: 9.84 tokens/sec (11 tokens)
🤖 模型回答:
Child falls off the slide after a playful attempt.
------------------------------
==================================================
[41/46] 處理影片: face_planting/faceplanting_wjmyNaK6TRc.mp4
開始生成回答...
⏱️ 耗時: 1.14 秒
⚡ 速度: 10.54 tokens/sec (12 tokens)
🤖 模型回答:
Man waterskiing behind a boat on a lake.
------------------------------
==================================================
[42/46] 處理影片: face_planting/faceplanting__3Sd76OyNxo.mp4
開始生成回答...
⏱️ 耗時: 1.12 秒
⚡ 速度: 9.85 tokens/sec (11 tokens)
🤖 模型回答:
People sledding down a snowy, icy hill.
------------------------------
==================================================
[43/46] 處理影片: face_planting/faceplanting_Z-beIVl_wPs.mp4
開始生成回答...
⏱️ 耗時: 1.12 秒
⚡ 速度: 9.83 tokens/sec (11 tokens)
🤖 模型回答:
A person repeatedly fails to jump over an orange.
------------------------------
==================================================
[44/46] 處理影片: face_planting/faceplanting_Oinr3wRnArM.mp4
開始生成回答...
⏱️ 耗時: 1.13 秒
⚡ 速度: 10.57 tokens/sec (12 tokens)
🤖 模型回答:
Child joyfully splashes through a muddy, flooded field.
------------------------------
==================================================
[45/46] 處理影片: face_planting/faceplanting_ng_6Awo2Luo.mp4
開始生成回答...
⏱️ 耗時: 1.09 秒
⚡ 速度: 9.16 tokens/sec (10 tokens)
🤖 模型回答:
Young boy falls and rolls on the floor.
------------------------------
==================================================
[46/46] 處理影片: face_planting/faceplanting__wJfPEwJn_s.mp4
開始生成回答...
⏱️ 耗時: 1.09 秒
⚡ 速度: 9.14 tokens/sec (10 tokens)
🤖 模型回答:
Baby girl playfully dances near a brick fireplace.
------------------------------

==================== 測試總結 ====================
成功處理影片數  : 46 / 46
總耗費時間      : 51.73 秒
總生成 Tokens 數: 516
平均每支影片耗時: 1.12 秒
整體生成速度    : 9.98 tokens/sec
詳細測試結果已隨時記錄於 gemma-3-4b-it/face_planting.log
