載入模型與處理器: google/gemma-3-4b-it ...
HTTP Request: HEAD https://huggingface.co/google/gemma-3-4b-it/resolve/main/processor_config.json "HTTP/1.1 200 OK"
HTTP Request: GET https://huggingface.co/api/models/google/gemma-3-4b-it/tree/main/additional_chat_templates?recursive=false&expand=false "HTTP/1.1 404 Not Found"
HTTP Request: HEAD https://huggingface.co/google/gemma-3-4b-it/resolve/main/processor_config.json "HTTP/1.1 200 OK"
HTTP Request: HEAD https://huggingface.co/google/gemma-3-4b-it/resolve/main/chat_template.json "HTTP/1.1 200 OK"
HTTP Request: HEAD https://huggingface.co/google/gemma-3-4b-it/resolve/main/chat_template.jinja "HTTP/1.1 404 Not Found"
HTTP Request: HEAD https://huggingface.co/google/gemma-3-4b-it/resolve/main/audio_tokenizer_config.json "HTTP/1.1 404 Not Found"
HTTP Request: GET https://huggingface.co/api/models/google/gemma-3-4b-it/tree/main/additional_chat_templates?recursive=false&expand=false "HTTP/1.1 404 Not Found"
HTTP Request: HEAD https://huggingface.co/google/gemma-3-4b-it/resolve/main/processor_config.json "HTTP/1.1 200 OK"
HTTP Request: HEAD https://huggingface.co/google/gemma-3-4b-it/resolve/main/chat_template.json "HTTP/1.1 200 OK"
HTTP Request: HEAD https://huggingface.co/google/gemma-3-4b-it/resolve/main/chat_template.jinja "HTTP/1.1 404 Not Found"
HTTP Request: HEAD https://huggingface.co/google/gemma-3-4b-it/resolve/main/audio_tokenizer_config.json "HTTP/1.1 404 Not Found"
HTTP Request: HEAD https://huggingface.co/google/gemma-3-4b-it/resolve/main/processor_config.json "HTTP/1.1 200 OK"
HTTP Request: HEAD https://huggingface.co/google/gemma-3-4b-it/resolve/main/preprocessor_config.json "HTTP/1.1 200 OK"
HTTP Request: HEAD https://huggingface.co/google/gemma-3-4b-it/resolve/main/processor_config.json "HTTP/1.1 200 OK"
HTTP Request: HEAD https://huggingface.co/google/gemma-3-4b-it/resolve/main/preprocessor_config.json "HTTP/1.1 200 OK"
HTTP Request: HEAD https://huggingface.co/google/gemma-3-4b-it/resolve/main/config.json "HTTP/1.1 200 OK"
HTTP Request: HEAD https://huggingface.co/google/gemma-3-4b-it/resolve/main/tokenizer_config.json "HTTP/1.1 200 OK"
HTTP Request: GET https://huggingface.co/api/models/google/gemma-3-4b-it/tree/main/additional_chat_templates?recursive=false&expand=false "HTTP/1.1 404 Not Found"
HTTP Request: GET https://huggingface.co/api/models/google/gemma-3-4b-it/tree/main?recursive=true&expand=false "HTTP/1.1 200 OK"
HTTP Request: GET https://huggingface.co/api/models/google/gemma-3-4b-it "HTTP/1.1 200 OK"
HTTP Request: HEAD https://huggingface.co/google/gemma-3-4b-it/resolve/main/config.json "HTTP/1.1 200 OK"
HTTP Request: HEAD https://huggingface.co/google/gemma-3-4b-it/resolve/main/generation_config.json "HTTP/1.1 200 OK"
從 falling_off_chair 尋找，共找到 43 支影片。
開始測試，隨機抽取 43 支影片進行推論...
==================================================
[1/43] 處理影片: falling_off_chair/falling_off_chair_sl_oBU2ukJ8.mp4
開始生成回答...
⏱️ 耗時: 1.45 秒
⚡ 速度: 7.60 tokens/sec (11 tokens)
🤖 模型回答:
A tense, dimly lit confrontation between multiple people.
------------------------------
==================================================
[2/43] 處理影片: falling_off_chair/falling_off_chair_zNx9s_XbkUQ.mp4
開始生成回答...
⏱️ 耗時: 1.07 秒
⚡ 速度: 8.42 tokens/sec (9 tokens)
🤖 模型回答:
Man awkwardly flips onto a folding chair.
------------------------------
==================================================
[3/43] 處理影片: falling_off_chair/falling_off_chair_f2nOuIPchP8.mp4
開始生成回答...
⏱️ 耗時: 1.07 秒
⚡ 速度: 8.41 tokens/sec (9 tokens)
🤖 模型回答:
Girl smiles and looks at the camera.
------------------------------
==================================================
[4/43] 處理影片: falling_off_chair/falling_off_chair_qkCEuMm9vnY.mp4
開始生成回答...
⏱️ 耗時: 1.14 秒
⚡ 速度: 10.55 tokens/sec (12 tokens)
🤖 模型回答:
Robbery in progress, smashing display cases and items.
------------------------------
==================================================
[5/43] 處理影片: falling_off_chair/falling_off_chair_1RZYhr6hly4.mp4
開始生成回答...
⏱️ 耗時: 1.11 秒
⚡ 速度: 9.91 tokens/sec (11 tokens)
🤖 模型回答:
Person is lying on a bed, seemingly unwell.
------------------------------
==================================================
[6/43] 處理影片: falling_off_chair/falling_off_chair_fDNX6WW_6jc.mp4
開始生成回答...
⏱️ 耗時: 1.06 秒
⚡ 速度: 8.48 tokens/sec (9 tokens)
🤖 模型回答:
Person falls repeatedly into a large couch.
------------------------------
==================================================
[7/43] 處理影片: falling_off_chair/falling_off_chair_3Jd_MXqwIKc.mp4
開始生成回答...
⏱️ 耗時: 1.07 秒
⚡ 速度: 8.39 tokens/sec (9 tokens)
🤖 模型回答:
Man awkwardly walks through an office workspace.
------------------------------
==================================================
[8/43] 處理影片: falling_off_chair/falling_off_chair_fxKsubHkXMc.mp4
開始生成回答...
⏱️ 耗時: 1.11 秒
⚡ 速度: 9.88 tokens/sec (11 tokens)
🤖 模型回答:
Man balancing on stacked folding chairs in a hall.
------------------------------
==================================================
[9/43] 處理影片: falling_off_chair/falling_off_chair_kKhCkAkz1vk.mp4
開始生成回答...
⏱️ 耗時: 1.07 秒
⚡ 速度: 8.40 tokens/sec (9 tokens)
🤖 模型回答:
Girl performs exercises on a small chair.
------------------------------
==================================================
[10/43] 處理影片: falling_off_chair/falling_off_chair_5xlTi_-c7NY.mp4
開始生成回答...
⏱️ 耗時: 1.13 秒
⚡ 速度: 10.62 tokens/sec (12 tokens)
🤖 模型回答:
Girl restrained in a room, seemingly under duress.
------------------------------
==================================================
[11/43] 處理影片: falling_off_chair/falling_off_chair_-tTBQvmKfEs.mp4
開始生成回答...
⏱️ 耗時: 1.07 秒
⚡ 速度: 8.45 tokens/sec (9 tokens)
🤖 模型回答:
Man falls awkwardly from a plastic chair.
------------------------------
==================================================
[12/43] 處理影片: falling_off_chair/falling_off_chair_0xJzTTPKfXo.mp4
開始生成回答...
⏱️ 耗時: 1.09 秒
⚡ 速度: 9.17 tokens/sec (10 tokens)
🤖 模型回答:
Man lying on the floor, seemingly intoxicated.
------------------------------
==================================================
[13/43] 處理影片: falling_off_chair/falling_off_chair_uG1ZPoaMync.mp4
開始生成回答...
⏱️ 耗時: 1.07 秒
⚡ 速度: 8.39 tokens/sec (9 tokens)
🤖 模型回答:
Man falls down a wooden deck stairs.
------------------------------
==================================================
[14/43] 處理影片: falling_off_chair/falling_off_chair_WD87x58wRsE.mp4
開始生成回答...
⏱️ 耗時: 1.09 秒
⚡ 速度: 9.17 tokens/sec (10 tokens)
🤖 模型回答:
Man attempting a precarious, unbalanced sitting position.
------------------------------
==================================================
[15/43] 處理影片: falling_off_chair/falling_off_chair_XXN3CgCyEx4.mp4
開始生成回答...
⏱️ 耗時: 1.09 秒
⚡ 速度: 9.16 tokens/sec (10 tokens)
🤖 模型回答:
Girl playfully flips and balances on a chair.
------------------------------
==================================================
[16/43] 處理影片: falling_off_chair/falling_off_chair_3Ctreec2zrQ.mp4
開始生成回答...
⏱️ 耗時: 1.11 秒
⚡ 速度: 9.87 tokens/sec (11 tokens)
🤖 模型回答:
Two men collapse from chairs during a video call.
------------------------------
==================================================
[17/43] 處理影片: falling_off_chair/falling_off_chair_y7GOcGQqVYM.mp4
開始生成回答...
⏱️ 耗時: 1.11 秒
⚡ 速度: 9.89 tokens/sec (11 tokens)
🤖 模型回答:
Student appears to be coughing or struggling to breathe.
------------------------------
==================================================
[18/43] 處理影片: falling_off_chair/falling_off_chair_N516jor-Y5I.mp4
開始生成回答...
⏱️ 耗時: 1.14 秒
⚡ 速度: 10.56 tokens/sec (12 tokens)
🤖 模型回答:
Woman sits, looking at a laptop in dim light.
------------------------------
==================================================
[19/43] 處理影片: falling_off_chair/falling_off_chair_IuWPZJHWVYA.mp4
開始生成回答...
⏱️ 耗時: 1.07 秒
⚡ 速度: 8.38 tokens/sec (9 tokens)
🤖 模型回答:
Woman upside down on a playground structure.
------------------------------
==================================================
[20/43] 處理影片: falling_off_chair/falling_off_chair_GotjwB_SgI0.mp4
開始生成回答...
⏱️ 耗時: 1.09 秒
⚡ 速度: 9.21 tokens/sec (10 tokens)
🤖 模型回答:
A person is sitting in a dark room.
------------------------------
==================================================
[21/43] 處理影片: falling_off_chair/falling_off_chair_XMKm4hjLFXk.mp4
開始生成回答...
⏱️ 耗時: 1.07 秒
⚡ 速度: 8.41 tokens/sec (9 tokens)
🤖 模型回答:
Physical altercation occurring in a classroom setting.
------------------------------
==================================================
[22/43] 處理影片: falling_off_chair/falling_off_chair_QQmQnfEXdOE.mp4
開始生成回答...
⏱️ 耗時: 1.11 秒
⚡ 速度: 9.90 tokens/sec (11 tokens)
🤖 模型回答:
Person sprawled on bed, tangled in chair.
------------------------------
==================================================
[23/43] 處理影片: falling_off_chair/falling_off_chair_Zi0fm17UBZE.mp4
開始生成回答...
⏱️ 耗時: 1.09 秒
⚡ 速度: 9.18 tokens/sec (10 tokens)
🤖 模型回答:
A violent assault occurs in a crowded nightclub.
------------------------------
==================================================
[24/43] 處理影片: falling_off_chair/falling_off_chair_q6b9VXig4e0.mp4
開始生成回答...
⏱️ 耗時: 1.09 秒
⚡ 速度: 9.15 tokens/sec (10 tokens)
🤖 模型回答:
BTS members playfully interact with a stray dog.
------------------------------
==================================================
[25/43] 處理影片: falling_off_chair/falling_off_chair_twnAqdZkDZ8.mp4
開始生成回答...
⏱️ 耗時: 1.11 秒
⚡ 速度: 9.88 tokens/sec (11 tokens)
🤖 模型回答:
Two men playfully wrestle, seemingly in a classroom.
------------------------------
==================================================
[26/43] 處理影片: falling_off_chair/falling_off_chair_kwh65tVZyik.mp4
開始生成回答...
⏱️ 耗時: 1.07 秒
⚡ 速度: 8.38 tokens/sec (9 tokens)
🤖 模型回答:
Child playfully flips over on a chair.
------------------------------
==================================================
[27/43] 處理影片: falling_off_chair/falling_off_chair_y1OlPGzMbNA.mp4
開始生成回答...
⏱️ 耗時: 1.07 秒
⚡ 速度: 8.42 tokens/sec (9 tokens)
🤖 模型回答:
Girl playfully crashes chair into a table.
------------------------------
==================================================
[28/43] 處理影片: falling_off_chair/falling_off_chair_wNk1F7W5LIQ.mp4
開始生成回答...
⏱️ 耗時: 1.07 秒
⚡ 速度: 8.38 tokens/sec (9 tokens)
🤖 模型回答:
Man falls awkwardly through a window repeatedly.
------------------------------
==================================================
[29/43] 處理影片: falling_off_chair/falling_off_chair_cGbA0ZsJ-tU.mp4
開始生成回答...
⏱️ 耗時: 1.07 秒
⚡ 速度: 8.38 tokens/sec (9 tokens)
🤖 模型回答:
Man lifts woman onto his shoulders playfully.
------------------------------
==================================================
[30/43] 處理影片: falling_off_chair/falling_off_chair_-5hw88bD4mE.mp4
開始生成回答...
⏱️ 耗時: 1.05 秒
⚡ 速度: 8.56 tokens/sec (9 tokens)
🤖 模型回答:
A person is violently attacking another individual.
------------------------------
==================================================
[31/43] 處理影片: falling_off_chair/falling_off_chair_l3U5BF9jUa4.mp4
開始生成回答...
⏱️ 耗時: 1.07 秒
⚡ 速度: 8.42 tokens/sec (9 tokens)
🤖 模型回答:
Person falls awkwardly beneath a shelving unit.
------------------------------
==================================================
[32/43] 處理影片: falling_off_chair/falling_off_chair_gCqTxLReCus.mp4
開始生成回答...
⏱️ 耗時: 1.10 秒
⚡ 速度: 9.13 tokens/sec (10 tokens)
🤖 模型回答:
Person awkwardly attempting a handstand against furniture.
------------------------------
==================================================
[33/43] 處理影片: falling_off_chair/falling_off_chair_t3N44ZENWIQ.mp4
開始生成回答...
⏱️ 耗時: 1.05 秒
⚡ 速度: 8.56 tokens/sec (9 tokens)
🤖 模型回答:
Person falls through ceiling into office chaos.
------------------------------
==================================================
[34/43] 處理影片: falling_off_chair/falling_off_chair_6Bkk_IljKP4.mp4
開始生成回答...
⏱️ 耗時: 1.11 秒
⚡ 速度: 9.87 tokens/sec (11 tokens)
🤖 模型回答:
Men appear to be engaged in a physical altercation.
------------------------------
==================================================
[35/43] 處理影片: falling_off_chair/falling_off_chair_8LsomoWHlK0.mp4
開始生成回答...
⏱️ 耗時: 1.12 秒
⚡ 速度: 9.85 tokens/sec (11 tokens)
🤖 模型回答:
Woman falls awkwardly from a chair onto the floor.
------------------------------
==================================================
[36/43] 處理影片: falling_off_chair/falling_off_chair_YqW9B4aedKE.mp4
開始生成回答...
⏱️ 耗時: 1.07 秒
⚡ 速度: 8.37 tokens/sec (9 tokens)
🤖 模型回答:
Student playfully balances on a classroom table.
------------------------------
==================================================
[37/43] 處理影片: falling_off_chair/falling_off_chair_W2237TK0wcI.mp4
開始生成回答...
⏱️ 耗時: 1.10 秒
⚡ 速度: 9.12 tokens/sec (10 tokens)
🤖 模型回答:
Child struggling to sit in a pool chair.
------------------------------
==================================================
[38/43] 處理影片: falling_off_chair/falling_off_chair_tCZvKt-dKdY.mp4
開始生成回答...
⏱️ 耗時: 1.07 秒
⚡ 速度: 8.39 tokens/sec (9 tokens)
🤖 模型回答:
Student awkwardly crawls under a classroom table.
------------------------------
==================================================
[39/43] 處理影片: falling_off_chair/falling_off_chair_06u5p4FNohA.mp4
開始生成回答...
⏱️ 耗時: 1.10 秒
⚡ 速度: 9.12 tokens/sec (10 tokens)
🤖 模型回答:
Woman tumbling amidst a chaotic, cluttered room.
------------------------------
==================================================
[40/43] 處理影片: falling_off_chair/falling_off_chair_f6ZwvW_FD7U.mp4
開始生成回答...
⏱️ 耗時: 1.13 秒
⚡ 速度: 10.65 tokens/sec (12 tokens)
🤖 模型回答:
Two people are struggling with a large, heavy object.
------------------------------
==================================================
[41/43] 處理影片: falling_off_chair/falling_off_chair_p8o6EkXONhc.mp4
開始生成回答...
⏱️ 耗時: 1.03 秒
⚡ 速度: 7.78 tokens/sec (8 tokens)
🤖 模型回答:
Physical altercation involving multiple individuals indoors.
------------------------------
==================================================
[42/43] 處理影片: falling_off_chair/falling_off_chair_xFFQRtKizJk.mp4
開始生成回答...
⏱️ 耗時: 1.09 秒
⚡ 速度: 9.17 tokens/sec (10 tokens)
🤖 模型回答:
A person falls repeatedly onto a wooden floor.
------------------------------
==================================================
[43/43] 處理影片: falling_off_chair/falling_off_chair_vSyIph8s85U.mp4
開始生成回答...
⏱️ 耗時: 1.09 秒
⚡ 速度: 9.14 tokens/sec (10 tokens)
🤖 模型回答:
Person falls awkwardly against a wall and curtains.
------------------------------

==================== 測試總結 ====================
成功處理影片數  : 43 / 43
總耗費時間      : 47.16 秒
總生成 Tokens 數: 427
平均每支影片耗時: 1.10 秒
整體生成速度    : 9.05 tokens/sec
詳細測試結果已隨時記錄於 gemma-3-4b-it/falling_off_chair.log
