載入模型與處理器: google/gemma-3-4b-it ...
HTTP Request: HEAD https://huggingface.co/google/gemma-3-4b-it/resolve/main/processor_config.json "HTTP/1.1 200 OK"
HTTP Request: GET https://huggingface.co/api/models/google/gemma-3-4b-it/tree/main/additional_chat_templates?recursive=false&expand=false "HTTP/1.1 404 Not Found"
HTTP Request: HEAD https://huggingface.co/google/gemma-3-4b-it/resolve/main/processor_config.json "HTTP/1.1 200 OK"
HTTP Request: HEAD https://huggingface.co/google/gemma-3-4b-it/resolve/main/chat_template.json "HTTP/1.1 200 OK"
HTTP Request: HEAD https://huggingface.co/google/gemma-3-4b-it/resolve/main/chat_template.jinja "HTTP/1.1 404 Not Found"
HTTP Request: HEAD https://huggingface.co/google/gemma-3-4b-it/resolve/main/audio_tokenizer_config.json "HTTP/1.1 404 Not Found"
HTTP Request: GET https://huggingface.co/api/models/google/gemma-3-4b-it/tree/main/additional_chat_templates?recursive=false&expand=false "HTTP/1.1 404 Not Found"
HTTP Request: HEAD https://huggingface.co/google/gemma-3-4b-it/resolve/main/processor_config.json "HTTP/1.1 200 OK"
HTTP Request: HEAD https://huggingface.co/google/gemma-3-4b-it/resolve/main/chat_template.json "HTTP/1.1 200 OK"
HTTP Request: HEAD https://huggingface.co/google/gemma-3-4b-it/resolve/main/chat_template.jinja "HTTP/1.1 404 Not Found"
HTTP Request: HEAD https://huggingface.co/google/gemma-3-4b-it/resolve/main/audio_tokenizer_config.json "HTTP/1.1 404 Not Found"
HTTP Request: HEAD https://huggingface.co/google/gemma-3-4b-it/resolve/main/processor_config.json "HTTP/1.1 200 OK"
HTTP Request: HEAD https://huggingface.co/google/gemma-3-4b-it/resolve/main/preprocessor_config.json "HTTP/1.1 200 OK"
HTTP Request: HEAD https://huggingface.co/google/gemma-3-4b-it/resolve/main/processor_config.json "HTTP/1.1 200 OK"
HTTP Request: HEAD https://huggingface.co/google/gemma-3-4b-it/resolve/main/preprocessor_config.json "HTTP/1.1 200 OK"
HTTP Request: HEAD https://huggingface.co/google/gemma-3-4b-it/resolve/main/config.json "HTTP/1.1 200 OK"
HTTP Request: HEAD https://huggingface.co/google/gemma-3-4b-it/resolve/main/tokenizer_config.json "HTTP/1.1 200 OK"
HTTP Request: GET https://huggingface.co/api/models/google/gemma-3-4b-it/tree/main/additional_chat_templates?recursive=false&expand=false "HTTP/1.1 404 Not Found"
HTTP Request: GET https://huggingface.co/api/models/google/gemma-3-4b-it/tree/main?recursive=true&expand=false "HTTP/1.1 200 OK"
HTTP Request: GET https://huggingface.co/api/models/google/gemma-3-4b-it "HTTP/1.1 200 OK"
HTTP Request: HEAD https://huggingface.co/google/gemma-3-4b-it/resolve/main/config.json "HTTP/1.1 200 OK"
HTTP Request: HEAD https://huggingface.co/google/gemma-3-4b-it/resolve/main/generation_config.json "HTTP/1.1 200 OK"
從 falling_off_bike 尋找，共找到 45 支影片。
開始測試，隨機抽取 45 支影片進行推論...
==================================================
[1/45] 處理影片: falling_off_bike/falling_off_bike_vg4T4Ts3KdU.mp4
開始生成回答...
⏱️ 耗時: 1.49 秒
⚡ 速度: 8.05 tokens/sec (12 tokens)
🤖 模型回答:
Man riding a bike through a dusty, chaotic terrain.
------------------------------
==================================================
[2/45] 處理影片: falling_off_bike/falling_off_bike_I10wpW-lYPM.mp4
開始生成回答...
⏱️ 耗時: 1.07 秒
⚡ 速度: 8.42 tokens/sec (9 tokens)
🤖 模型回答:
Boy falls off bike in a park.
------------------------------
==================================================
[3/45] 處理影片: falling_off_bike/falling_off_bike_AxMf6X5_A3A.mp4
開始生成回答...
⏱️ 耗時: 1.09 秒
⚡ 速度: 9.14 tokens/sec (10 tokens)
🤖 模型回答:
Person riding a bicycle on a suburban street.
------------------------------
==================================================
[4/45] 處理影片: falling_off_bike/falling_off_bike_G_w2dLWeQfY.mp4
開始生成回答...
⏱️ 耗時: 1.07 秒
⚡ 速度: 8.38 tokens/sec (9 tokens)
🤖 模型回答:
Person falls off bicycle on grassy ground.
------------------------------
==================================================
[5/45] 處理影片: falling_off_bike/falling_off_bike_SocGMDzqthw.mp4
開始生成回答...
⏱️ 耗時: 1.13 秒
⚡ 速度: 10.67 tokens/sec (12 tokens)
🤖 模型回答:
Cyclist falls off bike in a chaotic street scene.
------------------------------
==================================================
[6/45] 處理影片: falling_off_bike/falling_off_bike_GcWGUxG-qYo.mp4
開始生成回答...
⏱️ 耗時: 1.10 秒
⚡ 速度: 9.11 tokens/sec (10 tokens)
🤖 模型回答:
Rider crashes spectacularly on a dirt trail.
------------------------------
==================================================
[7/45] 處理影片: falling_off_bike/falling_off_bike_6bIMrpU6ils.mp4
開始生成回答...
⏱️ 耗時: 1.08 秒
⚡ 速度: 9.28 tokens/sec (10 tokens)
🤖 模型回答:
Child riding a tricycle down a dusty road.
------------------------------
==================================================
[8/45] 處理影片: falling_off_bike/falling_off_bike_rhCVjp71CRU.mp4
開始生成回答...
⏱️ 耗時: 1.09 秒
⚡ 速度: 9.17 tokens/sec (10 tokens)
🤖 模型回答:
Motorcyclist crashes down a dirt trail.
------------------------------
==================================================
[9/45] 處理影片: falling_off_bike/falling_off_bike_W8fpOGSD_7M.mp4
開始生成回答...
⏱️ 耗時: 1.09 秒
⚡ 速度: 9.14 tokens/sec (10 tokens)
🤖 模型回答:
Person falls off bicycle, shouting "Nope!"
------------------------------
==================================================
[10/45] 處理影片: falling_off_bike/falling_off_bike_vz8oSbQi_mM.mp4
開始生成回答...
⏱️ 耗時: 1.14 秒
⚡ 速度: 10.53 tokens/sec (12 tokens)
🤖 模型回答:
Skater riding and performing tricks at a skate park.
------------------------------
==================================================
[11/45] 處理影片: falling_off_bike/falling_off_bike_qKScacoGAwE.mp4
開始生成回答...
⏱️ 耗時: 1.12 秒
⚡ 速度: 9.83 tokens/sec (11 tokens)
🤖 模型回答:
A bicycle crash in a rural, dusty street.
------------------------------
==================================================
[12/45] 處理影片: falling_off_bike/falling_off_bike_ggi3XwH4vPo.mp4
開始生成回答...
⏱️ 耗時: 1.14 秒
⚡ 速度: 10.52 tokens/sec (12 tokens)
🤖 模型回答:
Man riding a bike through a muddy, flooded area.
------------------------------
==================================================
[13/45] 處理影片: falling_off_bike/falling_off_bike_AVLCPu4UaPE.mp4
開始生成回答...
⏱️ 耗時: 1.10 秒
⚡ 速度: 9.13 tokens/sec (10 tokens)
🤖 模型回答:
Child falls off bike while attempting a trick.
------------------------------
==================================================
[14/45] 處理影片: falling_off_bike/falling_off_bike_QXlLnjld17U.mp4
開始生成回答...
⏱️ 耗時: 1.09 秒
⚡ 速度: 9.15 tokens/sec (10 tokens)
🤖 模型回答:
Child falls off bike during a learning session.
------------------------------
==================================================
[15/45] 處理影片: falling_off_bike/falling_off_bike_-c0s5FYBWTQ.mp4
開始生成回答...
⏱️ 耗時: 1.10 秒
⚡ 速度: 9.12 tokens/sec (10 tokens)
🤖 模型回答:
Child riding a bicycle down a residential street.
------------------------------
==================================================
[16/45] 處理影片: falling_off_bike/falling_off_bike_9EqDdRaHEZE.mp4
開始生成回答...
⏱️ 耗時: 1.10 秒
⚡ 速度: 8.21 tokens/sec (9 tokens)
🤖 模型回答:
Person falls off bike on flooded asphalt.
------------------------------
==================================================
[17/45] 處理影片: falling_off_bike/falling_off_bike_QcutxgXwENE.mp4
開始生成回答...
⏱️ 耗時: 1.10 秒
⚡ 速度: 9.10 tokens/sec (10 tokens)
🤖 模型回答:
Person falls off bicycle on a grassy trail.
------------------------------
==================================================
[18/45] 處理影片: falling_off_bike/falling_off_bike_WWjDVZAIxrA.mp4
開始生成回答...
⏱️ 耗時: 1.14 秒
⚡ 速度: 10.51 tokens/sec (12 tokens)
🤖 模型回答:
People riding BMX bikes in a challenging, wooded area.
------------------------------
==================================================
[19/45] 處理影片: falling_off_bike/falling_off_bike_p8Jt6ROutMo.mp4
開始生成回答...
⏱️ 耗時: 1.10 秒
⚡ 速度: 9.11 tokens/sec (10 tokens)
🤖 模型回答:
Person jumps over a muddy mound in woods.
------------------------------
==================================================
[20/45] 處理影片: falling_off_bike/falling_off_bike_GduBJtZHDGM.mp4
開始生成回答...
⏱️ 耗時: 1.10 秒
⚡ 速度: 9.96 tokens/sec (11 tokens)
🤖 模型回答:
A young man falls off a bicycle at night.
------------------------------
==================================================
[21/45] 處理影片: falling_off_bike/falling_off_bike_4kU-hbhQ9is.mp4
開始生成回答...
⏱️ 耗時: 1.06 秒
⚡ 速度: 8.49 tokens/sec (9 tokens)
🤖 模型回答:
Person riding a bicycle down a street.
------------------------------
==================================================
[22/45] 處理影片: falling_off_bike/falling_off_bike_4y0ujkNbul8.mp4
開始生成回答...
⏱️ 耗時: 1.07 秒
⚡ 速度: 9.30 tokens/sec (10 tokens)
🤖 模型回答:
Child falls off bike while learning to ride.
------------------------------
==================================================
[23/45] 處理影片: falling_off_bike/falling_off_bike_USCaphYBPOg.mp4
開始生成回答...
⏱️ 耗時: 1.09 秒
⚡ 速度: 9.14 tokens/sec (10 tokens)
🤖 模型回答:
Person falls off bicycle on a paved road.
------------------------------
==================================================
[24/45] 處理影片: falling_off_bike/falling_off_bike_Hrt2-YSJaBM.mp4
開始生成回答...
⏱️ 耗時: 1.12 秒
⚡ 速度: 9.85 tokens/sec (11 tokens)
🤖 模型回答:
Person falls off a wheelchair while riding a bike.
------------------------------
==================================================
[25/45] 處理影片: falling_off_bike/falling_off_bike__9wbSErLcT4.mp4
開始生成回答...
⏱️ 耗時: 1.15 秒
⚡ 速度: 9.61 tokens/sec (11 tokens)
🤖 模型回答:
A child is riding a bicycle down a path.
------------------------------
==================================================
[26/45] 處理影片: falling_off_bike/falling_off_bike_F5rWXJiw4Z4.mp4
開始生成回答...
⏱️ 耗時: 1.10 秒
⚡ 速度: 9.09 tokens/sec (10 tokens)
🤖 模型回答:
Mountain biker descends a muddy, wooded trail.
------------------------------
==================================================
[27/45] 處理影片: falling_off_bike/falling_off_bike_KZZ2ySZ2oC8.mp4
開始生成回答...
⏱️ 耗時: 1.11 秒
⚡ 速度: 9.93 tokens/sec (11 tokens)
🤖 模型回答:
Man falls off a small bicycle on the road.
------------------------------
==================================================
[28/45] 處理影片: falling_off_bike/falling_off_bike_ENfmLM2-ZDQ.mp4
開始生成回答...
⏱️ 耗時: 1.51 秒
⚡ 速度: 19.20 tokens/sec (29 tokens)
🤖 模型回答:
Here's a description of the main action in under 10 words:

**Cyclist struggles through flooded channel on mountain bike.**
------------------------------
==================================================
[29/45] 處理影片: falling_off_bike/falling_off_bike_YawF29t8FRY.mp4
開始生成回答...
⏱️ 耗時: 1.10 秒
⚡ 速度: 9.10 tokens/sec (10 tokens)
🤖 模型回答:
People riding bicycles through a muddy forest path.
------------------------------
==================================================
[30/45] 處理影片: falling_off_bike/falling_off_bike_Zt4pZsUXLwU.mp4
開始生成回答...
⏱️ 耗時: 1.07 秒
⚡ 速度: 9.31 tokens/sec (10 tokens)
🤖 模型回答:
A child rides a bike up a staircase.
------------------------------
==================================================
[31/45] 處理影片: falling_off_bike/falling_off_bike_Tl1a49pTtak.mp4
開始生成回答...
⏱️ 耗時: 1.09 秒
⚡ 速度: 10.05 tokens/sec (11 tokens)
🤖 模型回答:
Cyclist falls, landing hard on the pavement.
------------------------------
==================================================
[32/45] 處理影片: falling_off_bike/falling_off_bike_X5QyTM7XAjo.mp4
開始生成回答...
⏱️ 耗時: 1.07 秒
⚡ 速度: 9.31 tokens/sec (10 tokens)
🤖 模型回答:
Woman falls off bicycle in a comical way.
------------------------------
==================================================
[33/45] 處理影片: falling_off_bike/falling_off_bike_wWEnYiHzorg.mp4
開始生成回答...
⏱️ 耗時: 1.09 秒
⚡ 速度: 9.16 tokens/sec (10 tokens)
🤖 模型回答:
Child falls off bike in a muddy alley.
------------------------------
==================================================
[34/45] 處理影片: falling_off_bike/falling_off_bike_7qZvo1A3MRQ.mp4
開始生成回答...
⏱️ 耗時: 1.11 秒
⚡ 速度: 9.89 tokens/sec (11 tokens)
🤖 模型回答:
Man riding a bicycle, moving a shipping container.
------------------------------
==================================================
[35/45] 處理影片: falling_off_bike/falling_off_bike_7PcdoivSB3w.mp4
開始生成回答...
⏱️ 耗時: 1.10 秒
⚡ 速度: 10.04 tokens/sec (11 tokens)
🤖 模型回答:
Teen performs bike tricks on a cracked parking lot.
------------------------------
==================================================
[36/45] 處理影片: falling_off_bike/falling_off_bike_WGHj7LBp2t8.mp4
開始生成回答...
⏱️ 耗時: 1.07 秒
⚡ 速度: 8.40 tokens/sec (9 tokens)
🤖 模型回答:
Person falls violently through a wooden bridge.
------------------------------
==================================================
[37/45] 處理影片: falling_off_bike/falling_off_bike_W6M1Y_RYQIY.mp4
開始生成回答...
⏱️ 耗時: 1.14 秒
⚡ 速度: 10.51 tokens/sec (12 tokens)
🤖 模型回答:
Child attempts ramp, crashes, and bike breaks down.
------------------------------
==================================================
[38/45] 處理影片: falling_off_bike/falling_off_bike_0uf2P7BX1vs.mp4
開始生成回答...
⏱️ 耗時: 1.10 秒
⚡ 速度: 9.10 tokens/sec (10 tokens)
🤖 模型回答:
Man attempts a bike trick on a trampoline.
------------------------------
==================================================
[39/45] 處理影片: falling_off_bike/falling_off_bike_RluniDxJ-io.mp4
開始生成回答...
⏱️ 耗時: 1.10 秒
⚡ 速度: 9.09 tokens/sec (10 tokens)
🤖 模型回答:
Person sliding down a muddy, earthen slope.
------------------------------
==================================================
[40/45] 處理影片: falling_off_bike/falling_off_bike_u386WjrxTuM.mp4
開始生成回答...
⏱️ 耗時: 1.12 秒
⚡ 速度: 9.82 tokens/sec (11 tokens)
🤖 模型回答:
Boy falls into a pond while riding a bike.
------------------------------
==================================================
[41/45] 處理影片: falling_off_bike/falling_off_bike_GNjsTEp_J8E.mp4
開始生成回答...
⏱️ 耗時: 1.12 秒
⚡ 速度: 9.81 tokens/sec (11 tokens)
🤖 模型回答:
Person riding a bicycle on a series of tables.
------------------------------
==================================================
[42/45] 處理影片: falling_off_bike/falling_off_bike_k73Go_-hE-I.mp4
開始生成回答...
⏱️ 耗時: 1.10 秒
⚡ 速度: 9.10 tokens/sec (10 tokens)
🤖 模型回答:
Person falls off a bike after a jump.
------------------------------
==================================================
[43/45] 處理影片: falling_off_bike/falling_off_bike_puUZXLmpJKI.mp4
開始生成回答...
⏱️ 耗時: 1.06 秒
⚡ 速度: 8.52 tokens/sec (9 tokens)
🤖 模型回答:
Person falls awkwardly on grassy ground repeatedly.
------------------------------
==================================================
[44/45] 處理影片: falling_off_bike/falling_off_bike_4VpUtUGcJzE.mp4
開始生成回答...
⏱️ 耗時: 1.09 秒
⚡ 速度: 9.14 tokens/sec (10 tokens)
🤖 模型回答:
Teenagers riding bikes in a park setting.
------------------------------
==================================================
[45/45] 處理影片: falling_off_bike/falling_off_bike_0US_tIy2xAg.mp4
開始生成回答...
⏱️ 耗時: 1.16 秒
⚡ 速度: 10.36 tokens/sec (12 tokens)
🤖 模型回答:
Person riding a bike over a ramp in a yard.
------------------------------

==================== 測試總結 ====================
成功處理影片數  : 45 / 45
總耗費時間      : 50.35 秒
總生成 Tokens 數: 487
平均每支影片耗時: 1.12 秒
整體生成速度    : 9.67 tokens/sec
詳細測試結果已隨時記錄於 gemma-3-4b-it/falling_off_bike.log
