載入模型與處理器: google/gemma-3-12b-it ...
HTTP Request: HEAD https://huggingface.co/google/gemma-3-12b-it/resolve/main/processor_config.json "HTTP/1.1 200 OK"
HTTP Request: GET https://huggingface.co/api/models/google/gemma-3-12b-it/tree/main/additional_chat_templates?recursive=false&expand=false "HTTP/1.1 404 Not Found"
HTTP Request: HEAD https://huggingface.co/google/gemma-3-12b-it/resolve/main/processor_config.json "HTTP/1.1 200 OK"
HTTP Request: HEAD https://huggingface.co/google/gemma-3-12b-it/resolve/main/chat_template.json "HTTP/1.1 200 OK"
HTTP Request: HEAD https://huggingface.co/google/gemma-3-12b-it/resolve/main/chat_template.jinja "HTTP/1.1 404 Not Found"
HTTP Request: HEAD https://huggingface.co/google/gemma-3-12b-it/resolve/main/audio_tokenizer_config.json "HTTP/1.1 404 Not Found"
HTTP Request: GET https://huggingface.co/api/models/google/gemma-3-12b-it/tree/main/additional_chat_templates?recursive=false&expand=false "HTTP/1.1 404 Not Found"
HTTP Request: HEAD https://huggingface.co/google/gemma-3-12b-it/resolve/main/processor_config.json "HTTP/1.1 200 OK"
HTTP Request: HEAD https://huggingface.co/google/gemma-3-12b-it/resolve/main/chat_template.json "HTTP/1.1 200 OK"
HTTP Request: HEAD https://huggingface.co/google/gemma-3-12b-it/resolve/main/chat_template.jinja "HTTP/1.1 404 Not Found"
HTTP Request: HEAD https://huggingface.co/google/gemma-3-12b-it/resolve/main/audio_tokenizer_config.json "HTTP/1.1 404 Not Found"
HTTP Request: HEAD https://huggingface.co/google/gemma-3-12b-it/resolve/main/processor_config.json "HTTP/1.1 200 OK"
HTTP Request: HEAD https://huggingface.co/google/gemma-3-12b-it/resolve/main/preprocessor_config.json "HTTP/1.1 200 OK"
HTTP Request: HEAD https://huggingface.co/google/gemma-3-12b-it/resolve/main/processor_config.json "HTTP/1.1 200 OK"
HTTP Request: HEAD https://huggingface.co/google/gemma-3-12b-it/resolve/main/preprocessor_config.json "HTTP/1.1 200 OK"
HTTP Request: HEAD https://huggingface.co/google/gemma-3-12b-it/resolve/main/config.json "HTTP/1.1 200 OK"
HTTP Request: HEAD https://huggingface.co/google/gemma-3-12b-it/resolve/main/tokenizer_config.json "HTTP/1.1 200 OK"
HTTP Request: GET https://huggingface.co/api/models/google/gemma-3-12b-it/tree/main/additional_chat_templates?recursive=false&expand=false "HTTP/1.1 404 Not Found"
HTTP Request: GET https://huggingface.co/api/models/google/gemma-3-12b-it/tree/main?recursive=true&expand=false "HTTP/1.1 200 OK"
HTTP Request: GET https://huggingface.co/api/models/google/gemma-3-12b-it "HTTP/1.1 200 OK"
HTTP Request: HEAD https://huggingface.co/google/gemma-3-12b-it/resolve/main/config.json "HTTP/1.1 200 OK"
HTTP Request: HEAD https://huggingface.co/google/gemma-3-12b-it/resolve/main/generation_config.json "HTTP/1.1 200 OK"
從 falling_off_chair 尋找，共找到 43 支影片。
開始測試，隨機抽取 43 支影片進行推論...
==================================================
[1/43] 處理影片: falling_off_chair/falling_off_chair_fDNX6WW_6jc.mp4
開始生成回答...
⏱️ 耗時: 2.14 秒
⚡ 速度: 6.07 tokens/sec (13 tokens)
🤖 模型回答:
A person playfully throws a bucket of flowers at a chair.
------------------------------
==================================================
[2/43] 處理影片: falling_off_chair/falling_off_chair_y1OlPGzMbNA.mp4
開始生成回答...
⏱️ 耗時: 1.70 秒
⚡ 速度: 6.47 tokens/sec (11 tokens)
🤖 模型回答:
A girl playfully knocks over a chair, laughing.
------------------------------
==================================================
[3/43] 處理影片: falling_off_chair/falling_off_chair_-5hw88bD4mE.mp4
開始生成回答...
⏱️ 耗時: 1.76 秒
⚡ 速度: 6.83 tokens/sec (12 tokens)
🤖 模型回答:
A person is holding a white board in a classroom.
------------------------------
==================================================
[4/43] 處理影片: falling_off_chair/falling_off_chair_zNx9s_XbkUQ.mp4
開始生成回答...
⏱️ 耗時: 1.73 秒
⚡ 速度: 6.37 tokens/sec (11 tokens)
🤖 模型回答:
A man falls off a chair onto the grass.
------------------------------
==================================================
[5/43] 處理影片: falling_off_chair/falling_off_chair_IuWPZJHWVYA.mp4
開始生成回答...
⏱️ 耗時: 1.74 秒
⚡ 速度: 6.89 tokens/sec (12 tokens)
🤖 模型回答:
A woman playfully flips a child on a playground structure.
------------------------------
==================================================
[6/43] 處理影片: falling_off_chair/falling_off_chair_QQmQnfEXdOE.mp4
開始生成回答...
⏱️ 耗時: 1.77 秒
⚡ 速度: 6.78 tokens/sec (12 tokens)
🤖 模型回答:
A person is lying on a bed near a desk.
------------------------------
==================================================
[7/43] 處理影片: falling_off_chair/falling_off_chair_cGbA0ZsJ-tU.mp4
開始生成回答...
⏱️ 耗時: 1.80 秒
⚡ 速度: 7.24 tokens/sec (13 tokens)
🤖 模型回答:
A man and woman playfully fall while sitting on a chair.
------------------------------
==================================================
[8/43] 處理影片: falling_off_chair/falling_off_chair_XXN3CgCyEx4.mp4
開始生成回答...
⏱️ 耗時: 1.72 秒
⚡ 速度: 6.38 tokens/sec (11 tokens)
🤖 模型回答:
A person playfully throws a trash can and falls.
------------------------------
==================================================
[9/43] 處理影片: falling_off_chair/falling_off_chair_5xlTi_-c7NY.mp4
開始生成回答...
⏱️ 耗時: 1.71 秒
⚡ 速度: 6.45 tokens/sec (11 tokens)
🤖 模型回答:
A person falls from a chair onto a mat.
------------------------------
==================================================
[10/43] 處理影片: falling_off_chair/falling_off_chair_sl_oBU2ukJ8.mp4
開始生成回答...
⏱️ 耗時: 1.76 秒
⚡ 速度: 6.82 tokens/sec (12 tokens)
🤖 模型回答:
A physical altercation occurs between two men in a room.
------------------------------
==================================================
[11/43] 處理影片: falling_off_chair/falling_off_chair_t3N44ZENWIQ.mp4
開始生成回答...
⏱️ 耗時: 1.68 秒
⚡ 速度: 5.94 tokens/sec (10 tokens)
🤖 模型回答:
A person collapses and falls to the floor.
------------------------------
==================================================
[12/43] 處理影片: falling_off_chair/falling_off_chair_tCZvKt-dKdY.mp4
開始生成回答...
⏱️ 耗時: 1.70 秒
⚡ 速度: 6.47 tokens/sec (11 tokens)
🤖 模型回答:
A child playfully crawls and reaches under a table.
------------------------------
==================================================
[13/43] 處理影片: falling_off_chair/falling_off_chair_gCqTxLReCus.mp4
開始生成回答...
⏱️ 耗時: 1.76 秒
⚡ 速度: 6.81 tokens/sec (12 tokens)
🤖 模型回答:
A person is jumping and reaching up in a room.
------------------------------
==================================================
[14/43] 處理影片: falling_off_chair/falling_off_chair_WD87x58wRsE.mp4
開始生成回答...
⏱️ 耗時: 2.45 秒
⚡ 速度: 12.67 tokens/sec (31 tokens)
🤖 模型回答:
Here's a description of the main action in under 10 words:

A person balances on a stool while another playfully interacts with them.
------------------------------
==================================================
[15/43] 處理影片: falling_off_chair/falling_off_chair_Zi0fm17UBZE.mp4
開始生成回答...
⏱️ 耗時: 2.45 秒
⚡ 速度: 12.64 tokens/sec (31 tokens)
🤖 模型回答:
Here's a description of the main action in under 10 words:

**Multiple individuals appear to be assaulting a person on the floor.**
------------------------------
==================================================
[16/43] 處理影片: falling_off_chair/falling_off_chair_vSyIph8s85U.mp4
開始生成回答...
⏱️ 耗時: 1.72 秒
⚡ 速度: 6.40 tokens/sec (11 tokens)
🤖 模型回答:
A person playfully throws a baby in the air.
------------------------------
==================================================
[17/43] 處理影片: falling_off_chair/falling_off_chair_kKhCkAkz1vk.mp4
開始生成回答...
⏱️ 耗時: 1.81 秒
⚡ 速度: 7.72 tokens/sec (14 tokens)
🤖 模型回答:
A girl jumps off a stool, playfully interacting with a child.
------------------------------
==================================================
[18/43] 處理影片: falling_off_chair/falling_off_chair_p8o6EkXONhc.mp4
開始生成回答...
⏱️ 耗時: 1.77 秒
⚡ 速度: 6.76 tokens/sec (12 tokens)
🤖 模型回答:
A person is being lifted and carried by another person.
------------------------------
==================================================
[19/43] 處理影片: falling_off_chair/falling_off_chair_qkCEuMm9vnY.mp4
開始生成回答...
⏱️ 耗時: 1.81 秒
⚡ 速度: 7.19 tokens/sec (13 tokens)
🤖 模型回答:
A person is vandalizing a car with a metal object.
------------------------------
==================================================
[20/43] 處理影片: falling_off_chair/falling_off_chair_GotjwB_SgI0.mp4
開始生成回答...
⏱️ 耗時: 2.41 秒
⚡ 速度: 12.47 tokens/sec (30 tokens)
🤖 模型回答:
Here's a description of the main action in under 10 words:

Two people are embracing and kissing in a dimly lit room.
------------------------------
==================================================
[21/43] 處理影片: falling_off_chair/falling_off_chair_q6b9VXig4e0.mp4
開始生成回答...
⏱️ 耗時: 1.75 秒
⚡ 速度: 6.87 tokens/sec (12 tokens)
🤖 模型回答:
Three men playfully interact with a white stool on stage.
------------------------------
==================================================
[22/43] 處理影片: falling_off_chair/falling_off_chair_fxKsubHkXMc.mp4
開始生成回答...
⏱️ 耗時: 1.77 秒
⚡ 速度: 6.77 tokens/sec (12 tokens)
🤖 模型回答:
A person jumps, knocking over chairs and a table.
------------------------------
==================================================
[23/43] 處理影片: falling_off_chair/falling_off_chair_-tTBQvmKfEs.mp4
開始生成回答...
⏱️ 耗時: 1.81 秒
⚡ 速度: 7.19 tokens/sec (13 tokens)
🤖 模型回答:
A man falls off a yellow chair in a comical way.
------------------------------
==================================================
[24/43] 處理影片: falling_off_chair/falling_off_chair_8LsomoWHlK0.mp4
開始生成回答...
⏱️ 耗時: 1.73 秒
⚡ 速度: 6.36 tokens/sec (11 tokens)
🤖 模型回答:
A person falls from a chair onto the floor.
------------------------------
==================================================
[25/43] 處理影片: falling_off_chair/falling_off_chair_3Jd_MXqwIKc.mp4
開始生成回答...
⏱️ 耗時: 1.77 秒
⚡ 速度: 6.78 tokens/sec (12 tokens)
🤖 模型回答:
A person is knocking over a chair in an office.
------------------------------
==================================================
[26/43] 處理影片: falling_off_chair/falling_off_chair_6Bkk_IljKP4.mp4
開始生成回答...
⏱️ 耗時: 1.73 秒
⚡ 速度: 6.36 tokens/sec (11 tokens)
🤖 模型回答:
A man violently attacks another man while seated outdoors.
------------------------------
==================================================
[27/43] 處理影片: falling_off_chair/falling_off_chair_uG1ZPoaMync.mp4
開始生成回答...
⏱️ 耗時: 1.77 秒
⚡ 速度: 6.79 tokens/sec (12 tokens)
🤖 模型回答:
A man in a Viking helmet falls down a staircase.
------------------------------
==================================================
[28/43] 處理影片: falling_off_chair/falling_off_chair_twnAqdZkDZ8.mp4
開始生成回答...
⏱️ 耗時: 1.74 秒
⚡ 速度: 6.90 tokens/sec (12 tokens)
🤖 模型回答:
Two young men playfully wrestle and playfully shove each other.
------------------------------
==================================================
[29/43] 處理影片: falling_off_chair/falling_off_chair_3Ctreec2zrQ.mp4
開始生成回答...
⏱️ 耗時: 2.42 秒
⚡ 速度: 12.41 tokens/sec (30 tokens)
🤖 模型回答:
Here's a description of the main action in under 10 words:

Two men playfully knock over chairs and fall to the floor.
------------------------------
==================================================
[30/43] 處理影片: falling_off_chair/falling_off_chair_W2237TK0wcI.mp4
開始生成回答...
⏱️ 耗時: 1.72 秒
⚡ 速度: 6.39 tokens/sec (11 tokens)
🤖 模型回答:
A child falls off a chair onto the floor.
------------------------------
==================================================
[31/43] 處理影片: falling_off_chair/falling_off_chair_0xJzTTPKfXo.mp4
開始生成回答...
⏱️ 耗時: 1.77 秒
⚡ 速度: 7.32 tokens/sec (13 tokens)
🤖 模型回答:
A person playfully wrestles with a dog on the floor.
------------------------------
==================================================
[32/43] 處理影片: falling_off_chair/falling_off_chair_kwh65tVZyik.mp4
開始生成回答...
⏱️ 耗時: 1.74 秒
⚡ 速度: 6.90 tokens/sec (12 tokens)
🤖 模型回答:
A person jumps and falls, appearing to be injured.
------------------------------
==================================================
[33/43] 處理影片: falling_off_chair/falling_off_chair_1RZYhr6hly4.mp4
開始生成回答...
⏱️ 耗時: 1.70 秒
⚡ 速度: 5.90 tokens/sec (10 tokens)
🤖 模型回答:
A toddler is playfully climbing and exploring furniture.
------------------------------
==================================================
[34/43] 處理影片: falling_off_chair/falling_off_chair_y7GOcGQqVYM.mp4
開始生成回答...
⏱️ 耗時: 1.73 秒
⚡ 速度: 6.37 tokens/sec (11 tokens)
🤖 模型回答:
A student appears to be playfully hitting a table.
------------------------------
==================================================
[35/43] 處理影片: falling_off_chair/falling_off_chair_YqW9B4aedKE.mp4
開始生成回答...
⏱️ 耗時: 1.73 秒
⚡ 速度: 6.37 tokens/sec (11 tokens)
🤖 模型回答:
A man knocks over a chair and some items.
------------------------------
==================================================
[36/43] 處理影片: falling_off_chair/falling_off_chair_XMKm4hjLFXk.mp4
開始生成回答...
⏱️ 耗時: 2.38 秒
⚡ 速度: 12.21 tokens/sec (29 tokens)
🤖 模型回答:
Here's a description of the main action in under 10 words:

Two individuals appear to be engaged in a physical altercation.
------------------------------
==================================================
[37/43] 處理影片: falling_off_chair/falling_off_chair_f6ZwvW_FD7U.mp4
開始生成回答...
⏱️ 耗時: 1.82 秒
⚡ 速度: 7.71 tokens/sec (14 tokens)
🤖 模型回答:
A person is playfully hitting another with a rolled-up magazine.
------------------------------
==================================================
[38/43] 處理影片: falling_off_chair/falling_off_chair_f2nOuIPchP8.mp4
開始生成回答...
⏱️ 耗時: 1.73 秒
⚡ 速度: 6.35 tokens/sec (11 tokens)
🤖 模型回答:
A girl playfully moves around the camera, smiling.
------------------------------
==================================================
[39/43] 處理影片: falling_off_chair/falling_off_chair_N516jor-Y5I.mp4
開始生成回答...
⏱️ 耗時: 1.81 秒
⚡ 速度: 7.20 tokens/sec (13 tokens)
🤖 模型回答:
A person sits in a chair in front of a laptop.
------------------------------
==================================================
[40/43] 處理影片: falling_off_chair/falling_off_chair_l3U5BF9jUa4.mp4
開始生成回答...
⏱️ 耗時: 1.78 秒
⚡ 速度: 7.32 tokens/sec (13 tokens)
🤖 模型回答:
A person performs a backflip near shelves and a camera.
------------------------------
==================================================
[41/43] 處理影片: falling_off_chair/falling_off_chair_wNk1F7W5LIQ.mp4
開始生成回答...
⏱️ 耗時: 1.72 秒
⚡ 速度: 6.41 tokens/sec (11 tokens)
🤖 模型回答:
Man in dental chair throws a toilet paper roll.
------------------------------
==================================================
[42/43] 處理影片: falling_off_chair/falling_off_chair_xFFQRtKizJk.mp4
開始生成回答...
⏱️ 耗時: 1.74 秒
⚡ 速度: 6.33 tokens/sec (11 tokens)
🤖 模型回答:
A person playfully throws shoes at another seated person.
------------------------------
==================================================
[43/43] 處理影片: falling_off_chair/falling_off_chair_06u5p4FNohA.mp4
開始生成回答...
⏱️ 耗時: 1.77 秒
⚡ 速度: 6.78 tokens/sec (12 tokens)
🤖 模型回答:
A person is playfully diving into a pile of clothes.
------------------------------

==================== 測試總結 ====================
成功處理影片數  : 43 / 43
總耗費時間      : 78.98 秒
總生成 Tokens 數: 600
平均每支影片耗時: 1.84 秒
整體生成速度    : 7.60 tokens/sec
詳細測試結果已隨時記錄於 gemma-3-12b-it/falling_off_chair.log
