載入模型與處理器: google/gemma-3-12b-it ...
HTTP Request: HEAD https://huggingface.co/google/gemma-3-12b-it/resolve/main/processor_config.json "HTTP/1.1 200 OK"
HTTP Request: GET https://huggingface.co/api/models/google/gemma-3-12b-it/tree/main/additional_chat_templates?recursive=false&expand=false "HTTP/1.1 404 Not Found"
HTTP Request: HEAD https://huggingface.co/google/gemma-3-12b-it/resolve/main/processor_config.json "HTTP/1.1 200 OK"
HTTP Request: HEAD https://huggingface.co/google/gemma-3-12b-it/resolve/main/chat_template.json "HTTP/1.1 200 OK"
HTTP Request: HEAD https://huggingface.co/google/gemma-3-12b-it/resolve/main/chat_template.jinja "HTTP/1.1 404 Not Found"
HTTP Request: HEAD https://huggingface.co/google/gemma-3-12b-it/resolve/main/audio_tokenizer_config.json "HTTP/1.1 404 Not Found"
HTTP Request: GET https://huggingface.co/api/models/google/gemma-3-12b-it/tree/main/additional_chat_templates?recursive=false&expand=false "HTTP/1.1 404 Not Found"
HTTP Request: HEAD https://huggingface.co/google/gemma-3-12b-it/resolve/main/processor_config.json "HTTP/1.1 200 OK"
HTTP Request: HEAD https://huggingface.co/google/gemma-3-12b-it/resolve/main/chat_template.json "HTTP/1.1 200 OK"
HTTP Request: HEAD https://huggingface.co/google/gemma-3-12b-it/resolve/main/chat_template.jinja "HTTP/1.1 404 Not Found"
HTTP Request: HEAD https://huggingface.co/google/gemma-3-12b-it/resolve/main/audio_tokenizer_config.json "HTTP/1.1 404 Not Found"
HTTP Request: HEAD https://huggingface.co/google/gemma-3-12b-it/resolve/main/processor_config.json "HTTP/1.1 200 OK"
HTTP Request: HEAD https://huggingface.co/google/gemma-3-12b-it/resolve/main/preprocessor_config.json "HTTP/1.1 200 OK"
HTTP Request: HEAD https://huggingface.co/google/gemma-3-12b-it/resolve/main/processor_config.json "HTTP/1.1 200 OK"
HTTP Request: HEAD https://huggingface.co/google/gemma-3-12b-it/resolve/main/preprocessor_config.json "HTTP/1.1 200 OK"
HTTP Request: HEAD https://huggingface.co/google/gemma-3-12b-it/resolve/main/config.json "HTTP/1.1 200 OK"
HTTP Request: HEAD https://huggingface.co/google/gemma-3-12b-it/resolve/main/tokenizer_config.json "HTTP/1.1 200 OK"
HTTP Request: GET https://huggingface.co/api/models/google/gemma-3-12b-it/tree/main/additional_chat_templates?recursive=false&expand=false "HTTP/1.1 404 Not Found"
HTTP Request: GET https://huggingface.co/api/models/google/gemma-3-12b-it/tree/main?recursive=true&expand=false "HTTP/1.1 200 OK"
HTTP Request: GET https://huggingface.co/api/models/google/gemma-3-12b-it "HTTP/1.1 200 OK"
HTTP Request: HEAD https://huggingface.co/google/gemma-3-12b-it/resolve/main/config.json "HTTP/1.1 200 OK"
HTTP Request: HEAD https://huggingface.co/google/gemma-3-12b-it/resolve/main/generation_config.json "HTTP/1.1 200 OK"
從 falling_off_bike 尋找，共找到 45 支影片。
開始測試，隨機抽取 45 支影片進行推論...
==================================================
[1/45] 處理影片: falling_off_bike/falling_off_bike_0US_tIy2xAg.mp4
開始生成回答...
⏱️ 耗時: 2.16 秒
⚡ 速度: 6.02 tokens/sec (13 tokens)
🤖 模型回答:
A person on a BMX bike performs tricks over a ramp.
------------------------------
==================================================
[2/45] 處理影片: falling_off_bike/falling_off_bike_AxMf6X5_A3A.mp4
開始生成回答...
⏱️ 耗時: 1.81 秒
⚡ 速度: 7.20 tokens/sec (13 tokens)
🤖 模型回答:
A person on a bicycle performs a wheelie and falls.
------------------------------
==================================================
[3/45] 處理影片: falling_off_bike/falling_off_bike_QcutxgXwENE.mp4
開始生成回答...
⏱️ 耗時: 1.83 秒
⚡ 速度: 7.66 tokens/sec (14 tokens)
🤖 模型回答:
A cyclist crashes on a dirt path, falling off their bike.
------------------------------
==================================================
[4/45] 處理影片: falling_off_bike/falling_off_bike_G_w2dLWeQfY.mp4
開始生成回答...
⏱️ 耗時: 1.77 秒
⚡ 速度: 6.77 tokens/sec (12 tokens)
🤖 模型回答:
Two people on bikes collide and fall onto the grass.
------------------------------
==================================================
[5/45] 處理影片: falling_off_bike/falling_off_bike_F5rWXJiw4Z4.mp4
開始生成回答...
⏱️ 耗時: 1.74 秒
⚡ 速度: 6.89 tokens/sec (12 tokens)
🤖 模型回答:
A mountain biker descends a winding trail through a forest.
------------------------------
==================================================
[6/45] 處理影片: falling_off_bike/falling_off_bike_AVLCPu4UaPE.mp4
開始生成回答...
⏱️ 耗時: 1.80 秒
⚡ 速度: 7.22 tokens/sec (13 tokens)
🤖 模型回答:
A young boy falls off his bicycle while attempting a turn.
------------------------------
==================================================
[7/45] 處理影片: falling_off_bike/falling_off_bike_WWjDVZAIxrA.mp4
開始生成回答...
⏱️ 耗時: 1.77 秒
⚡ 速度: 6.78 tokens/sec (12 tokens)
🤖 模型回答:
A cyclist attempts a wheelie and crashes into bushes.
------------------------------
==================================================
[8/45] 處理影片: falling_off_bike/falling_off_bike_GNjsTEp_J8E.mp4
開始生成回答...
⏱️ 耗時: 1.77 秒
⚡ 速度: 6.78 tokens/sec (12 tokens)
🤖 模型回答:
A person rides a bicycle across a makeshift wooden bridge.
------------------------------
==================================================
[9/45] 處理影片: falling_off_bike/falling_off_bike_W8fpOGSD_7M.mp4
開始生成回答...
⏱️ 耗時: 1.73 秒
⚡ 速度: 6.36 tokens/sec (11 tokens)
🤖 模型回答:
A person falls off a bicycle onto the pavement.
------------------------------
==================================================
[10/45] 處理影片: falling_off_bike/falling_off_bike_Zt4pZsUXLwU.mp4
開始生成回答...
⏱️ 耗時: 1.81 秒
⚡ 速度: 7.20 tokens/sec (13 tokens)
🤖 模型回答:
A man riding a bike falls down a set of stairs.
------------------------------
==================================================
[11/45] 處理影片: falling_off_bike/falling_off_bike_9EqDdRaHEZE.mp4
開始生成回答...
⏱️ 耗時: 1.76 秒
⚡ 速度: 6.82 tokens/sec (12 tokens)
🤖 模型回答:
A cyclist attempts a trick and crashes into a turtle.
------------------------------
==================================================
[12/45] 處理影片: falling_off_bike/falling_off_bike_GduBJtZHDGM.mp4
開始生成回答...
⏱️ 耗時: 1.79 秒
⚡ 速度: 7.25 tokens/sec (13 tokens)
🤖 模型回答:
A person performs a wheelie on a bicycle at night.
------------------------------
==================================================
[13/45] 處理影片: falling_off_bike/falling_off_bike_p8Jt6ROutMo.mp4
開始生成回答...
⏱️ 耗時: 1.81 秒
⚡ 速度: 7.73 tokens/sec (14 tokens)
🤖 模型回答:
A person on a dirt bike crashes into a pile of dirt.
------------------------------
==================================================
[14/45] 處理影片: falling_off_bike/falling_off_bike_QXlLnjld17U.mp4
開始生成回答...
⏱️ 耗時: 1.77 秒
⚡ 速度: 6.79 tokens/sec (12 tokens)
🤖 模型回答:
A boy falls off his bike while learning to ride.
------------------------------
==================================================
[15/45] 處理影片: falling_off_bike/falling_off_bike_wWEnYiHzorg.mp4
開始生成回答...
⏱️ 耗時: 1.79 秒
⚡ 速度: 7.24 tokens/sec (13 tokens)
🤖 模型回答:
A young boy falls off his bike in a narrow alley.
------------------------------
==================================================
[16/45] 處理影片: falling_off_bike/falling_off_bike_-c0s5FYBWTQ.mp4
開始生成回答...
⏱️ 耗時: 1.70 秒
⚡ 速度: 6.45 tokens/sec (11 tokens)
🤖 模型回答:
A child on a bicycle crashes into a bush.
------------------------------
==================================================
[17/45] 處理影片: falling_off_bike/falling_off_bike_Hrt2-YSJaBM.mp4
開始生成回答...
⏱️ 耗時: 1.69 秒
⚡ 速度: 5.91 tokens/sec (10 tokens)
🤖 模型回答:
A cyclist crashes while attempting a ramp trick.
------------------------------
==================================================
[18/45] 處理影片: falling_off_bike/falling_off_bike_SocGMDzqthw.mp4
開始生成回答...
⏱️ 耗時: 2.34 秒
⚡ 速度: 11.96 tokens/sec (28 tokens)
🤖 模型回答:
Here's a description of the main action in under 10 words:

Cyclist crashes after being hit by a car.
------------------------------
==================================================
[19/45] 處理影片: falling_off_bike/falling_off_bike__9wbSErLcT4.mp4
開始生成回答...
⏱️ 耗時: 1.72 秒
⚡ 速度: 6.39 tokens/sec (11 tokens)
🤖 模型回答:
A child rides a bike down a narrow path.
------------------------------
==================================================
[20/45] 處理影片: falling_off_bike/falling_off_bike_4kU-hbhQ9is.mp4
開始生成回答...
⏱️ 耗時: 1.63 秒
⚡ 速度: 5.51 tokens/sec (9 tokens)
🤖 模型回答:
A cyclist crashes into a parked car.
------------------------------
==================================================
[21/45] 處理影片: falling_off_bike/falling_off_bike_USCaphYBPOg.mp4
開始生成回答...
⏱️ 耗時: 1.81 秒
⚡ 速度: 7.20 tokens/sec (13 tokens)
🤖 模型回答:
A person attempts a wheelie on a bicycle and falls.
------------------------------
==================================================
[22/45] 處理影片: falling_off_bike/falling_off_bike_4VpUtUGcJzE.mp4
開始生成回答...
⏱️ 耗時: 1.86 秒
⚡ 速度: 8.05 tokens/sec (15 tokens)
🤖 模型回答:
Several BMX riders perform tricks, one crashes, and bikes are scattered.
------------------------------
==================================================
[23/45] 處理影片: falling_off_bike/falling_off_bike_Tl1a49pTtak.mp4
開始生成回答...
⏱️ 耗時: 1.83 秒
⚡ 速度: 7.66 tokens/sec (14 tokens)
🤖 模型回答:
A cyclist crashes on a paved surface, falling to the ground.
------------------------------
==================================================
[24/45] 處理影片: falling_off_bike/falling_off_bike_I10wpW-lYPM.mp4
開始生成回答...
⏱️ 耗時: 1.77 秒
⚡ 速度: 6.80 tokens/sec (12 tokens)
🤖 模型回答:
A boy falls off his bike in a grassy park.
------------------------------
==================================================
[25/45] 處理影片: falling_off_bike/falling_off_bike_X5QyTM7XAjo.mp4
開始生成回答...
⏱️ 耗時: 1.73 秒
⚡ 速度: 6.37 tokens/sec (11 tokens)
🤖 模型回答:
A cyclist falls off her bike near a pole.
------------------------------
==================================================
[26/45] 處理影片: falling_off_bike/falling_off_bike_vz8oSbQi_mM.mp4
開始生成回答...
⏱️ 耗時: 1.70 秒
⚡ 速度: 5.90 tokens/sec (10 tokens)
🤖 模型回答:
A cyclist attempts a ramp jump and crashes.
------------------------------
==================================================
[27/45] 處理影片: falling_off_bike/falling_off_bike_ENfmLM2-ZDQ.mp4
開始生成回答...
⏱️ 耗時: 1.76 秒
⚡ 速度: 6.81 tokens/sec (12 tokens)
🤖 模型回答:
Mountain biker attempts a jump and falls into the water.
------------------------------
==================================================
[28/45] 處理影片: falling_off_bike/falling_off_bike_0uf2P7BX1vs.mp4
開始生成回答...
⏱️ 耗時: 1.79 秒
⚡ 速度: 7.25 tokens/sec (13 tokens)
🤖 模型回答:
A man attempts a bike trick on a trampoline and falls.
------------------------------
==================================================
[29/45] 處理影片: falling_off_bike/falling_off_bike_6bIMrpU6ils.mp4
開始生成回答...
⏱️ 耗時: 1.72 秒
⚡ 速度: 6.40 tokens/sec (11 tokens)
🤖 模型回答:
A person rides a homemade tricycle down a hill.
------------------------------
==================================================
[30/45] 處理影片: falling_off_bike/falling_off_bike_puUZXLmpJKI.mp4
開始生成回答...
⏱️ 耗時: 1.67 秒
⚡ 速度: 5.99 tokens/sec (10 tokens)
🤖 模型回答:
Person falls on grass with a bicycle nearby.
------------------------------
==================================================
[31/45] 處理影片: falling_off_bike/falling_off_bike_RluniDxJ-io.mp4
開始生成回答...
⏱️ 耗時: 1.80 秒
⚡ 速度: 7.22 tokens/sec (13 tokens)
🤖 模型回答:
A person on a motorbike kicks up a large dust cloud.
------------------------------
==================================================
[32/45] 處理影片: falling_off_bike/falling_off_bike_GcWGUxG-qYo.mp4
開始生成回答...
⏱️ 耗時: 1.77 秒
⚡ 速度: 7.33 tokens/sec (13 tokens)
🤖 模型回答:
A cyclist crashes into the bushes, falling off their bike.
------------------------------
==================================================
[33/45] 處理影片: falling_off_bike/falling_off_bike_qKScacoGAwE.mp4
開始生成回答...
⏱️ 耗時: 1.78 秒
⚡ 速度: 6.76 tokens/sec (12 tokens)
🤖 模型回答:
A man on a bicycle performs a stunt and crashes.
------------------------------
==================================================
[34/45] 處理影片: falling_off_bike/falling_off_bike_KZZ2ySZ2oC8.mp4
開始生成回答...
⏱️ 耗時: 1.77 秒
⚡ 速度: 6.77 tokens/sec (12 tokens)
🤖 模型回答:
A man falls off a small bicycle on a street.
------------------------------
==================================================
[35/45] 處理影片: falling_off_bike/falling_off_bike_7qZvo1A3MRQ.mp4
開始生成回答...
⏱️ 耗時: 1.77 秒
⚡ 速度: 6.80 tokens/sec (12 tokens)
🤖 模型回答:
A man on a bike knocks over a shipping container.
------------------------------
==================================================
[36/45] 處理影片: falling_off_bike/falling_off_bike_u386WjrxTuM.mp4
開始生成回答...
⏱️ 耗時: 1.79 秒
⚡ 速度: 7.28 tokens/sec (13 tokens)
🤖 模型回答:
A person on a bike falls into a body of water.
------------------------------
==================================================
[37/45] 處理影片: falling_off_bike/falling_off_bike_4y0ujkNbul8.mp4
開始生成回答...
⏱️ 耗時: 1.77 秒
⚡ 速度: 6.78 tokens/sec (12 tokens)
🤖 模型回答:
A child falls off a bike while attempting a ramp.
------------------------------
==================================================
[38/45] 處理影片: falling_off_bike/falling_off_bike_W6M1Y_RYQIY.mp4
開始生成回答...
⏱️ 耗時: 1.74 秒
⚡ 速度: 6.33 tokens/sec (11 tokens)
🤖 模型回答:
A young boy attempts a bike stunt and falls.
------------------------------
==================================================
[39/45] 處理影片: falling_off_bike/falling_off_bike_rhCVjp71CRU.mp4
開始生成回答...
⏱️ 耗時: 1.81 秒
⚡ 速度: 7.18 tokens/sec (13 tokens)
🤖 模型回答:
A motorcyclist crashes on a dirt path in the woods.
------------------------------
==================================================
[40/45] 處理影片: falling_off_bike/falling_off_bike_YawF29t8FRY.mp4
開始生成回答...
⏱️ 耗時: 1.73 秒
⚡ 速度: 6.34 tokens/sec (11 tokens)
🤖 模型回答:
A person on a bicycle crashes into a tree.
------------------------------
==================================================
[41/45] 處理影片: falling_off_bike/falling_off_bike_vg4T4Ts3KdU.mp4
開始生成回答...
⏱️ 耗時: 1.73 秒
⚡ 速度: 6.35 tokens/sec (11 tokens)
🤖 模型回答:
Man on a BMX bike crashes spectacularly in dirt.
------------------------------
==================================================
[42/45] 處理影片: falling_off_bike/falling_off_bike_k73Go_-hE-I.mp4
開始生成回答...
⏱️ 耗時: 1.81 秒
⚡ 速度: 7.19 tokens/sec (13 tokens)
🤖 模型回答:
A person on a BMX bike crashes after attempting a ramp.
------------------------------
==================================================
[43/45] 處理影片: falling_off_bike/falling_off_bike_ggi3XwH4vPo.mp4
開始生成回答...
⏱️ 耗時: 1.83 秒
⚡ 速度: 7.63 tokens/sec (14 tokens)
🤖 模型回答:
A person on a bike rides across a muddy, makeshift bridge.
------------------------------
==================================================
[44/45] 處理影片: falling_off_bike/falling_off_bike_7PcdoivSB3w.mp4
開始生成回答...
⏱️ 耗時: 1.81 秒
⚡ 速度: 7.20 tokens/sec (13 tokens)
🤖 模型回答:
A boy on a BMX bike attempts a trick and falls.
------------------------------
==================================================
[45/45] 處理影片: falling_off_bike/falling_off_bike_WGHj7LBp2t8.mp4
開始生成回答...
⏱️ 耗時: 1.76 秒
⚡ 速度: 6.80 tokens/sec (12 tokens)
🤖 模型回答:
A person falls while riding a bicycle on a path.
------------------------------

==================== 測試總結 ====================
成功處理影片數  : 45 / 45
總耗費時間      : 80.50 秒
總生成 Tokens 數: 564
平均每支影片耗時: 1.79 秒
整體生成速度    : 7.01 tokens/sec
詳細測試結果已隨時記錄於 gemma-3-12b-it/falling_off_bike.log
